Warning: Cannot symlink from /home/kotoya/vs_ws/devel/.private/ur_kinematics/share/ur_kinematics/cmake/ur_kinematicsConfig.cmake to existing file /home/kotoya/vs_ws/devel/share/ur_kinematics/cmake/ur_kinematicsConfig.cmake
Warning: Source hash: 91ba8f20e05d1bbae078d805809f8cec
Warning: Dest hash: 5bb1846a104bd2448448d07809051d45
Warning: Cannot symlink from /home/kotoya/vs_ws/devel/.private/ur_kinematics/share/ur_kinematics/cmake/ur_kinematicsConfig-version.cmake to existing file /home/kotoya/vs_ws/devel/share/ur_kinematics/cmake/ur_kinematicsConfig-version.cmake
Warning: Source hash: 64720144e5cc12408ca27b6738e9f64c
Warning: Dest hash: 5bca6c1a69f35e2cc2847d70d35aa9e4
Warning: Cannot symlink from /home/kotoya/vs_ws/devel/.private/ur_kinematics/lib/libur16e_moveit_plugin.so to existing file /home/kotoya/vs_ws/devel/lib/libur16e_moveit_plugin.so
Warning: Source hash: a3ea9a375782b15a294021e302cfa628
Warning: Dest hash: ef19ddd4f533a2c762943fdf27f426c3
Warning: Cannot symlink from /home/kotoya/vs_ws/devel/.private/ur_kinematics/lib/libur5_moveit_plugin.so to existing file /home/kotoya/vs_ws/devel/lib/libur5_moveit_plugin.so
Warning: Source hash: 67ab21cf4af7ab688f9d45167b97a29c
Warning: Dest hash: 84d70444d3e45b4dc98c030a2387ff10
Warning: Cannot symlink from /home/kotoya/vs_ws/devel/.private/ur_kinematics/lib/libur3_moveit_plugin.so to existing file /home/kotoya/vs_ws/devel/lib/libur3_moveit_plugin.so
Warning: Source hash: a231fe5fb99cbd89081b72f11d488626
Warning: Dest hash: f356176c06de38f10157f64b7acaacb5
Warning: Cannot symlink from /home/kotoya/vs_ws/devel/.private/ur_kinematics/lib/libur3e_moveit_plugin.so to existing file /home/kotoya/vs_ws/devel/lib/libur3e_moveit_plugin.so
Warning: Source hash: 55f230c0d2b8554f9c3785ee481922af
Warning: Dest hash: e9a71190a33872bfcf9a7439f659ddf8
Warning: Cannot symlink from /home/kotoya/vs_ws/devel/.private/ur_kinematics/lib/libur5e_moveit_plugin.so to existing file /home/kotoya/vs_ws/devel/lib/libur5e_moveit_plugin.so
Warning: Source hash: df3207cec49096c8538c07ca05d7752d
Warning: Dest hash: 9515145bbe55d1d742d567dda8577982
Warning: Cannot symlink from /home/kotoya/vs_ws/devel/.private/ur_kinematics/lib/libur10e_moveit_plugin.so to existing file /home/kotoya/vs_ws/devel/lib/libur10e_moveit_plugin.so
Warning: Source hash: 2185509ee8baff6ab025cd11a7f05c81
Warning: Dest hash: 985759c525ee1d07ef8e536b4abf01a4
Warning: Cannot symlink from /home/kotoya/vs_ws/devel/.private/ur_kinematics/lib/libur10_moveit_plugin.so to existing file /home/kotoya/vs_ws/devel/lib/libur10_moveit_plugin.so
Warning: Source hash: 5954be038680618ddf2581482a42a87e
Warning: Dest hash: ce1080768f5ef04bc6bf055350177579
Warning: Cannot symlink from /home/kotoya/vs_ws/devel/.private/ur_kinematics/lib/pkgconfig/ur_kinematics.pc to existing file /home/kotoya/vs_ws/devel/lib/pkgconfig/ur_kinematics.pc
Warning: Source hash: 5e59d97e22248b1b1b10c6b61cf84c13
Warning: Dest hash: d02949076c4e4fd8829fca62ea91e97c
Warning: Cannot symlink from /home/kotoya/vs_ws/devel/.private/ur_kinematics/lib/python3/dist-packages/ur_kinematics/__init__.py to existing file /home/kotoya/vs_ws/devel/lib/python3/dist-packages/ur_kinematics/__init__.py
Warning: Source hash: d84e301d0446914cba53398c17f3389d
Warning: Dest hash: f036f74ed684613521c5e41b6130d7e6
