[35m[1mScanning dependencies of target _moveit_tutorials_generate_messages_check_deps_ValidJointsFeedback[0m
[35m[1mScanning dependencies of target _moveit_tutorials_generate_messages_check_deps_GettfPose[0m
[35m[1mScanning dependencies of target _moveit_tutorials_generate_messages_check_deps_GetCurrentImageData[0m
[35m[1mScanning dependencies of target _moveit_tutorials_generate_messages_check_deps_EmptyActionGoal[0m
[35m[1mScanning dependencies of target _moveit_tutorials_generate_messages_check_deps_GetCurrentImage[0m
[35m[1mScanning dependencies of target _moveit_tutorials_generate_messages_check_deps_ValidJointsActionGoal[0m
[35m[1mScanning dependencies of target sensor_msgs_generate_messages_cpp[0m
[35m[1mScanning dependencies of target _moveit_tutorials_generate_messages_check_deps_ValidJointsAction[0m
[35m[1mScanning dependencies of target _moveit_tutorials_generate_messages_check_deps_ValidJointsActionFeedback[0m
[35m[1mScanning dependencies of target geometry_msgs_generate_messages_cpp[0m
[35m[1mScanning dependencies of target _moveit_tutorials_generate_messages_check_deps_EmptyGoal[0m
[35m[1mScanning dependencies of target _moveit_tutorials_generate_messages_check_deps_GetCurrentJointVel[0m
[35m[1mScanning dependencies of target _moveit_tutorials_generate_messages_check_deps_ValidJointsGoal[0m
[35m[1mScanning dependencies of target _moveit_tutorials_generate_messages_check_deps_GetCurrentCount[0m
[35m[1mScanning dependencies of target _moveit_tutorials_generate_messages_check_deps_EmptyResult[0m
[35m[1mScanning dependencies of target _moveit_tutorials_generate_messages_check_deps_ValidJointsActionResult[0m
[35m[1mScanning dependencies of target _moveit_tutorials_generate_messages_check_deps_EmptyFeedback[0m
[35m[1mScanning dependencies of target actionlib_msgs_generate_messages_cpp[0m
[35m[1mScanning dependencies of target _moveit_tutorials_generate_messages_check_deps_ValidJointsResult[0m
[35m[1mScanning dependencies of target std_msgs_generate_messages_cpp[0m
[35m[1mScanning dependencies of target _moveit_tutorials_generate_messages_check_deps_EmptyActionResult[0m
[35m[1mScanning dependencies of target _moveit_tutorials_generate_messages_check_deps_EmptyActionFeedback[0m
[35m[1mScanning dependencies of target _moveit_tutorials_generate_messages_check_deps_EmptyAction[0m
[  0%] Built target sensor_msgs_generate_messages_cpp
[  0%] Built target geometry_msgs_generate_messages_cpp
[35m[1mScanning dependencies of target geometry_msgs_generate_messages_py[0m
[  0%] Built target std_msgs_generate_messages_cpp
[35m[1mScanning dependencies of target sensor_msgs_generate_messages_py[0m
[35m[1mScanning dependencies of target actionlib_msgs_generate_messages_py[0m
[  0%] Built target geometry_msgs_generate_messages_py
[  0%] Built target actionlib_msgs_generate_messages_cpp
[35m[1mScanning dependencies of target std_msgs_generate_messages_py[0m
[  0%] Built target sensor_msgs_generate_messages_py
[  0%] Built target actionlib_msgs_generate_messages_py
[  0%] Built target std_msgs_generate_messages_py
[  0%] Built target _moveit_tutorials_generate_messages_check_deps_ValidJointsAction
[35m[1mScanning dependencies of target actionlib_msgs_generate_messages_lisp[0m
[  0%] Built target _moveit_tutorials_generate_messages_check_deps_EmptyGoal
[  0%] Built target _moveit_tutorials_generate_messages_check_deps_GettfPose
[35m[1mScanning dependencies of target std_msgs_generate_messages_lisp[0m
[  0%] Built target _moveit_tutorials_generate_messages_check_deps_ValidJointsGoal
[35m[1mScanning dependencies of target sensor_msgs_generate_messages_lisp[0m
[  0%] Built target _moveit_tutorials_generate_messages_check_deps_ValidJointsFeedback
[  0%] Built target _moveit_tutorials_generate_messages_check_deps_GetCurrentImageData
[35m[1mScanning dependencies of target geometry_msgs_generate_messages_lisp[0m
[  0%] Built target _moveit_tutorials_generate_messages_check_deps_GetCurrentImage
[  0%] Built target _moveit_tutorials_generate_messages_check_deps_ValidJointsActionFeedback
[35m[1mScanning dependencies of target geometry_msgs_generate_messages_nodejs[0m
[  0%] Built target _moveit_tutorials_generate_messages_check_deps_ValidJointsActionResult
[  0%] Built target _moveit_tutorials_generate_messages_check_deps_ValidJointsResult
[  0%] Built target _moveit_tutorials_generate_messages_check_deps_EmptyActionGoal
[35m[1mScanning dependencies of target actionlib_msgs_generate_messages_nodejs[0m
[  0%] Built target actionlib_msgs_generate_messages_lisp
[35m[1mScanning dependencies of target sensor_msgs_generate_messages_eus[0m
[  0%] Built target _moveit_tutorials_generate_messages_check_deps_GetCurrentCount
[35m[1mScanning dependencies of target sensor_msgs_generate_messages_nodejs[0m
[35m[1mScanning dependencies of target geometry_msgs_generate_messages_eus[0m
[35m[1mScanning dependencies of target std_msgs_generate_messages_nodejs[0m
[35m[1mScanning dependencies of target actionlib_msgs_generate_messages_eus[0m
[  0%] Built target _moveit_tutorials_generate_messages_check_deps_ValidJointsActionGoal
[  0%] Built target _moveit_tutorials_generate_messages_check_deps_EmptyFeedback
[  0%] Built target _moveit_tutorials_generate_messages_check_deps_EmptyActionFeedback
[  0%] Built target _moveit_tutorials_generate_messages_check_deps_GetCurrentJointVel
[  0%] Built target std_msgs_generate_messages_lisp
[  0%] Built target _moveit_tutorials_generate_messages_check_deps_EmptyResult
[35m[1mScanning dependencies of target robot_model_and_robot_state_tutorial[0m
[  0%] Built target geometry_msgs_generate_messages_lisp
[35m[1mScanning dependencies of target ros_api_tutorial[0m
[  0%] Built target sensor_msgs_generate_messages_lisp
[  0%] Built target geometry_msgs_generate_messages_nodejs
[35m[1mScanning dependencies of target std_msgs_generate_messages_eus[0m
[  0%] Built target geometry_msgs_generate_messages_eus
[  0%] Built target sensor_msgs_generate_messages_eus
[  0%] Built target sensor_msgs_generate_messages_nodejs
[  0%] Built target actionlib_msgs_generate_messages_nodejs
[35m[1mScanning dependencies of target planning_scene_tutorial[0m
[35m[1mScanning dependencies of target motion_planning_api_tutorial[0m
[35m[1mScanning dependencies of target motion_planning_pipeline_tutorial[0m
[35m[1mScanning dependencies of target planning_scene_ros_api_tutorial[0m
[35m[1mScanning dependencies of target move_group_interface_tutorial[0m
[  0%] Built target std_msgs_generate_messages_nodejs
[35m[1mScanning dependencies of target interactivity_utils[0m
[  0%] Built target actionlib_msgs_generate_messages_eus
[35m[1mScanning dependencies of target pick_place_tutorial[0m
[35m[1mScanning dependencies of target bag_publisher_maintain_time[0m
[  0%] Built target std_msgs_generate_messages_eus
[35m[1mScanning dependencies of target state_display_tutorial[0m
[35m[1mScanning dependencies of target detect_and_add_cylinder_collision_object_demo[0m
[  0%] Built target _moveit_tutorials_generate_messages_check_deps_EmptyActionResult
[  0%] Built target _moveit_tutorials_generate_messages_check_deps_EmptyAction
[35m[1mScanning dependencies of target moveit_tutorials_generate_messages_cpp[0m
[35m[1mScanning dependencies of target moveit_tutorials_generate_messages_py[0m
[35m[1mScanning dependencies of target moveit_tutorials_generate_messages_nodejs[0m
[35m[1mScanning dependencies of target moveit_tutorials_generate_messages_lisp[0m
[35m[1mScanning dependencies of target moveit_tutorials_generate_messages_eus[0m
[  0%] [32mBuilding CXX object doc/perception_pipeline/CMakeFiles/bag_publisher_maintain_time.dir/src/bag_publisher_maintain_time.cpp.o[0m
[  1%] [34m[1mGenerating C++ code from moveit_tutorials/EmptyAction.msg[0m
[  2%] [34m[1mGenerating C++ code from moveit_tutorials/EmptyActionResult.msg[0m
[  2%] [34m[1mGenerating C++ code from moveit_tutorials/EmptyResult.msg[0m
[  3%] [34m[1mGenerating C++ code from moveit_tutorials/EmptyGoal.msg[0m
[  4%] [34m[1mGenerating C++ code from moveit_tutorials/ValidJointsAction.msg[0m
[  5%] [34m[1mGenerating C++ code from moveit_tutorials/EmptyActionFeedback.msg[0m
[  6%] [34m[1mGenerating Python from MSG moveit_tutorials/EmptyAction[0m
[  6%] [34m[1mGenerating C++ code from moveit_tutorials/EmptyActionGoal.msg[0m
[  7%] [34m[1mGenerating Lisp code from moveit_tutorials/EmptyAction.msg[0m
[  7%] [32mBuilding CXX object doc/robot_model_and_robot_state/CMakeFiles/robot_model_and_robot_state_tutorial.dir/src/robot_model_and_robot_state_tutorial.cpp.o[0m
[  8%] [34m[1mGenerating Javascript code from moveit_tutorials/EmptyAction.msg[0m
[  9%] [34m[1mGenerating EusLisp code from moveit_tutorials/EmptyAction.msg[0m
[ 10%] [34m[1mGenerating C++ code from moveit_tutorials/EmptyFeedback.msg[0m
[ 11%] [32mBuilding CXX object doc/planning_scene/CMakeFiles/planning_scene_tutorial.dir/src/planning_scene_tutorial.cpp.o[0m
[ 11%] [32mBuilding CXX object doc/state_display/CMakeFiles/state_display_tutorial.dir/src/state_display_tutorial.cpp.o[0m
[ 12%] [32mBuilding CXX object doc/kinematics/CMakeFiles/ros_api_tutorial.dir/src/ros_api_tutorial.cpp.o[0m
[ 13%] [32mBuilding CXX object doc/motion_planning_api/CMakeFiles/motion_planning_api_tutorial.dir/src/motion_planning_api_tutorial.cpp.o[0m
[ 14%] [32mBuilding CXX object doc/motion_planning_pipeline/CMakeFiles/motion_planning_pipeline_tutorial.dir/src/motion_planning_pipeline_tutorial.cpp.o[0m
[ 15%] [32mBuilding CXX object doc/move_group_interface/CMakeFiles/move_group_interface_tutorial.dir/src/move_group_interface_tutorial.cpp.o[0m
[ 17%] [32mBuilding CXX object doc/interactivity/CMakeFiles/interactivity_utils.dir/src/interactive_robot.cpp.o[0m
[ 18%] [32mBuilding CXX object doc/pick_place/CMakeFiles/pick_place_tutorial.dir/src/pick_place_tutorial.cpp.o[0m
[ 19%] [32mBuilding CXX object doc/perception_pipeline/CMakeFiles/detect_and_add_cylinder_collision_object_demo.dir/src/detect_and_add_cylinder_collision_object_demo.cpp.o[0m
[ 19%] [32mBuilding CXX object doc/planning_scene_ros_api/CMakeFiles/planning_scene_ros_api_tutorial.dir/src/planning_scene_ros_api_tutorial.cpp.o[0m
[ 20%] [34m[1mGenerating Lisp code from moveit_tutorials/EmptyActionGoal.msg[0m
[ 21%] [34m[1mGenerating EusLisp code from moveit_tutorials/EmptyActionGoal.msg[0m
[ 23%] [34m[1mGenerating Javascript code from moveit_tutorials/EmptyActionFeedback.msg[0m
[ 23%] [34m[1mGenerating Javascript code from moveit_tutorials/EmptyActionResult.msg[0m
[ 24%] [34m[1mGenerating Javascript code from moveit_tutorials/EmptyGoal.msg[0m
[ 25%] [34m[1mGenerating C++ code from moveit_tutorials/ValidJointsActionGoal.msg[0m
[ 22%] [34m[1mGenerating Javascript code from moveit_tutorials/EmptyActionGoal.msg[0m
[ 26%] [34m[1mGenerating Javascript code from moveit_tutorials/EmptyResult.msg[0m
[ 26%] [34m[1mGenerating Javascript code from moveit_tutorials/EmptyFeedback.msg[0m
[ 27%] [34m[1mGenerating EusLisp code from moveit_tutorials/EmptyActionFeedback.msg[0m
[ 27%] [34m[1mGenerating EusLisp code from moveit_tutorials/EmptyActionResult.msg[0m
[ 28%] [34m[1mGenerating Python from MSG moveit_tutorials/EmptyActionGoal[0m
[ 28%] [34m[1mGenerating Lisp code from moveit_tutorials/EmptyActionResult.msg[0m
[ 29%] [34m[1mGenerating Lisp code from moveit_tutorials/EmptyActionFeedback.msg[0m
[ 30%] [34m[1mGenerating Javascript code from moveit_tutorials/ValidJointsAction.msg[0m
[ 31%] [34m[1mGenerating Lisp code from moveit_tutorials/EmptyGoal.msg[0m
[ 32%] [34m[1mGenerating Lisp code from moveit_tutorials/EmptyResult.msg[0m
[ 34%] [34m[1mGenerating Javascript code from moveit_tutorials/ValidJointsActionGoal.msg[0m
[ 35%] [32mBuilding CXX object doc/interactivity/CMakeFiles/interactivity_utils.dir/src/imarker.cpp.o[0m
[ 36%] [32mBuilding CXX object doc/interactivity/CMakeFiles/interactivity_utils.dir/src/pose_string.cpp.o[0m
[ 37%] [34m[1mGenerating EusLisp code from moveit_tutorials/EmptyGoal.msg[0m
[ 38%] [34m[1mGenerating Python from MSG moveit_tutorials/EmptyActionResult[0m
[ 38%] [34m[1mGenerating Lisp code from moveit_tutorials/EmptyFeedback.msg[0m
[ 39%] [34m[1mGenerating EusLisp code from moveit_tutorials/EmptyResult.msg[0m
[ 40%] [34m[1mGenerating C++ code from moveit_tutorials/ValidJointsActionFeedback.msg[0m
[ 40%] [34m[1mGenerating C++ code from moveit_tutorials/ValidJointsActionResult.msg[0m
[ 41%] [34m[1mGenerating Lisp code from moveit_tutorials/ValidJointsActionGoal.msg[0m
[ 42%] [34m[1mGenerating Javascript code from moveit_tutorials/ValidJointsActionResult.msg[0m
[ 43%] [34m[1mGenerating Lisp code from moveit_tutorials/ValidJointsAction.msg[0m
[ 43%] [34m[1mGenerating Python from MSG moveit_tutorials/EmptyActionFeedback[0m
[ 43%] [34m[1mGenerating EusLisp code from moveit_tutorials/EmptyFeedback.msg[0m
[ 44%] [34m[1mGenerating EusLisp code from moveit_tutorials/ValidJointsAction.msg[0m
[ 45%] [34m[1mGenerating Lisp code from moveit_tutorials/ValidJointsActionFeedback.msg[0m
[ 45%] [34m[1mGenerating Lisp code from moveit_tutorials/ValidJointsActionResult.msg[0m
[ 45%] [34m[1mGenerating Javascript code from moveit_tutorials/ValidJointsActionFeedback.msg[0m
[ 46%] [34m[1mGenerating Python from MSG moveit_tutorials/EmptyGoal[0m
[ 47%] [34m[1mGenerating C++ code from moveit_tutorials/ValidJointsGoal.msg[0m
[ 48%] [34m[1mGenerating Lisp code from moveit_tutorials/ValidJointsGoal.msg[0m
[ 50%] [34m[1mGenerating Python from MSG moveit_tutorials/EmptyResult[0m
[ 51%] [34m[1mGenerating Javascript code from moveit_tutorials/ValidJointsGoal.msg[0m
[ 52%] [34m[1mGenerating Lisp code from moveit_tutorials/ValidJointsResult.msg[0m
[ 53%] [34m[1mGenerating C++ code from moveit_tutorials/ValidJointsResult.msg[0m
[ 54%] [34m[1mGenerating Javascript code from moveit_tutorials/ValidJointsResult.msg[0m
[ 54%] [34m[1mGenerating Lisp code from moveit_tutorials/ValidJointsFeedback.msg[0m
[ 56%] [34m[1mGenerating EusLisp code from moveit_tutorials/ValidJointsActionResult.msg[0m
[ 57%] [34m[1mGenerating Python from MSG moveit_tutorials/EmptyFeedback[0m
[ 55%] [34m[1mGenerating EusLisp code from moveit_tutorials/ValidJointsActionGoal.msg[0m
[ 58%] [34m[1mGenerating Javascript code from moveit_tutorials/ValidJointsFeedback.msg[0m
[ 58%] [34m[1mGenerating Python from MSG moveit_tutorials/ValidJointsAction[0m
[ 59%] [34m[1mGenerating Lisp code from moveit_tutorials/GetCurrentImage.srv[0m
[ 60%] [34m[1mGenerating Javascript code from moveit_tutorials/GetCurrentImageData.srv[0m
[ 60%] [34m[1mGenerating Javascript code from moveit_tutorials/GetCurrentImage.srv[0m
[ 60%] [34m[1mGenerating EusLisp code from moveit_tutorials/ValidJointsActionFeedback.msg[0m
[ 61%] [34m[1mGenerating EusLisp code from moveit_tutorials/ValidJointsGoal.msg[0m
[ 62%] [34m[1mGenerating Python from MSG moveit_tutorials/ValidJointsActionGoal[0m
[ 63%] [34m[1mGenerating Javascript code from moveit_tutorials/GetCurrentCount.srv[0m
[ 63%] [34m[1mGenerating C++ code from moveit_tutorials/ValidJointsFeedback.msg[0m
[ 64%] [34m[1mGenerating Lisp code from moveit_tutorials/GetCurrentImageData.srv[0m
[ 65%] [34m[1mGenerating Lisp code from moveit_tutorials/GetCurrentCount.srv[0m
[ 67%] [34m[1mGenerating Javascript code from moveit_tutorials/GetCurrentJointVel.srv[0m
[ 68%] [34m[1mGenerating Python from MSG moveit_tutorials/ValidJointsActionResult[0m
[ 68%] [34m[1mGenerating Lisp code from moveit_tutorials/GetCurrentJointVel.srv[0m
[ 69%] [34m[1mGenerating EusLisp code from moveit_tutorials/ValidJointsResult.msg[0m
[ 70%] [34m[1mGenerating Lisp code from moveit_tutorials/GettfPose.srv[0m
[ 71%] [34m[1mGenerating Python from MSG moveit_tutorials/ValidJointsActionFeedback[0m
[ 71%] [34m[1mGenerating Python from MSG moveit_tutorials/ValidJointsGoal[0m
[ 72%] [34m[1mGenerating EusLisp code from moveit_tutorials/ValidJointsFeedback.msg[0m
[ 72%] [34m[1mGenerating Javascript code from moveit_tutorials/GettfPose.srv[0m
[ 74%] [34m[1mGenerating Python from MSG moveit_tutorials/ValidJointsFeedback[0m
[ 73%] [34m[1mGenerating Python from MSG moveit_tutorials/ValidJointsResult[0m
[ 75%] [34m[1mGenerating C++ code from moveit_tutorials/GetCurrentImage.srv[0m
[ 75%] Built target moveit_tutorials_generate_messages_lisp
[ 76%] [34m[1mGenerating Python code from SRV moveit_tutorials/GetCurrentImage[0m
[ 76%] [34m[1mGenerating EusLisp code from moveit_tutorials/GetCurrentImage.srv[0m
[ 76%] Built target moveit_tutorials_generate_messages_nodejs
[ 77%] [34m[1mGenerating C++ code from moveit_tutorials/GetCurrentImageData.srv[0m
[ 77%] [34m[1mGenerating Python code from SRV moveit_tutorials/GetCurrentImageData[0m
[ 78%] [34m[1mGenerating Python code from SRV moveit_tutorials/GetCurrentCount[0m
[ 79%] [34m[1mGenerating EusLisp code from moveit_tutorials/GetCurrentImageData.srv[0m
[ 80%] [34m[1mGenerating Python code from SRV moveit_tutorials/GetCurrentJointVel[0m
[ 81%] [34m[1mGenerating EusLisp code from moveit_tutorials/GetCurrentCount.srv[0m
[ 82%] [34m[1mGenerating Python code from SRV moveit_tutorials/GettfPose[0m
[ 84%] [34m[1mGenerating EusLisp code from moveit_tutorials/GetCurrentJointVel.srv[0m
[ 85%] [34m[1mGenerating EusLisp manifest code for moveit_tutorials[0m
[ 85%] [34m[1mGenerating EusLisp code from moveit_tutorials/GettfPose.srv[0m
[ 86%] [34m[1mGenerating C++ code from moveit_tutorials/GetCurrentCount.srv[0m
[ 86%] [34m[1mGenerating C++ code from moveit_tutorials/GetCurrentJointVel.srv[0m
[ 87%] [34m[1mGenerating C++ code from moveit_tutorials/GettfPose.srv[0m
[ 88%] [34m[1mGenerating Python msg __init__.py for moveit_tutorials[0m
[ 88%] [34m[1mGenerating Python srv __init__.py for moveit_tutorials[0m
[ 88%] Built target moveit_tutorials_generate_messages_py
[ 88%] Built target moveit_tutorials_generate_messages_cpp
[ 88%] Built target moveit_tutorials_generate_messages_eus
[35m[1mScanning dependencies of target moveit_tutorials_generate_messages[0m
[ 88%] Built target moveit_tutorials_generate_messages
[ 89%] [32m[1mLinking CXX executable /home/kotoyah/vs_ws/devel/.private/moveit_tutorials/lib/moveit_tutorials/bag_publisher_maintain_time[0m
[ 89%] Built target bag_publisher_maintain_time
[ 90%] [32m[1mLinking CXX executable /home/kotoyah/vs_ws/devel/.private/moveit_tutorials/lib/moveit_tutorials/planning_scene_tutorial[0m
[ 91%] [32m[1mLinking CXX executable /home/kotoyah/vs_ws/devel/.private/moveit_tutorials/lib/moveit_tutorials/state_display_tutorial[0m
[ 91%] Built target state_display_tutorial
[ 91%] Built target planning_scene_tutorial
[ 91%] [32m[1mLinking CXX shared library /home/kotoyah/vs_ws/devel/.private/moveit_tutorials/lib/libinteractivity_utils.so[0m
[ 92%] [32m[1mLinking CXX executable /home/kotoyah/vs_ws/devel/.private/moveit_tutorials/lib/moveit_tutorials/pick_place_tutorial[0m
[ 92%] Built target interactivity_utils
[35m[1mScanning dependencies of target visualizing_collisions_tutorial[0m
[ 93%] [32mBuilding CXX object doc/visualizing_collisions/CMakeFiles/visualizing_collisions_tutorial.dir/src/visualizing_collisions_tutorial.cpp.o[0m
[ 93%] Built target pick_place_tutorial
[ 94%] [32m[1mLinking CXX executable /home/kotoyah/vs_ws/devel/.private/moveit_tutorials/lib/moveit_tutorials/robot_model_and_robot_state_tutorial[0m
[ 95%] [32m[1mLinking CXX executable /home/kotoyah/vs_ws/devel/.private/moveit_tutorials/lib/moveit_tutorials/ros_api_tutorial[0m
[ 95%] Built target robot_model_and_robot_state_tutorial
[ 95%] Built target ros_api_tutorial
[ 95%] [32m[1mLinking CXX executable /home/kotoyah/vs_ws/devel/.private/moveit_tutorials/lib/moveit_tutorials/motion_planning_pipeline_tutorial[0m
[ 96%] [32m[1mLinking CXX executable /home/kotoyah/vs_ws/devel/.private/moveit_tutorials/lib/moveit_tutorials/motion_planning_api_tutorial[0m
[ 97%] [32m[1mLinking CXX executable /home/kotoyah/vs_ws/devel/.private/moveit_tutorials/lib/moveit_tutorials/move_group_interface_tutorial[0m
[ 97%] Built target motion_planning_pipeline_tutorial
[ 97%] Built target motion_planning_api_tutorial
[ 98%] [32m[1mLinking CXX executable /home/kotoyah/vs_ws/devel/.private/moveit_tutorials/lib/moveit_tutorials/planning_scene_ros_api_tutorial[0m
[ 98%] Built target move_group_interface_tutorial
[ 98%] Built target planning_scene_ros_api_tutorial
[100%] [32m[1mLinking CXX executable /home/kotoyah/vs_ws/devel/.private/moveit_tutorials/lib/moveit_tutorials/visualizing_collisions_tutorial[0m
[100%] Built target visualizing_collisions_tutorial
[100%] [32m[1mLinking CXX executable /home/kotoyah/vs_ws/devel/.private/moveit_tutorials/lib/moveit_tutorials/detect_and_add_cylinder_collision_object_demo[0m
[100%] Built target detect_and_add_cylinder_collision_object_demo
