Symlinking /home/kotoya/vs_ws/devel/include/moveit_tutorials/GetCurrentImageRequest.h
Symlinking /home/kotoya/vs_ws/devel/include/moveit_tutorials/ValidJointsResult.h
Symlinking /home/kotoya/vs_ws/devel/include/moveit_tutorials/GetCurrentImageResponse.h
Symlinking /home/kotoya/vs_ws/devel/include/moveit_tutorials/GetCurrentCountResponse.h
Symlinking /home/kotoya/vs_ws/devel/include/moveit_tutorials/GettfPoseRequest.h
Symlinking /home/kotoya/vs_ws/devel/include/moveit_tutorials/ValidJointsFeedback.h
Symlinking /home/kotoya/vs_ws/devel/include/moveit_tutorials/GetCurrentCount.h
Symlinking /home/kotoya/vs_ws/devel/include/moveit_tutorials/ValidJointsActionResult.h
Symlinking /home/kotoya/vs_ws/devel/include/moveit_tutorials/GettfPoseResponse.h
Symlinking /home/kotoya/vs_ws/devel/include/moveit_tutorials/EmptyFeedback.h
Symlinking /home/kotoya/vs_ws/devel/include/moveit_tutorials/ValidJointsAction.h
Symlinking /home/kotoya/vs_ws/devel/include/moveit_tutorials/GetCurrentJointVelRequest.h
Symlinking /home/kotoya/vs_ws/devel/include/moveit_tutorials/GetCurrentImageDataResponse.h
Symlinking /home/kotoya/vs_ws/devel/include/moveit_tutorials/ValidJointsActionFeedback.h
Symlinking /home/kotoya/vs_ws/devel/include/moveit_tutorials/GetCurrentJointVel.h
Symlinking /home/kotoya/vs_ws/devel/include/moveit_tutorials/GetCurrentImage.h
Symlinking /home/kotoya/vs_ws/devel/include/moveit_tutorials/EmptyActionResult.h
Symlinking /home/kotoya/vs_ws/devel/include/moveit_tutorials/EmptyResult.h
Symlinking /home/kotoya/vs_ws/devel/include/moveit_tutorials/GetCurrentCountRequest.h
Symlinking /home/kotoya/vs_ws/devel/include/moveit_tutorials/EmptyGoal.h
Symlinking /home/kotoya/vs_ws/devel/include/moveit_tutorials/GetCurrentImageData.h
Symlinking /home/kotoya/vs_ws/devel/include/moveit_tutorials/GetCurrentImageDataRequest.h
Symlinking /home/kotoya/vs_ws/devel/include/moveit_tutorials/ValidJointsGoal.h
Symlinking /home/kotoya/vs_ws/devel/include/moveit_tutorials/ValidJointsActionGoal.h
Symlinking /home/kotoya/vs_ws/devel/include/moveit_tutorials/GettfPose.h
Symlinking /home/kotoya/vs_ws/devel/include/moveit_tutorials/EmptyActionGoal.h
Symlinking /home/kotoya/vs_ws/devel/include/moveit_tutorials/GetCurrentJointVelResponse.h
Symlinking /home/kotoya/vs_ws/devel/include/moveit_tutorials/EmptyAction.h
Symlinking /home/kotoya/vs_ws/devel/include/moveit_tutorials/EmptyActionFeedback.h
Symlinking /home/kotoya/vs_ws/devel/share/common-lisp/ros/moveit_tutorials/srv/_package_GetCurrentImageData.lisp
Symlinking /home/kotoya/vs_ws/devel/share/common-lisp/ros/moveit_tutorials/srv/_package.lisp
Symlinking /home/kotoya/vs_ws/devel/share/common-lisp/ros/moveit_tutorials/srv/moveit_tutorials-srv.asd
Symlinking /home/kotoya/vs_ws/devel/share/common-lisp/ros/moveit_tutorials/srv/GetCurrentImageData.lisp
Symlinking /home/kotoya/vs_ws/devel/share/common-lisp/ros/moveit_tutorials/srv/_package_GetCurrentImage.lisp
Symlinking /home/kotoya/vs_ws/devel/share/common-lisp/ros/moveit_tutorials/srv/GetCurrentImage.lisp
Symlinking /home/kotoya/vs_ws/devel/share/common-lisp/ros/moveit_tutorials/srv/GetCurrentJointVel.lisp
Symlinking /home/kotoya/vs_ws/devel/share/common-lisp/ros/moveit_tutorials/srv/_package_GettfPose.lisp
Symlinking /home/kotoya/vs_ws/devel/share/common-lisp/ros/moveit_tutorials/srv/_package_GetCurrentJointVel.lisp
Symlinking /home/kotoya/vs_ws/devel/share/common-lisp/ros/moveit_tutorials/srv/GettfPose.lisp
Symlinking /home/kotoya/vs_ws/devel/share/common-lisp/ros/moveit_tutorials/srv/_package_GetCurrentCount.lisp
Symlinking /home/kotoya/vs_ws/devel/share/common-lisp/ros/moveit_tutorials/srv/GetCurrentCount.lisp
Symlinking /home/kotoya/vs_ws/devel/share/common-lisp/ros/moveit_tutorials/msg/_package_EmptyActionResult.lisp
Symlinking /home/kotoya/vs_ws/devel/share/common-lisp/ros/moveit_tutorials/msg/_package.lisp
Symlinking /home/kotoya/vs_ws/devel/share/common-lisp/ros/moveit_tutorials/msg/_package_EmptyActionFeedback.lisp
Symlinking /home/kotoya/vs_ws/devel/share/common-lisp/ros/moveit_tutorials/msg/ValidJointsFeedback.lisp
Symlinking /home/kotoya/vs_ws/devel/share/common-lisp/ros/moveit_tutorials/msg/_package_ValidJointsResult.lisp
Symlinking /home/kotoya/vs_ws/devel/share/common-lisp/ros/moveit_tutorials/msg/_package_ValidJointsActionResult.lisp
Symlinking /home/kotoya/vs_ws/devel/share/common-lisp/ros/moveit_tutorials/msg/EmptyResult.lisp
Symlinking /home/kotoya/vs_ws/devel/share/common-lisp/ros/moveit_tutorials/msg/EmptyAction.lisp
Symlinking /home/kotoya/vs_ws/devel/share/common-lisp/ros/moveit_tutorials/msg/EmptyActionFeedback.lisp
Symlinking /home/kotoya/vs_ws/devel/share/common-lisp/ros/moveit_tutorials/msg/_package_ValidJointsActionFeedback.lisp
Symlinking /home/kotoya/vs_ws/devel/share/common-lisp/ros/moveit_tutorials/msg/ValidJointsAction.lisp
Symlinking /home/kotoya/vs_ws/devel/share/common-lisp/ros/moveit_tutorials/msg/_package_EmptyResult.lisp
Symlinking /home/kotoya/vs_ws/devel/share/common-lisp/ros/moveit_tutorials/msg/EmptyFeedback.lisp
Symlinking /home/kotoya/vs_ws/devel/share/common-lisp/ros/moveit_tutorials/msg/EmptyGoal.lisp
Symlinking /home/kotoya/vs_ws/devel/share/common-lisp/ros/moveit_tutorials/msg/_package_EmptyActionGoal.lisp
Symlinking /home/kotoya/vs_ws/devel/share/common-lisp/ros/moveit_tutorials/msg/moveit_tutorials-msg.asd
Symlinking /home/kotoya/vs_ws/devel/share/common-lisp/ros/moveit_tutorials/msg/ValidJointsActionGoal.lisp
Symlinking /home/kotoya/vs_ws/devel/share/common-lisp/ros/moveit_tutorials/msg/EmptyActionGoal.lisp
Symlinking /home/kotoya/vs_ws/devel/share/common-lisp/ros/moveit_tutorials/msg/ValidJointsGoal.lisp
Symlinking /home/kotoya/vs_ws/devel/share/common-lisp/ros/moveit_tutorials/msg/ValidJointsActionResult.lisp
Symlinking /home/kotoya/vs_ws/devel/share/common-lisp/ros/moveit_tutorials/msg/_package_EmptyFeedback.lisp
Symlinking /home/kotoya/vs_ws/devel/share/common-lisp/ros/moveit_tutorials/msg/_package_EmptyAction.lisp
Symlinking /home/kotoya/vs_ws/devel/share/common-lisp/ros/moveit_tutorials/msg/ValidJointsResult.lisp
Symlinking /home/kotoya/vs_ws/devel/share/common-lisp/ros/moveit_tutorials/msg/EmptyActionResult.lisp
Symlinking /home/kotoya/vs_ws/devel/share/common-lisp/ros/moveit_tutorials/msg/ValidJointsActionFeedback.lisp
Symlinking /home/kotoya/vs_ws/devel/share/common-lisp/ros/moveit_tutorials/msg/_package_ValidJointsActionGoal.lisp
Symlinking /home/kotoya/vs_ws/devel/share/common-lisp/ros/moveit_tutorials/msg/_package_ValidJointsAction.lisp
Symlinking /home/kotoya/vs_ws/devel/share/common-lisp/ros/moveit_tutorials/msg/_package_ValidJointsGoal.lisp
Symlinking /home/kotoya/vs_ws/devel/share/common-lisp/ros/moveit_tutorials/msg/_package_ValidJointsFeedback.lisp
Symlinking /home/kotoya/vs_ws/devel/share/common-lisp/ros/moveit_tutorials/msg/_package_EmptyGoal.lisp
Symlinking /home/kotoya/vs_ws/devel/share/roseus/ros/moveit_tutorials/manifest.l
Symlinking /home/kotoya/vs_ws/devel/share/roseus/ros/moveit_tutorials/srv/GettfPose.l
Symlinking /home/kotoya/vs_ws/devel/share/roseus/ros/moveit_tutorials/srv/GetCurrentImage.l
Symlinking /home/kotoya/vs_ws/devel/share/roseus/ros/moveit_tutorials/srv/GetCurrentImageData.l
Symlinking /home/kotoya/vs_ws/devel/share/roseus/ros/moveit_tutorials/srv/GetCurrentJointVel.l
Symlinking /home/kotoya/vs_ws/devel/share/roseus/ros/moveit_tutorials/srv/GetCurrentCount.l
Symlinking /home/kotoya/vs_ws/devel/share/roseus/ros/moveit_tutorials/msg/ValidJointsFeedback.l
Symlinking /home/kotoya/vs_ws/devel/share/roseus/ros/moveit_tutorials/msg/EmptyActionResult.l
Symlinking /home/kotoya/vs_ws/devel/share/roseus/ros/moveit_tutorials/msg/ValidJointsResult.l
Symlinking /home/kotoya/vs_ws/devel/share/roseus/ros/moveit_tutorials/msg/EmptyFeedback.l
Symlinking /home/kotoya/vs_ws/devel/share/roseus/ros/moveit_tutorials/msg/ValidJointsAction.l
Symlinking /home/kotoya/vs_ws/devel/share/roseus/ros/moveit_tutorials/msg/EmptyResult.l
Symlinking /home/kotoya/vs_ws/devel/share/roseus/ros/moveit_tutorials/msg/EmptyActionGoal.l
Symlinking /home/kotoya/vs_ws/devel/share/roseus/ros/moveit_tutorials/msg/ValidJointsActionResult.l
Symlinking /home/kotoya/vs_ws/devel/share/roseus/ros/moveit_tutorials/msg/EmptyAction.l
Symlinking /home/kotoya/vs_ws/devel/share/roseus/ros/moveit_tutorials/msg/ValidJointsActionFeedback.l
Symlinking /home/kotoya/vs_ws/devel/share/roseus/ros/moveit_tutorials/msg/ValidJointsGoal.l
Symlinking /home/kotoya/vs_ws/devel/share/roseus/ros/moveit_tutorials/msg/EmptyActionFeedback.l
Symlinking /home/kotoya/vs_ws/devel/share/roseus/ros/moveit_tutorials/msg/ValidJointsActionGoal.l
Symlinking /home/kotoya/vs_ws/devel/share/roseus/ros/moveit_tutorials/msg/EmptyGoal.l
Symlinking /home/kotoya/vs_ws/devel/share/moveit_tutorials/msg/EmptyAction.msg
Symlinking /home/kotoya/vs_ws/devel/share/moveit_tutorials/msg/ValidJointsFeedback.msg
Symlinking /home/kotoya/vs_ws/devel/share/moveit_tutorials/msg/EmptyResult.msg
Symlinking /home/kotoya/vs_ws/devel/share/moveit_tutorials/msg/EmptyFeedback.msg
Symlinking /home/kotoya/vs_ws/devel/share/moveit_tutorials/msg/ValidJointsActionGoal.msg
Symlinking /home/kotoya/vs_ws/devel/share/moveit_tutorials/msg/ValidJointsActionFeedback.msg
Symlinking /home/kotoya/vs_ws/devel/share/moveit_tutorials/msg/ValidJointsAction.msg
Symlinking /home/kotoya/vs_ws/devel/share/moveit_tutorials/msg/ValidJointsActionResult.msg
Symlinking /home/kotoya/vs_ws/devel/share/moveit_tutorials/msg/EmptyActionGoal.msg
Symlinking /home/kotoya/vs_ws/devel/share/moveit_tutorials/msg/EmptyActionFeedback.msg
Symlinking /home/kotoya/vs_ws/devel/share/moveit_tutorials/msg/ValidJointsGoal.msg
Symlinking /home/kotoya/vs_ws/devel/share/moveit_tutorials/msg/EmptyActionResult.msg
Symlinking /home/kotoya/vs_ws/devel/share/moveit_tutorials/msg/ValidJointsResult.msg
Symlinking /home/kotoya/vs_ws/devel/share/moveit_tutorials/msg/EmptyGoal.msg
Symlinking /home/kotoya/vs_ws/devel/share/moveit_tutorials/cmake/moveit_tutorials-msg-extras.cmake
Symlinking /home/kotoya/vs_ws/devel/share/moveit_tutorials/cmake/moveit_tutorialsConfig.cmake
Symlinking /home/kotoya/vs_ws/devel/share/moveit_tutorials/cmake/moveit_tutorialsConfig-version.cmake
Symlinking /home/kotoya/vs_ws/devel/share/moveit_tutorials/cmake/moveit_tutorials-msg-paths.cmake
Symlinking /home/kotoya/vs_ws/devel/share/gennodejs/ros/moveit_tutorials/_index.js
Symlinking /home/kotoya/vs_ws/devel/share/gennodejs/ros/moveit_tutorials/srv/GetCurrentImageData.js
Symlinking /home/kotoya/vs_ws/devel/share/gennodejs/ros/moveit_tutorials/srv/GettfPose.js
Symlinking /home/kotoya/vs_ws/devel/share/gennodejs/ros/moveit_tutorials/srv/GetCurrentJointVel.js
Symlinking /home/kotoya/vs_ws/devel/share/gennodejs/ros/moveit_tutorials/srv/GetCurrentCount.js
Symlinking /home/kotoya/vs_ws/devel/share/gennodejs/ros/moveit_tutorials/srv/GetCurrentImage.js
Symlinking /home/kotoya/vs_ws/devel/share/gennodejs/ros/moveit_tutorials/srv/_index.js
Symlinking /home/kotoya/vs_ws/devel/share/gennodejs/ros/moveit_tutorials/msg/ValidJointsResult.js
Symlinking /home/kotoya/vs_ws/devel/share/gennodejs/ros/moveit_tutorials/msg/ValidJointsActionFeedback.js
Symlinking /home/kotoya/vs_ws/devel/share/gennodejs/ros/moveit_tutorials/msg/ValidJointsActionResult.js
Symlinking /home/kotoya/vs_ws/devel/share/gennodejs/ros/moveit_tutorials/msg/ValidJointsActionGoal.js
Symlinking /home/kotoya/vs_ws/devel/share/gennodejs/ros/moveit_tutorials/msg/EmptyActionGoal.js
Symlinking /home/kotoya/vs_ws/devel/share/gennodejs/ros/moveit_tutorials/msg/EmptyFeedback.js
Symlinking /home/kotoya/vs_ws/devel/share/gennodejs/ros/moveit_tutorials/msg/EmptyActionFeedback.js
Symlinking /home/kotoya/vs_ws/devel/share/gennodejs/ros/moveit_tutorials/msg/ValidJointsAction.js
Symlinking /home/kotoya/vs_ws/devel/share/gennodejs/ros/moveit_tutorials/msg/EmptyAction.js
Symlinking /home/kotoya/vs_ws/devel/share/gennodejs/ros/moveit_tutorials/msg/ValidJointsGoal.js
Symlinking /home/kotoya/vs_ws/devel/share/gennodejs/ros/moveit_tutorials/msg/ValidJointsFeedback.js
Symlinking /home/kotoya/vs_ws/devel/share/gennodejs/ros/moveit_tutorials/msg/EmptyActionResult.js
Symlinking /home/kotoya/vs_ws/devel/share/gennodejs/ros/moveit_tutorials/msg/EmptyResult.js
Symlinking /home/kotoya/vs_ws/devel/share/gennodejs/ros/moveit_tutorials/msg/EmptyGoal.js
Symlinking /home/kotoya/vs_ws/devel/share/gennodejs/ros/moveit_tutorials/msg/_index.js
Symlinking /home/kotoya/vs_ws/devel/lib/libinteractivity_utils.so
Symlinking /home/kotoya/vs_ws/devel/lib/pkgconfig/moveit_tutorials.pc
Symlinking /home/kotoya/vs_ws/devel/lib/moveit_tutorials/motion_planning_api_tutorial
Symlinking /home/kotoya/vs_ws/devel/lib/moveit_tutorials/ros_api_tutorial
Symlinking /home/kotoya/vs_ws/devel/lib/moveit_tutorials/state_display_tutorial
Symlinking /home/kotoya/vs_ws/devel/lib/moveit_tutorials/robot_model_and_robot_state_tutorial
Symlinking /home/kotoya/vs_ws/devel/lib/moveit_tutorials/move_group_python_interface_tutorial.py
Symlinking /home/kotoya/vs_ws/devel/lib/moveit_tutorials/cmake.lock
Symlinking /home/kotoya/vs_ws/devel/lib/moveit_tutorials/bag_publisher_maintain_time
Symlinking /home/kotoya/vs_ws/devel/lib/moveit_tutorials/visualizing_collisions_tutorial
Symlinking /home/kotoya/vs_ws/devel/lib/moveit_tutorials/pick_place_tutorial
Symlinking /home/kotoya/vs_ws/devel/lib/moveit_tutorials/motion_planning_pipeline_tutorial
Symlinking /home/kotoya/vs_ws/devel/lib/moveit_tutorials/planning_scene_ros_api_tutorial
Symlinking /home/kotoya/vs_ws/devel/lib/moveit_tutorials/planning_scene_tutorial
Symlinking /home/kotoya/vs_ws/devel/lib/moveit_tutorials/move_group_interface_tutorial
Symlinking /home/kotoya/vs_ws/devel/lib/moveit_tutorials/detect_and_add_cylinder_collision_object_demo
Symlinking /home/kotoya/vs_ws/devel/lib/python3/dist-packages/moveit_tutorials/__init__.py
Symlinking /home/kotoya/vs_ws/devel/lib/python3/dist-packages/moveit_tutorials/srv/_GetCurrentImageData.py
Symlinking /home/kotoya/vs_ws/devel/lib/python3/dist-packages/moveit_tutorials/srv/_GetCurrentJointVel.py
Symlinking /home/kotoya/vs_ws/devel/lib/python3/dist-packages/moveit_tutorials/srv/_GetCurrentCount.py
Symlinking /home/kotoya/vs_ws/devel/lib/python3/dist-packages/moveit_tutorials/srv/_GetCurrentImage.py
Symlinking /home/kotoya/vs_ws/devel/lib/python3/dist-packages/moveit_tutorials/srv/__init__.py
Symlinking /home/kotoya/vs_ws/devel/lib/python3/dist-packages/moveit_tutorials/srv/_GettfPose.py
Symlinking /home/kotoya/vs_ws/devel/lib/python3/dist-packages/moveit_tutorials/msg/_EmptyGoal.py
Symlinking /home/kotoya/vs_ws/devel/lib/python3/dist-packages/moveit_tutorials/msg/_ValidJointsActionGoal.py
Symlinking /home/kotoya/vs_ws/devel/lib/python3/dist-packages/moveit_tutorials/msg/_ValidJointsFeedback.py
Symlinking /home/kotoya/vs_ws/devel/lib/python3/dist-packages/moveit_tutorials/msg/_ValidJointsActionFeedback.py
Symlinking /home/kotoya/vs_ws/devel/lib/python3/dist-packages/moveit_tutorials/msg/_EmptyActionGoal.py
Symlinking /home/kotoya/vs_ws/devel/lib/python3/dist-packages/moveit_tutorials/msg/_ValidJointsGoal.py
Symlinking /home/kotoya/vs_ws/devel/lib/python3/dist-packages/moveit_tutorials/msg/_EmptyActionResult.py
Symlinking /home/kotoya/vs_ws/devel/lib/python3/dist-packages/moveit_tutorials/msg/_EmptyActionFeedback.py
Symlinking /home/kotoya/vs_ws/devel/lib/python3/dist-packages/moveit_tutorials/msg/_EmptyAction.py
Symlinking /home/kotoya/vs_ws/devel/lib/python3/dist-packages/moveit_tutorials/msg/_EmptyResult.py
Symlinking /home/kotoya/vs_ws/devel/lib/python3/dist-packages/moveit_tutorials/msg/_EmptyFeedback.py
Symlinking /home/kotoya/vs_ws/devel/lib/python3/dist-packages/moveit_tutorials/msg/__init__.py
Symlinking /home/kotoya/vs_ws/devel/lib/python3/dist-packages/moveit_tutorials/msg/_ValidJointsAction.py
Symlinking /home/kotoya/vs_ws/devel/lib/python3/dist-packages/moveit_tutorials/msg/_ValidJointsResult.py
Symlinking /home/kotoya/vs_ws/devel/lib/python3/dist-packages/moveit_tutorials/msg/_ValidJointsActionResult.py
Cleaning: (/home/kotoyah/vs_ws/devel/.private/moveit_tutorials/cmake.lock, /home/kotoyah/vs_ws/devel/./cmake.lock)
Cleaning: (/home/kotoyah/vs_ws/devel/.private/moveit_tutorials/share/gennodejs/ros/moveit_tutorials/_index.js, /home/kotoyah/vs_ws/devel/share/gennodejs/ros/moveit_tutorials/_index.js)
Cleaning: (/home/kotoyah/vs_ws/devel/.private/moveit_tutorials/share/gennodejs/ros/moveit_tutorials/msg/ValidJointsGoal.js, /home/kotoyah/vs_ws/devel/share/gennodejs/ros/moveit_tutorials/msg/ValidJointsGoal.js)
Cleaning: (/home/kotoyah/vs_ws/devel/.private/moveit_tutorials/share/gennodejs/ros/moveit_tutorials/msg/ValidJointsResult.js, /home/kotoyah/vs_ws/devel/share/gennodejs/ros/moveit_tutorials/msg/ValidJointsResult.js)
Cleaning: (/home/kotoyah/vs_ws/devel/.private/moveit_tutorials/share/gennodejs/ros/moveit_tutorials/msg/EmptyActionFeedback.js, /home/kotoyah/vs_ws/devel/share/gennodejs/ros/moveit_tutorials/msg/EmptyActionFeedback.js)
Cleaning: (/home/kotoyah/vs_ws/devel/.private/moveit_tutorials/share/gennodejs/ros/moveit_tutorials/msg/ValidJointsActionResult.js, /home/kotoyah/vs_ws/devel/share/gennodejs/ros/moveit_tutorials/msg/ValidJointsActionResult.js)
Cleaning: (/home/kotoyah/vs_ws/devel/.private/moveit_tutorials/share/gennodejs/ros/moveit_tutorials/msg/ValidJointsActionGoal.js, /home/kotoyah/vs_ws/devel/share/gennodejs/ros/moveit_tutorials/msg/ValidJointsActionGoal.js)
Cleaning: (/home/kotoyah/vs_ws/devel/.private/moveit_tutorials/share/gennodejs/ros/moveit_tutorials/msg/_index.js, /home/kotoyah/vs_ws/devel/share/gennodejs/ros/moveit_tutorials/msg/_index.js)
Cleaning: (/home/kotoyah/vs_ws/devel/.private/moveit_tutorials/share/gennodejs/ros/moveit_tutorials/msg/EmptyGoal.js, /home/kotoyah/vs_ws/devel/share/gennodejs/ros/moveit_tutorials/msg/EmptyGoal.js)
Cleaning: (/home/kotoyah/vs_ws/devel/.private/moveit_tutorials/share/gennodejs/ros/moveit_tutorials/msg/EmptyFeedback.js, /home/kotoyah/vs_ws/devel/share/gennodejs/ros/moveit_tutorials/msg/EmptyFeedback.js)
Cleaning: (/home/kotoyah/vs_ws/devel/.private/moveit_tutorials/share/gennodejs/ros/moveit_tutorials/msg/EmptyActionResult.js, /home/kotoyah/vs_ws/devel/share/gennodejs/ros/moveit_tutorials/msg/EmptyActionResult.js)
Cleaning: (/home/kotoyah/vs_ws/devel/.private/moveit_tutorials/share/gennodejs/ros/moveit_tutorials/msg/ValidJointsAction.js, /home/kotoyah/vs_ws/devel/share/gennodejs/ros/moveit_tutorials/msg/ValidJointsAction.js)
Cleaning: (/home/kotoyah/vs_ws/devel/.private/moveit_tutorials/share/gennodejs/ros/moveit_tutorials/msg/EmptyResult.js, /home/kotoyah/vs_ws/devel/share/gennodejs/ros/moveit_tutorials/msg/EmptyResult.js)
Cleaning: (/home/kotoyah/vs_ws/devel/.private/moveit_tutorials/share/gennodejs/ros/moveit_tutorials/msg/EmptyAction.js, /home/kotoyah/vs_ws/devel/share/gennodejs/ros/moveit_tutorials/msg/EmptyAction.js)
Cleaning: (/home/kotoyah/vs_ws/devel/.private/moveit_tutorials/share/gennodejs/ros/moveit_tutorials/msg/ValidJointsActionFeedback.js, /home/kotoyah/vs_ws/devel/share/gennodejs/ros/moveit_tutorials/msg/ValidJointsActionFeedback.js)
Cleaning: (/home/kotoyah/vs_ws/devel/.private/moveit_tutorials/share/gennodejs/ros/moveit_tutorials/msg/EmptyActionGoal.js, /home/kotoyah/vs_ws/devel/share/gennodejs/ros/moveit_tutorials/msg/EmptyActionGoal.js)
Cleaning: (/home/kotoyah/vs_ws/devel/.private/moveit_tutorials/share/gennodejs/ros/moveit_tutorials/msg/ValidJointsFeedback.js, /home/kotoyah/vs_ws/devel/share/gennodejs/ros/moveit_tutorials/msg/ValidJointsFeedback.js)
Cleaning: (/home/kotoyah/vs_ws/devel/.private/moveit_tutorials/share/gennodejs/ros/moveit_tutorials/srv/GetCurrentCount.js, /home/kotoyah/vs_ws/devel/share/gennodejs/ros/moveit_tutorials/srv/GetCurrentCount.js)
Cleaning: (/home/kotoyah/vs_ws/devel/.private/moveit_tutorials/share/gennodejs/ros/moveit_tutorials/srv/GetCurrentJointVel.js, /home/kotoyah/vs_ws/devel/share/gennodejs/ros/moveit_tutorials/srv/GetCurrentJointVel.js)
Cleaning: (/home/kotoyah/vs_ws/devel/.private/moveit_tutorials/share/gennodejs/ros/moveit_tutorials/srv/_index.js, /home/kotoyah/vs_ws/devel/share/gennodejs/ros/moveit_tutorials/srv/_index.js)
Cleaning: (/home/kotoyah/vs_ws/devel/.private/moveit_tutorials/share/gennodejs/ros/moveit_tutorials/srv/GetCurrentImageData.js, /home/kotoyah/vs_ws/devel/share/gennodejs/ros/moveit_tutorials/srv/GetCurrentImageData.js)
Cleaning: (/home/kotoyah/vs_ws/devel/.private/moveit_tutorials/share/gennodejs/ros/moveit_tutorials/srv/GetCurrentImage.js, /home/kotoyah/vs_ws/devel/share/gennodejs/ros/moveit_tutorials/srv/GetCurrentImage.js)
Cleaning: (/home/kotoyah/vs_ws/devel/.private/moveit_tutorials/share/gennodejs/ros/moveit_tutorials/srv/GettfPose.js, /home/kotoyah/vs_ws/devel/share/gennodejs/ros/moveit_tutorials/srv/GettfPose.js)
Cleaning: (/home/kotoyah/vs_ws/devel/.private/moveit_tutorials/share/moveit_tutorials/msg/ValidJointsGoal.msg, /home/kotoyah/vs_ws/devel/share/moveit_tutorials/msg/ValidJointsGoal.msg)
Cleaning: (/home/kotoyah/vs_ws/devel/.private/moveit_tutorials/share/moveit_tutorials/msg/EmptyResult.msg, /home/kotoyah/vs_ws/devel/share/moveit_tutorials/msg/EmptyResult.msg)
Cleaning: (/home/kotoyah/vs_ws/devel/.private/moveit_tutorials/share/moveit_tutorials/msg/ValidJointsAction.msg, /home/kotoyah/vs_ws/devel/share/moveit_tutorials/msg/ValidJointsAction.msg)
Cleaning: (/home/kotoyah/vs_ws/devel/.private/moveit_tutorials/share/moveit_tutorials/msg/EmptyGoal.msg, /home/kotoyah/vs_ws/devel/share/moveit_tutorials/msg/EmptyGoal.msg)
Cleaning: (/home/kotoyah/vs_ws/devel/.private/moveit_tutorials/share/moveit_tutorials/msg/EmptyActionGoal.msg, /home/kotoyah/vs_ws/devel/share/moveit_tutorials/msg/EmptyActionGoal.msg)
Cleaning: (/home/kotoyah/vs_ws/devel/.private/moveit_tutorials/share/moveit_tutorials/msg/EmptyFeedback.msg, /home/kotoyah/vs_ws/devel/share/moveit_tutorials/msg/EmptyFeedback.msg)
Cleaning: (/home/kotoyah/vs_ws/devel/.private/moveit_tutorials/share/moveit_tutorials/msg/EmptyAction.msg, /home/kotoyah/vs_ws/devel/share/moveit_tutorials/msg/EmptyAction.msg)
Cleaning: (/home/kotoyah/vs_ws/devel/.private/moveit_tutorials/share/moveit_tutorials/msg/EmptyActionFeedback.msg, /home/kotoyah/vs_ws/devel/share/moveit_tutorials/msg/EmptyActionFeedback.msg)
Cleaning: (/home/kotoyah/vs_ws/devel/.private/moveit_tutorials/share/moveit_tutorials/msg/ValidJointsResult.msg, /home/kotoyah/vs_ws/devel/share/moveit_tutorials/msg/ValidJointsResult.msg)
Cleaning: (/home/kotoyah/vs_ws/devel/.private/moveit_tutorials/share/moveit_tutorials/msg/ValidJointsActionGoal.msg, /home/kotoyah/vs_ws/devel/share/moveit_tutorials/msg/ValidJointsActionGoal.msg)
Cleaning: (/home/kotoyah/vs_ws/devel/.private/moveit_tutorials/share/moveit_tutorials/msg/EmptyActionResult.msg, /home/kotoyah/vs_ws/devel/share/moveit_tutorials/msg/EmptyActionResult.msg)
Cleaning: (/home/kotoyah/vs_ws/devel/.private/moveit_tutorials/share/moveit_tutorials/msg/ValidJointsActionResult.msg, /home/kotoyah/vs_ws/devel/share/moveit_tutorials/msg/ValidJointsActionResult.msg)
Cleaning: (/home/kotoyah/vs_ws/devel/.private/moveit_tutorials/share/moveit_tutorials/msg/ValidJointsFeedback.msg, /home/kotoyah/vs_ws/devel/share/moveit_tutorials/msg/ValidJointsFeedback.msg)
Cleaning: (/home/kotoyah/vs_ws/devel/.private/moveit_tutorials/share/moveit_tutorials/msg/ValidJointsActionFeedback.msg, /home/kotoyah/vs_ws/devel/share/moveit_tutorials/msg/ValidJointsActionFeedback.msg)
Cleaning: (/home/kotoyah/vs_ws/devel/.private/moveit_tutorials/share/moveit_tutorials/cmake/moveit_tutorials-msg-paths.cmake, /home/kotoyah/vs_ws/devel/share/moveit_tutorials/cmake/moveit_tutorials-msg-paths.cmake)
Cleaning: (/home/kotoyah/vs_ws/devel/.private/moveit_tutorials/share/moveit_tutorials/cmake/moveit_tutorialsConfig-version.cmake, /home/kotoyah/vs_ws/devel/share/moveit_tutorials/cmake/moveit_tutorialsConfig-version.cmake)
Cleaning: (/home/kotoyah/vs_ws/devel/.private/moveit_tutorials/share/moveit_tutorials/cmake/moveit_tutorialsConfig.cmake, /home/kotoyah/vs_ws/devel/share/moveit_tutorials/cmake/moveit_tutorialsConfig.cmake)
Cleaning: (/home/kotoyah/vs_ws/devel/.private/moveit_tutorials/share/moveit_tutorials/cmake/moveit_tutorials-msg-extras.cmake, /home/kotoyah/vs_ws/devel/share/moveit_tutorials/cmake/moveit_tutorials-msg-extras.cmake)
Cleaning: (/home/kotoyah/vs_ws/devel/.private/moveit_tutorials/share/common-lisp/ros/moveit_tutorials/msg/EmptyActionResult.lisp, /home/kotoyah/vs_ws/devel/share/common-lisp/ros/moveit_tutorials/msg/EmptyActionResult.lisp)
Cleaning: (/home/kotoyah/vs_ws/devel/.private/moveit_tutorials/share/common-lisp/ros/moveit_tutorials/msg/ValidJointsFeedback.lisp, /home/kotoyah/vs_ws/devel/share/common-lisp/ros/moveit_tutorials/msg/ValidJointsFeedback.lisp)
Cleaning: (/home/kotoyah/vs_ws/devel/.private/moveit_tutorials/share/common-lisp/ros/moveit_tutorials/msg/_package_ValidJointsFeedback.lisp, /home/kotoyah/vs_ws/devel/share/common-lisp/ros/moveit_tutorials/msg/_package_ValidJointsFeedback.lisp)
Cleaning: (/home/kotoyah/vs_ws/devel/.private/moveit_tutorials/share/common-lisp/ros/moveit_tutorials/msg/_package_EmptyActionFeedback.lisp, /home/kotoyah/vs_ws/devel/share/common-lisp/ros/moveit_tutorials/msg/_package_EmptyActionFeedback.lisp)
Cleaning: (/home/kotoyah/vs_ws/devel/.private/moveit_tutorials/share/common-lisp/ros/moveit_tutorials/msg/ValidJointsGoal.lisp, /home/kotoyah/vs_ws/devel/share/common-lisp/ros/moveit_tutorials/msg/ValidJointsGoal.lisp)
Cleaning: (/home/kotoyah/vs_ws/devel/.private/moveit_tutorials/share/common-lisp/ros/moveit_tutorials/msg/ValidJointsActionGoal.lisp, /home/kotoyah/vs_ws/devel/share/common-lisp/ros/moveit_tutorials/msg/ValidJointsActionGoal.lisp)
Cleaning: (/home/kotoyah/vs_ws/devel/.private/moveit_tutorials/share/common-lisp/ros/moveit_tutorials/msg/_package_ValidJointsActionGoal.lisp, /home/kotoyah/vs_ws/devel/share/common-lisp/ros/moveit_tutorials/msg/_package_ValidJointsActionGoal.lisp)
Cleaning: (/home/kotoyah/vs_ws/devel/.private/moveit_tutorials/share/common-lisp/ros/moveit_tutorials/msg/EmptyGoal.lisp, /home/kotoyah/vs_ws/devel/share/common-lisp/ros/moveit_tutorials/msg/EmptyGoal.lisp)
Cleaning: (/home/kotoyah/vs_ws/devel/.private/moveit_tutorials/share/common-lisp/ros/moveit_tutorials/msg/_package_EmptyGoal.lisp, /home/kotoyah/vs_ws/devel/share/common-lisp/ros/moveit_tutorials/msg/_package_EmptyGoal.lisp)
Cleaning: (/home/kotoyah/vs_ws/devel/.private/moveit_tutorials/share/common-lisp/ros/moveit_tutorials/msg/EmptyFeedback.lisp, /home/kotoyah/vs_ws/devel/share/common-lisp/ros/moveit_tutorials/msg/EmptyFeedback.lisp)
Cleaning: (/home/kotoyah/vs_ws/devel/.private/moveit_tutorials/share/common-lisp/ros/moveit_tutorials/msg/_package_ValidJointsGoal.lisp, /home/kotoyah/vs_ws/devel/share/common-lisp/ros/moveit_tutorials/msg/_package_ValidJointsGoal.lisp)
Cleaning: (/home/kotoyah/vs_ws/devel/.private/moveit_tutorials/share/common-lisp/ros/moveit_tutorials/msg/moveit_tutorials-msg.asd, /home/kotoyah/vs_ws/devel/share/common-lisp/ros/moveit_tutorials/msg/moveit_tutorials-msg.asd)
Cleaning: (/home/kotoyah/vs_ws/devel/.private/moveit_tutorials/share/common-lisp/ros/moveit_tutorials/msg/EmptyAction.lisp, /home/kotoyah/vs_ws/devel/share/common-lisp/ros/moveit_tutorials/msg/EmptyAction.lisp)
Cleaning: (/home/kotoyah/vs_ws/devel/.private/moveit_tutorials/share/common-lisp/ros/moveit_tutorials/msg/_package_EmptyActionResult.lisp, /home/kotoyah/vs_ws/devel/share/common-lisp/ros/moveit_tutorials/msg/_package_EmptyActionResult.lisp)
Cleaning: (/home/kotoyah/vs_ws/devel/.private/moveit_tutorials/share/common-lisp/ros/moveit_tutorials/msg/_package_ValidJointsAction.lisp, /home/kotoyah/vs_ws/devel/share/common-lisp/ros/moveit_tutorials/msg/_package_ValidJointsAction.lisp)
Cleaning: (/home/kotoyah/vs_ws/devel/.private/moveit_tutorials/share/common-lisp/ros/moveit_tutorials/msg/ValidJointsActionResult.lisp, /home/kotoyah/vs_ws/devel/share/common-lisp/ros/moveit_tutorials/msg/ValidJointsActionResult.lisp)
Cleaning: (/home/kotoyah/vs_ws/devel/.private/moveit_tutorials/share/common-lisp/ros/moveit_tutorials/msg/ValidJointsResult.lisp, /home/kotoyah/vs_ws/devel/share/common-lisp/ros/moveit_tutorials/msg/ValidJointsResult.lisp)
Cleaning: (/home/kotoyah/vs_ws/devel/.private/moveit_tutorials/share/common-lisp/ros/moveit_tutorials/msg/_package_ValidJointsResult.lisp, /home/kotoyah/vs_ws/devel/share/common-lisp/ros/moveit_tutorials/msg/_package_ValidJointsResult.lisp)
Cleaning: (/home/kotoyah/vs_ws/devel/.private/moveit_tutorials/share/common-lisp/ros/moveit_tutorials/msg/_package_EmptyFeedback.lisp, /home/kotoyah/vs_ws/devel/share/common-lisp/ros/moveit_tutorials/msg/_package_EmptyFeedback.lisp)
Cleaning: (/home/kotoyah/vs_ws/devel/.private/moveit_tutorials/share/common-lisp/ros/moveit_tutorials/msg/_package_ValidJointsActionFeedback.lisp, /home/kotoyah/vs_ws/devel/share/common-lisp/ros/moveit_tutorials/msg/_package_ValidJointsActionFeedback.lisp)
Cleaning: (/home/kotoyah/vs_ws/devel/.private/moveit_tutorials/share/common-lisp/ros/moveit_tutorials/msg/ValidJointsActionFeedback.lisp, /home/kotoyah/vs_ws/devel/share/common-lisp/ros/moveit_tutorials/msg/ValidJointsActionFeedback.lisp)
Cleaning: (/home/kotoyah/vs_ws/devel/.private/moveit_tutorials/share/common-lisp/ros/moveit_tutorials/msg/_package_ValidJointsActionResult.lisp, /home/kotoyah/vs_ws/devel/share/common-lisp/ros/moveit_tutorials/msg/_package_ValidJointsActionResult.lisp)
Cleaning: (/home/kotoyah/vs_ws/devel/.private/moveit_tutorials/share/common-lisp/ros/moveit_tutorials/msg/_package_EmptyResult.lisp, /home/kotoyah/vs_ws/devel/share/common-lisp/ros/moveit_tutorials/msg/_package_EmptyResult.lisp)
Cleaning: (/home/kotoyah/vs_ws/devel/.private/moveit_tutorials/share/common-lisp/ros/moveit_tutorials/msg/EmptyResult.lisp, /home/kotoyah/vs_ws/devel/share/common-lisp/ros/moveit_tutorials/msg/EmptyResult.lisp)
Cleaning: (/home/kotoyah/vs_ws/devel/.private/moveit_tutorials/share/common-lisp/ros/moveit_tutorials/msg/_package.lisp, /home/kotoyah/vs_ws/devel/share/common-lisp/ros/moveit_tutorials/msg/_package.lisp)
Cleaning: (/home/kotoyah/vs_ws/devel/.private/moveit_tutorials/share/common-lisp/ros/moveit_tutorials/msg/EmptyActionGoal.lisp, /home/kotoyah/vs_ws/devel/share/common-lisp/ros/moveit_tutorials/msg/EmptyActionGoal.lisp)
Cleaning: (/home/kotoyah/vs_ws/devel/.private/moveit_tutorials/share/common-lisp/ros/moveit_tutorials/msg/_package_EmptyAction.lisp, /home/kotoyah/vs_ws/devel/share/common-lisp/ros/moveit_tutorials/msg/_package_EmptyAction.lisp)
Cleaning: (/home/kotoyah/vs_ws/devel/.private/moveit_tutorials/share/common-lisp/ros/moveit_tutorials/msg/EmptyActionFeedback.lisp, /home/kotoyah/vs_ws/devel/share/common-lisp/ros/moveit_tutorials/msg/EmptyActionFeedback.lisp)
Cleaning: (/home/kotoyah/vs_ws/devel/.private/moveit_tutorials/share/common-lisp/ros/moveit_tutorials/msg/_package_EmptyActionGoal.lisp, /home/kotoyah/vs_ws/devel/share/common-lisp/ros/moveit_tutorials/msg/_package_EmptyActionGoal.lisp)
Cleaning: (/home/kotoyah/vs_ws/devel/.private/moveit_tutorials/share/common-lisp/ros/moveit_tutorials/msg/ValidJointsAction.lisp, /home/kotoyah/vs_ws/devel/share/common-lisp/ros/moveit_tutorials/msg/ValidJointsAction.lisp)
Cleaning: (/home/kotoyah/vs_ws/devel/.private/moveit_tutorials/share/common-lisp/ros/moveit_tutorials/srv/GettfPose.lisp, /home/kotoyah/vs_ws/devel/share/common-lisp/ros/moveit_tutorials/srv/GettfPose.lisp)
Cleaning: (/home/kotoyah/vs_ws/devel/.private/moveit_tutorials/share/common-lisp/ros/moveit_tutorials/srv/moveit_tutorials-srv.asd, /home/kotoyah/vs_ws/devel/share/common-lisp/ros/moveit_tutorials/srv/moveit_tutorials-srv.asd)
Cleaning: (/home/kotoyah/vs_ws/devel/.private/moveit_tutorials/share/common-lisp/ros/moveit_tutorials/srv/GetCurrentJointVel.lisp, /home/kotoyah/vs_ws/devel/share/common-lisp/ros/moveit_tutorials/srv/GetCurrentJointVel.lisp)
Cleaning: (/home/kotoyah/vs_ws/devel/.private/moveit_tutorials/share/common-lisp/ros/moveit_tutorials/srv/_package_GetCurrentImageData.lisp, /home/kotoyah/vs_ws/devel/share/common-lisp/ros/moveit_tutorials/srv/_package_GetCurrentImageData.lisp)
Cleaning: (/home/kotoyah/vs_ws/devel/.private/moveit_tutorials/share/common-lisp/ros/moveit_tutorials/srv/GetCurrentImageData.lisp, /home/kotoyah/vs_ws/devel/share/common-lisp/ros/moveit_tutorials/srv/GetCurrentImageData.lisp)
Cleaning: (/home/kotoyah/vs_ws/devel/.private/moveit_tutorials/share/common-lisp/ros/moveit_tutorials/srv/_package_GetCurrentCount.lisp, /home/kotoyah/vs_ws/devel/share/common-lisp/ros/moveit_tutorials/srv/_package_GetCurrentCount.lisp)
Cleaning: (/home/kotoyah/vs_ws/devel/.private/moveit_tutorials/share/common-lisp/ros/moveit_tutorials/srv/_package_GetCurrentImage.lisp, /home/kotoyah/vs_ws/devel/share/common-lisp/ros/moveit_tutorials/srv/_package_GetCurrentImage.lisp)
Cleaning: (/home/kotoyah/vs_ws/devel/.private/moveit_tutorials/share/common-lisp/ros/moveit_tutorials/srv/GetCurrentImage.lisp, /home/kotoyah/vs_ws/devel/share/common-lisp/ros/moveit_tutorials/srv/GetCurrentImage.lisp)
Cleaning: (/home/kotoyah/vs_ws/devel/.private/moveit_tutorials/share/common-lisp/ros/moveit_tutorials/srv/GetCurrentCount.lisp, /home/kotoyah/vs_ws/devel/share/common-lisp/ros/moveit_tutorials/srv/GetCurrentCount.lisp)
Cleaning: (/home/kotoyah/vs_ws/devel/.private/moveit_tutorials/share/common-lisp/ros/moveit_tutorials/srv/_package_GettfPose.lisp, /home/kotoyah/vs_ws/devel/share/common-lisp/ros/moveit_tutorials/srv/_package_GettfPose.lisp)
Cleaning: (/home/kotoyah/vs_ws/devel/.private/moveit_tutorials/share/common-lisp/ros/moveit_tutorials/srv/_package.lisp, /home/kotoyah/vs_ws/devel/share/common-lisp/ros/moveit_tutorials/srv/_package.lisp)
Cleaning: (/home/kotoyah/vs_ws/devel/.private/moveit_tutorials/share/common-lisp/ros/moveit_tutorials/srv/_package_GetCurrentJointVel.lisp, /home/kotoyah/vs_ws/devel/share/common-lisp/ros/moveit_tutorials/srv/_package_GetCurrentJointVel.lisp)
Cleaning: (/home/kotoyah/vs_ws/devel/.private/moveit_tutorials/share/roseus/ros/moveit_tutorials/manifest.l, /home/kotoyah/vs_ws/devel/share/roseus/ros/moveit_tutorials/manifest.l)
Cleaning: (/home/kotoyah/vs_ws/devel/.private/moveit_tutorials/share/roseus/ros/moveit_tutorials/msg/EmptyActionResult.l, /home/kotoyah/vs_ws/devel/share/roseus/ros/moveit_tutorials/msg/EmptyActionResult.l)
Cleaning: (/home/kotoyah/vs_ws/devel/.private/moveit_tutorials/share/roseus/ros/moveit_tutorials/msg/ValidJointsFeedback.l, /home/kotoyah/vs_ws/devel/share/roseus/ros/moveit_tutorials/msg/ValidJointsFeedback.l)
Cleaning: (/home/kotoyah/vs_ws/devel/.private/moveit_tutorials/share/roseus/ros/moveit_tutorials/msg/ValidJointsActionResult.l, /home/kotoyah/vs_ws/devel/share/roseus/ros/moveit_tutorials/msg/ValidJointsActionResult.l)
Cleaning: (/home/kotoyah/vs_ws/devel/.private/moveit_tutorials/share/roseus/ros/moveit_tutorials/msg/ValidJointsResult.l, /home/kotoyah/vs_ws/devel/share/roseus/ros/moveit_tutorials/msg/ValidJointsResult.l)
Cleaning: (/home/kotoyah/vs_ws/devel/.private/moveit_tutorials/share/roseus/ros/moveit_tutorials/msg/EmptyActionFeedback.l, /home/kotoyah/vs_ws/devel/share/roseus/ros/moveit_tutorials/msg/EmptyActionFeedback.l)
Cleaning: (/home/kotoyah/vs_ws/devel/.private/moveit_tutorials/share/roseus/ros/moveit_tutorials/msg/EmptyAction.l, /home/kotoyah/vs_ws/devel/share/roseus/ros/moveit_tutorials/msg/EmptyAction.l)
Cleaning: (/home/kotoyah/vs_ws/devel/.private/moveit_tutorials/share/roseus/ros/moveit_tutorials/msg/EmptyFeedback.l, /home/kotoyah/vs_ws/devel/share/roseus/ros/moveit_tutorials/msg/EmptyFeedback.l)
Cleaning: (/home/kotoyah/vs_ws/devel/.private/moveit_tutorials/share/roseus/ros/moveit_tutorials/msg/EmptyActionGoal.l, /home/kotoyah/vs_ws/devel/share/roseus/ros/moveit_tutorials/msg/EmptyActionGoal.l)
Cleaning: (/home/kotoyah/vs_ws/devel/.private/moveit_tutorials/share/roseus/ros/moveit_tutorials/msg/ValidJointsAction.l, /home/kotoyah/vs_ws/devel/share/roseus/ros/moveit_tutorials/msg/ValidJointsAction.l)
Cleaning: (/home/kotoyah/vs_ws/devel/.private/moveit_tutorials/share/roseus/ros/moveit_tutorials/msg/EmptyGoal.l, /home/kotoyah/vs_ws/devel/share/roseus/ros/moveit_tutorials/msg/EmptyGoal.l)
Cleaning: (/home/kotoyah/vs_ws/devel/.private/moveit_tutorials/share/roseus/ros/moveit_tutorials/msg/ValidJointsGoal.l, /home/kotoyah/vs_ws/devel/share/roseus/ros/moveit_tutorials/msg/ValidJointsGoal.l)
Cleaning: (/home/kotoyah/vs_ws/devel/.private/moveit_tutorials/share/roseus/ros/moveit_tutorials/msg/ValidJointsActionFeedback.l, /home/kotoyah/vs_ws/devel/share/roseus/ros/moveit_tutorials/msg/ValidJointsActionFeedback.l)
Cleaning: (/home/kotoyah/vs_ws/devel/.private/moveit_tutorials/share/roseus/ros/moveit_tutorials/msg/EmptyResult.l, /home/kotoyah/vs_ws/devel/share/roseus/ros/moveit_tutorials/msg/EmptyResult.l)
Cleaning: (/home/kotoyah/vs_ws/devel/.private/moveit_tutorials/share/roseus/ros/moveit_tutorials/msg/ValidJointsActionGoal.l, /home/kotoyah/vs_ws/devel/share/roseus/ros/moveit_tutorials/msg/ValidJointsActionGoal.l)
Cleaning: (/home/kotoyah/vs_ws/devel/.private/moveit_tutorials/share/roseus/ros/moveit_tutorials/srv/GettfPose.l, /home/kotoyah/vs_ws/devel/share/roseus/ros/moveit_tutorials/srv/GettfPose.l)
Cleaning: (/home/kotoyah/vs_ws/devel/.private/moveit_tutorials/share/roseus/ros/moveit_tutorials/srv/GetCurrentImageData.l, /home/kotoyah/vs_ws/devel/share/roseus/ros/moveit_tutorials/srv/GetCurrentImageData.l)
Cleaning: (/home/kotoyah/vs_ws/devel/.private/moveit_tutorials/share/roseus/ros/moveit_tutorials/srv/GetCurrentImage.l, /home/kotoyah/vs_ws/devel/share/roseus/ros/moveit_tutorials/srv/GetCurrentImage.l)
Cleaning: (/home/kotoyah/vs_ws/devel/.private/moveit_tutorials/share/roseus/ros/moveit_tutorials/srv/GetCurrentCount.l, /home/kotoyah/vs_ws/devel/share/roseus/ros/moveit_tutorials/srv/GetCurrentCount.l)
Cleaning: (/home/kotoyah/vs_ws/devel/.private/moveit_tutorials/share/roseus/ros/moveit_tutorials/srv/GetCurrentJointVel.l, /home/kotoyah/vs_ws/devel/share/roseus/ros/moveit_tutorials/srv/GetCurrentJointVel.l)
Cleaning: (/home/kotoyah/vs_ws/devel/.private/moveit_tutorials/include/moveit_tutorials/EmptyActionGoal.h, /home/kotoyah/vs_ws/devel/include/moveit_tutorials/EmptyActionGoal.h)
Cleaning: (/home/kotoyah/vs_ws/devel/.private/moveit_tutorials/include/moveit_tutorials/EmptyActionResult.h, /home/kotoyah/vs_ws/devel/include/moveit_tutorials/EmptyActionResult.h)
Cleaning: (/home/kotoyah/vs_ws/devel/.private/moveit_tutorials/include/moveit_tutorials/EmptyFeedback.h, /home/kotoyah/vs_ws/devel/include/moveit_tutorials/EmptyFeedback.h)
Cleaning: (/home/kotoyah/vs_ws/devel/.private/moveit_tutorials/include/moveit_tutorials/ValidJointsFeedback.h, /home/kotoyah/vs_ws/devel/include/moveit_tutorials/ValidJointsFeedback.h)
Cleaning: (/home/kotoyah/vs_ws/devel/.private/moveit_tutorials/include/moveit_tutorials/GetCurrentJointVelResponse.h, /home/kotoyah/vs_ws/devel/include/moveit_tutorials/GetCurrentJointVelResponse.h)
Cleaning: (/home/kotoyah/vs_ws/devel/.private/moveit_tutorials/include/moveit_tutorials/GettfPose.h, /home/kotoyah/vs_ws/devel/include/moveit_tutorials/GettfPose.h)
Cleaning: (/home/kotoyah/vs_ws/devel/.private/moveit_tutorials/include/moveit_tutorials/EmptyGoal.h, /home/kotoyah/vs_ws/devel/include/moveit_tutorials/EmptyGoal.h)
Cleaning: (/home/kotoyah/vs_ws/devel/.private/moveit_tutorials/include/moveit_tutorials/GetCurrentCount.h, /home/kotoyah/vs_ws/devel/include/moveit_tutorials/GetCurrentCount.h)
Cleaning: (/home/kotoyah/vs_ws/devel/.private/moveit_tutorials/include/moveit_tutorials/EmptyResult.h, /home/kotoyah/vs_ws/devel/include/moveit_tutorials/EmptyResult.h)
Cleaning: (/home/kotoyah/vs_ws/devel/.private/moveit_tutorials/include/moveit_tutorials/GetCurrentCountRequest.h, /home/kotoyah/vs_ws/devel/include/moveit_tutorials/GetCurrentCountRequest.h)
Cleaning: (/home/kotoyah/vs_ws/devel/.private/moveit_tutorials/include/moveit_tutorials/GetCurrentImageDataResponse.h, /home/kotoyah/vs_ws/devel/include/moveit_tutorials/GetCurrentImageDataResponse.h)
Cleaning: (/home/kotoyah/vs_ws/devel/.private/moveit_tutorials/include/moveit_tutorials/GetCurrentCountResponse.h, /home/kotoyah/vs_ws/devel/include/moveit_tutorials/GetCurrentCountResponse.h)
Cleaning: (/home/kotoyah/vs_ws/devel/.private/moveit_tutorials/include/moveit_tutorials/GetCurrentImageRequest.h, /home/kotoyah/vs_ws/devel/include/moveit_tutorials/GetCurrentImageRequest.h)
Cleaning: (/home/kotoyah/vs_ws/devel/.private/moveit_tutorials/include/moveit_tutorials/GetCurrentImageResponse.h, /home/kotoyah/vs_ws/devel/include/moveit_tutorials/GetCurrentImageResponse.h)
Cleaning: (/home/kotoyah/vs_ws/devel/.private/moveit_tutorials/include/moveit_tutorials/ValidJointsResult.h, /home/kotoyah/vs_ws/devel/include/moveit_tutorials/ValidJointsResult.h)
Cleaning: (/home/kotoyah/vs_ws/devel/.private/moveit_tutorials/include/moveit_tutorials/GetCurrentJointVelRequest.h, /home/kotoyah/vs_ws/devel/include/moveit_tutorials/GetCurrentJointVelRequest.h)
Cleaning: (/home/kotoyah/vs_ws/devel/.private/moveit_tutorials/include/moveit_tutorials/EmptyActionFeedback.h, /home/kotoyah/vs_ws/devel/include/moveit_tutorials/EmptyActionFeedback.h)
Cleaning: (/home/kotoyah/vs_ws/devel/.private/moveit_tutorials/include/moveit_tutorials/GetCurrentImageDataRequest.h, /home/kotoyah/vs_ws/devel/include/moveit_tutorials/GetCurrentImageDataRequest.h)
Cleaning: (/home/kotoyah/vs_ws/devel/.private/moveit_tutorials/include/moveit_tutorials/EmptyAction.h, /home/kotoyah/vs_ws/devel/include/moveit_tutorials/EmptyAction.h)
Cleaning: (/home/kotoyah/vs_ws/devel/.private/moveit_tutorials/include/moveit_tutorials/GetCurrentImage.h, /home/kotoyah/vs_ws/devel/include/moveit_tutorials/GetCurrentImage.h)
Cleaning: (/home/kotoyah/vs_ws/devel/.private/moveit_tutorials/include/moveit_tutorials/GettfPoseRequest.h, /home/kotoyah/vs_ws/devel/include/moveit_tutorials/GettfPoseRequest.h)
Cleaning: (/home/kotoyah/vs_ws/devel/.private/moveit_tutorials/include/moveit_tutorials/ValidJointsGoal.h, /home/kotoyah/vs_ws/devel/include/moveit_tutorials/ValidJointsGoal.h)
Cleaning: (/home/kotoyah/vs_ws/devel/.private/moveit_tutorials/include/moveit_tutorials/GetCurrentImageData.h, /home/kotoyah/vs_ws/devel/include/moveit_tutorials/GetCurrentImageData.h)
Cleaning: (/home/kotoyah/vs_ws/devel/.private/moveit_tutorials/include/moveit_tutorials/ValidJointsActionResult.h, /home/kotoyah/vs_ws/devel/include/moveit_tutorials/ValidJointsActionResult.h)
Cleaning: (/home/kotoyah/vs_ws/devel/.private/moveit_tutorials/include/moveit_tutorials/ValidJointsActionFeedback.h, /home/kotoyah/vs_ws/devel/include/moveit_tutorials/ValidJointsActionFeedback.h)
Cleaning: (/home/kotoyah/vs_ws/devel/.private/moveit_tutorials/include/moveit_tutorials/GettfPoseResponse.h, /home/kotoyah/vs_ws/devel/include/moveit_tutorials/GettfPoseResponse.h)
Cleaning: (/home/kotoyah/vs_ws/devel/.private/moveit_tutorials/include/moveit_tutorials/ValidJointsActionGoal.h, /home/kotoyah/vs_ws/devel/include/moveit_tutorials/ValidJointsActionGoal.h)
Cleaning: (/home/kotoyah/vs_ws/devel/.private/moveit_tutorials/include/moveit_tutorials/ValidJointsAction.h, /home/kotoyah/vs_ws/devel/include/moveit_tutorials/ValidJointsAction.h)
Cleaning: (/home/kotoyah/vs_ws/devel/.private/moveit_tutorials/include/moveit_tutorials/GetCurrentJointVel.h, /home/kotoyah/vs_ws/devel/include/moveit_tutorials/GetCurrentJointVel.h)
Cleaning: (/home/kotoyah/vs_ws/devel/.private/moveit_tutorials/lib/libinteractivity_utils.so, /home/kotoyah/vs_ws/devel/lib/libinteractivity_utils.so)
Cleaning: (/home/kotoyah/vs_ws/devel/.private/moveit_tutorials/lib/moveit_tutorials/planning_scene_ros_api_tutorial, /home/kotoyah/vs_ws/devel/lib/moveit_tutorials/planning_scene_ros_api_tutorial)
Cleaning: (/home/kotoyah/vs_ws/devel/.private/moveit_tutorials/lib/moveit_tutorials/motion_planning_pipeline_tutorial, /home/kotoyah/vs_ws/devel/lib/moveit_tutorials/motion_planning_pipeline_tutorial)
Cleaning: (/home/kotoyah/vs_ws/devel/.private/moveit_tutorials/lib/moveit_tutorials/move_group_python_interface_tutorial.py, /home/kotoyah/vs_ws/devel/lib/moveit_tutorials/move_group_python_interface_tutorial.py)
Cleaning: (/home/kotoyah/vs_ws/devel/.private/moveit_tutorials/lib/moveit_tutorials/planning_scene_tutorial, /home/kotoyah/vs_ws/devel/lib/moveit_tutorials/planning_scene_tutorial)
Cleaning: (/home/kotoyah/vs_ws/devel/.private/moveit_tutorials/lib/moveit_tutorials/move_group_interface_tutorial, /home/kotoyah/vs_ws/devel/lib/moveit_tutorials/move_group_interface_tutorial)
Cleaning: (/home/kotoyah/vs_ws/devel/.private/moveit_tutorials/lib/moveit_tutorials/pick_place_tutorial, /home/kotoyah/vs_ws/devel/lib/moveit_tutorials/pick_place_tutorial)
Cleaning: (/home/kotoyah/vs_ws/devel/.private/moveit_tutorials/lib/moveit_tutorials/cmake.lock, /home/kotoyah/vs_ws/devel/lib/moveit_tutorials/cmake.lock)
Cleaning: (/home/kotoyah/vs_ws/devel/.private/moveit_tutorials/lib/moveit_tutorials/detect_and_add_cylinder_collision_object_demo, /home/kotoyah/vs_ws/devel/lib/moveit_tutorials/detect_and_add_cylinder_collision_object_demo)
Cleaning: (/home/kotoyah/vs_ws/devel/.private/moveit_tutorials/lib/moveit_tutorials/motion_planning_api_tutorial, /home/kotoyah/vs_ws/devel/lib/moveit_tutorials/motion_planning_api_tutorial)
Cleaning: (/home/kotoyah/vs_ws/devel/.private/moveit_tutorials/lib/moveit_tutorials/state_display_tutorial, /home/kotoyah/vs_ws/devel/lib/moveit_tutorials/state_display_tutorial)
Cleaning: (/home/kotoyah/vs_ws/devel/.private/moveit_tutorials/lib/moveit_tutorials/ros_api_tutorial, /home/kotoyah/vs_ws/devel/lib/moveit_tutorials/ros_api_tutorial)
Cleaning: (/home/kotoyah/vs_ws/devel/.private/moveit_tutorials/lib/moveit_tutorials/bag_publisher_maintain_time, /home/kotoyah/vs_ws/devel/lib/moveit_tutorials/bag_publisher_maintain_time)
Cleaning: (/home/kotoyah/vs_ws/devel/.private/moveit_tutorials/lib/moveit_tutorials/robot_model_and_robot_state_tutorial, /home/kotoyah/vs_ws/devel/lib/moveit_tutorials/robot_model_and_robot_state_tutorial)
Cleaning: (/home/kotoyah/vs_ws/devel/.private/moveit_tutorials/lib/moveit_tutorials/visualizing_collisions_tutorial, /home/kotoyah/vs_ws/devel/lib/moveit_tutorials/visualizing_collisions_tutorial)
Cleaning: (/home/kotoyah/vs_ws/devel/.private/moveit_tutorials/lib/python3/dist-packages/moveit_tutorials/__init__.py, /home/kotoyah/vs_ws/devel/lib/python3/dist-packages/moveit_tutorials/__init__.py)
Cleaning: (/home/kotoyah/vs_ws/devel/.private/moveit_tutorials/lib/python3/dist-packages/moveit_tutorials/msg/_ValidJointsAction.py, /home/kotoyah/vs_ws/devel/lib/python3/dist-packages/moveit_tutorials/msg/_ValidJointsAction.py)
Cleaning: (/home/kotoyah/vs_ws/devel/.private/moveit_tutorials/lib/python3/dist-packages/moveit_tutorials/msg/_ValidJointsActionFeedback.py, /home/kotoyah/vs_ws/devel/lib/python3/dist-packages/moveit_tutorials/msg/_ValidJointsActionFeedback.py)
Cleaning: (/home/kotoyah/vs_ws/devel/.private/moveit_tutorials/lib/python3/dist-packages/moveit_tutorials/msg/__init__.py, /home/kotoyah/vs_ws/devel/lib/python3/dist-packages/moveit_tutorials/msg/__init__.py)
Cleaning: (/home/kotoyah/vs_ws/devel/.private/moveit_tutorials/lib/python3/dist-packages/moveit_tutorials/msg/_ValidJointsActionGoal.py, /home/kotoyah/vs_ws/devel/lib/python3/dist-packages/moveit_tutorials/msg/_ValidJointsActionGoal.py)
Cleaning: (/home/kotoyah/vs_ws/devel/.private/moveit_tutorials/lib/python3/dist-packages/moveit_tutorials/msg/_EmptyGoal.py, /home/kotoyah/vs_ws/devel/lib/python3/dist-packages/moveit_tutorials/msg/_EmptyGoal.py)
Cleaning: (/home/kotoyah/vs_ws/devel/.private/moveit_tutorials/lib/python3/dist-packages/moveit_tutorials/msg/_ValidJointsResult.py, /home/kotoyah/vs_ws/devel/lib/python3/dist-packages/moveit_tutorials/msg/_ValidJointsResult.py)
Cleaning: (/home/kotoyah/vs_ws/devel/.private/moveit_tutorials/lib/python3/dist-packages/moveit_tutorials/msg/_ValidJointsGoal.py, /home/kotoyah/vs_ws/devel/lib/python3/dist-packages/moveit_tutorials/msg/_ValidJointsGoal.py)
Cleaning: (/home/kotoyah/vs_ws/devel/.private/moveit_tutorials/lib/python3/dist-packages/moveit_tutorials/msg/_EmptyFeedback.py, /home/kotoyah/vs_ws/devel/lib/python3/dist-packages/moveit_tutorials/msg/_EmptyFeedback.py)
Cleaning: (/home/kotoyah/vs_ws/devel/.private/moveit_tutorials/lib/python3/dist-packages/moveit_tutorials/msg/_ValidJointsActionResult.py, /home/kotoyah/vs_ws/devel/lib/python3/dist-packages/moveit_tutorials/msg/_ValidJointsActionResult.py)
Cleaning: (/home/kotoyah/vs_ws/devel/.private/moveit_tutorials/lib/python3/dist-packages/moveit_tutorials/msg/_EmptyActionResult.py, /home/kotoyah/vs_ws/devel/lib/python3/dist-packages/moveit_tutorials/msg/_EmptyActionResult.py)
Cleaning: (/home/kotoyah/vs_ws/devel/.private/moveit_tutorials/lib/python3/dist-packages/moveit_tutorials/msg/_EmptyAction.py, /home/kotoyah/vs_ws/devel/lib/python3/dist-packages/moveit_tutorials/msg/_EmptyAction.py)
Cleaning: (/home/kotoyah/vs_ws/devel/.private/moveit_tutorials/lib/python3/dist-packages/moveit_tutorials/msg/_EmptyActionFeedback.py, /home/kotoyah/vs_ws/devel/lib/python3/dist-packages/moveit_tutorials/msg/_EmptyActionFeedback.py)
Cleaning: (/home/kotoyah/vs_ws/devel/.private/moveit_tutorials/lib/python3/dist-packages/moveit_tutorials/msg/_EmptyResult.py, /home/kotoyah/vs_ws/devel/lib/python3/dist-packages/moveit_tutorials/msg/_EmptyResult.py)
Cleaning: (/home/kotoyah/vs_ws/devel/.private/moveit_tutorials/lib/python3/dist-packages/moveit_tutorials/msg/_ValidJointsFeedback.py, /home/kotoyah/vs_ws/devel/lib/python3/dist-packages/moveit_tutorials/msg/_ValidJointsFeedback.py)
Cleaning: (/home/kotoyah/vs_ws/devel/.private/moveit_tutorials/lib/python3/dist-packages/moveit_tutorials/msg/_EmptyActionGoal.py, /home/kotoyah/vs_ws/devel/lib/python3/dist-packages/moveit_tutorials/msg/_EmptyActionGoal.py)
Cleaning: (/home/kotoyah/vs_ws/devel/.private/moveit_tutorials/lib/python3/dist-packages/moveit_tutorials/srv/_GetCurrentJointVel.py, /home/kotoyah/vs_ws/devel/lib/python3/dist-packages/moveit_tutorials/srv/_GetCurrentJointVel.py)
Cleaning: (/home/kotoyah/vs_ws/devel/.private/moveit_tutorials/lib/python3/dist-packages/moveit_tutorials/srv/_GetCurrentCount.py, /home/kotoyah/vs_ws/devel/lib/python3/dist-packages/moveit_tutorials/srv/_GetCurrentCount.py)
Cleaning: (/home/kotoyah/vs_ws/devel/.private/moveit_tutorials/lib/python3/dist-packages/moveit_tutorials/srv/__init__.py, /home/kotoyah/vs_ws/devel/lib/python3/dist-packages/moveit_tutorials/srv/__init__.py)
Cleaning: (/home/kotoyah/vs_ws/devel/.private/moveit_tutorials/lib/python3/dist-packages/moveit_tutorials/srv/_GettfPose.py, /home/kotoyah/vs_ws/devel/lib/python3/dist-packages/moveit_tutorials/srv/_GettfPose.py)
Cleaning: (/home/kotoyah/vs_ws/devel/.private/moveit_tutorials/lib/python3/dist-packages/moveit_tutorials/srv/_GetCurrentImage.py, /home/kotoyah/vs_ws/devel/lib/python3/dist-packages/moveit_tutorials/srv/_GetCurrentImage.py)
Cleaning: (/home/kotoyah/vs_ws/devel/.private/moveit_tutorials/lib/python3/dist-packages/moveit_tutorials/srv/_GetCurrentImageData.py, /home/kotoyah/vs_ws/devel/lib/python3/dist-packages/moveit_tutorials/srv/_GetCurrentImageData.py)
Cleaning: (/home/kotoyah/vs_ws/devel/.private/moveit_tutorials/lib/pkgconfig/moveit_tutorials.pc, /home/kotoyah/vs_ws/devel/lib/pkgconfig/moveit_tutorials.pc)
Unlinking: /home/kotoyah/vs_ws/devel/share/gennodejs/ros/moveit_tutorials/_index.js
Already unlinked: {}
Unlinking: /home/kotoyah/vs_ws/devel/share/gennodejs/ros/moveit_tutorials/msg/ValidJointsGoal.js
Already unlinked: {}
Unlinking: /home/kotoyah/vs_ws/devel/share/gennodejs/ros/moveit_tutorials/msg/ValidJointsResult.js
Already unlinked: {}
Unlinking: /home/kotoyah/vs_ws/devel/share/gennodejs/ros/moveit_tutorials/msg/EmptyActionFeedback.js
Already unlinked: {}
Unlinking: /home/kotoyah/vs_ws/devel/share/gennodejs/ros/moveit_tutorials/msg/ValidJointsActionResult.js
Already unlinked: {}
Unlinking: /home/kotoyah/vs_ws/devel/share/gennodejs/ros/moveit_tutorials/msg/ValidJointsActionGoal.js
Already unlinked: {}
Unlinking: /home/kotoyah/vs_ws/devel/share/gennodejs/ros/moveit_tutorials/msg/_index.js
Already unlinked: {}
Unlinking: /home/kotoyah/vs_ws/devel/share/gennodejs/ros/moveit_tutorials/msg/EmptyGoal.js
Already unlinked: {}
Unlinking: /home/kotoyah/vs_ws/devel/share/gennodejs/ros/moveit_tutorials/msg/EmptyFeedback.js
Already unlinked: {}
Unlinking: /home/kotoyah/vs_ws/devel/share/gennodejs/ros/moveit_tutorials/msg/EmptyActionResult.js
Already unlinked: {}
Unlinking: /home/kotoyah/vs_ws/devel/share/gennodejs/ros/moveit_tutorials/msg/ValidJointsAction.js
Already unlinked: {}
Unlinking: /home/kotoyah/vs_ws/devel/share/gennodejs/ros/moveit_tutorials/msg/EmptyResult.js
Already unlinked: {}
Unlinking: /home/kotoyah/vs_ws/devel/share/gennodejs/ros/moveit_tutorials/msg/EmptyAction.js
Already unlinked: {}
Unlinking: /home/kotoyah/vs_ws/devel/share/gennodejs/ros/moveit_tutorials/msg/ValidJointsActionFeedback.js
Already unlinked: {}
Unlinking: /home/kotoyah/vs_ws/devel/share/gennodejs/ros/moveit_tutorials/msg/EmptyActionGoal.js
Already unlinked: {}
Unlinking: /home/kotoyah/vs_ws/devel/share/gennodejs/ros/moveit_tutorials/msg/ValidJointsFeedback.js
Already unlinked: {}
Unlinking: /home/kotoyah/vs_ws/devel/share/gennodejs/ros/moveit_tutorials/srv/GetCurrentCount.js
Already unlinked: {}
Unlinking: /home/kotoyah/vs_ws/devel/share/gennodejs/ros/moveit_tutorials/srv/GetCurrentJointVel.js
Already unlinked: {}
Unlinking: /home/kotoyah/vs_ws/devel/share/gennodejs/ros/moveit_tutorials/srv/_index.js
Already unlinked: {}
Unlinking: /home/kotoyah/vs_ws/devel/share/gennodejs/ros/moveit_tutorials/srv/GetCurrentImageData.js
Already unlinked: {}
Unlinking: /home/kotoyah/vs_ws/devel/share/gennodejs/ros/moveit_tutorials/srv/GetCurrentImage.js
Already unlinked: {}
Unlinking: /home/kotoyah/vs_ws/devel/share/gennodejs/ros/moveit_tutorials/srv/GettfPose.js
Already unlinked: {}
Unlinking: /home/kotoyah/vs_ws/devel/share/moveit_tutorials/msg/ValidJointsGoal.msg
Already unlinked: {}
Unlinking: /home/kotoyah/vs_ws/devel/share/moveit_tutorials/msg/EmptyResult.msg
Already unlinked: {}
Unlinking: /home/kotoyah/vs_ws/devel/share/moveit_tutorials/msg/ValidJointsAction.msg
Already unlinked: {}
Unlinking: /home/kotoyah/vs_ws/devel/share/moveit_tutorials/msg/EmptyGoal.msg
Already unlinked: {}
Unlinking: /home/kotoyah/vs_ws/devel/share/moveit_tutorials/msg/EmptyActionGoal.msg
Already unlinked: {}
Unlinking: /home/kotoyah/vs_ws/devel/share/moveit_tutorials/msg/EmptyFeedback.msg
Already unlinked: {}
Unlinking: /home/kotoyah/vs_ws/devel/share/moveit_tutorials/msg/EmptyAction.msg
Already unlinked: {}
Unlinking: /home/kotoyah/vs_ws/devel/share/moveit_tutorials/msg/EmptyActionFeedback.msg
Already unlinked: {}
Unlinking: /home/kotoyah/vs_ws/devel/share/moveit_tutorials/msg/ValidJointsResult.msg
Already unlinked: {}
Unlinking: /home/kotoyah/vs_ws/devel/share/moveit_tutorials/msg/ValidJointsActionGoal.msg
Already unlinked: {}
Unlinking: /home/kotoyah/vs_ws/devel/share/moveit_tutorials/msg/EmptyActionResult.msg
Already unlinked: {}
Unlinking: /home/kotoyah/vs_ws/devel/share/moveit_tutorials/msg/ValidJointsActionResult.msg
Already unlinked: {}
Unlinking: /home/kotoyah/vs_ws/devel/share/moveit_tutorials/msg/ValidJointsFeedback.msg
Already unlinked: {}
Unlinking: /home/kotoyah/vs_ws/devel/share/moveit_tutorials/msg/ValidJointsActionFeedback.msg
Already unlinked: {}
Unlinking: /home/kotoyah/vs_ws/devel/share/moveit_tutorials/cmake/moveit_tutorials-msg-paths.cmake
Already unlinked: {}
Unlinking: /home/kotoyah/vs_ws/devel/share/moveit_tutorials/cmake/moveit_tutorialsConfig-version.cmake
Already unlinked: {}
Unlinking: /home/kotoyah/vs_ws/devel/share/moveit_tutorials/cmake/moveit_tutorialsConfig.cmake
Already unlinked: {}
Unlinking: /home/kotoyah/vs_ws/devel/share/moveit_tutorials/cmake/moveit_tutorials-msg-extras.cmake
Already unlinked: {}
Unlinking: /home/kotoyah/vs_ws/devel/share/common-lisp/ros/moveit_tutorials/msg/EmptyActionResult.lisp
Already unlinked: {}
Unlinking: /home/kotoyah/vs_ws/devel/share/common-lisp/ros/moveit_tutorials/msg/ValidJointsFeedback.lisp
Already unlinked: {}
Unlinking: /home/kotoyah/vs_ws/devel/share/common-lisp/ros/moveit_tutorials/msg/_package_ValidJointsFeedback.lisp
Already unlinked: {}
Unlinking: /home/kotoyah/vs_ws/devel/share/common-lisp/ros/moveit_tutorials/msg/_package_EmptyActionFeedback.lisp
Already unlinked: {}
Unlinking: /home/kotoyah/vs_ws/devel/share/common-lisp/ros/moveit_tutorials/msg/ValidJointsGoal.lisp
Already unlinked: {}
Unlinking: /home/kotoyah/vs_ws/devel/share/common-lisp/ros/moveit_tutorials/msg/ValidJointsActionGoal.lisp
Already unlinked: {}
Unlinking: /home/kotoyah/vs_ws/devel/share/common-lisp/ros/moveit_tutorials/msg/_package_ValidJointsActionGoal.lisp
Already unlinked: {}
Unlinking: /home/kotoyah/vs_ws/devel/share/common-lisp/ros/moveit_tutorials/msg/EmptyGoal.lisp
Already unlinked: {}
Unlinking: /home/kotoyah/vs_ws/devel/share/common-lisp/ros/moveit_tutorials/msg/_package_EmptyGoal.lisp
Already unlinked: {}
Unlinking: /home/kotoyah/vs_ws/devel/share/common-lisp/ros/moveit_tutorials/msg/EmptyFeedback.lisp
Already unlinked: {}
Unlinking: /home/kotoyah/vs_ws/devel/share/common-lisp/ros/moveit_tutorials/msg/_package_ValidJointsGoal.lisp
Already unlinked: {}
Unlinking: /home/kotoyah/vs_ws/devel/share/common-lisp/ros/moveit_tutorials/msg/moveit_tutorials-msg.asd
Already unlinked: {}
Unlinking: /home/kotoyah/vs_ws/devel/share/common-lisp/ros/moveit_tutorials/msg/EmptyAction.lisp
Already unlinked: {}
Unlinking: /home/kotoyah/vs_ws/devel/share/common-lisp/ros/moveit_tutorials/msg/_package_EmptyActionResult.lisp
Already unlinked: {}
Unlinking: /home/kotoyah/vs_ws/devel/share/common-lisp/ros/moveit_tutorials/msg/_package_ValidJointsAction.lisp
Already unlinked: {}
Unlinking: /home/kotoyah/vs_ws/devel/share/common-lisp/ros/moveit_tutorials/msg/ValidJointsActionResult.lisp
Already unlinked: {}
Unlinking: /home/kotoyah/vs_ws/devel/share/common-lisp/ros/moveit_tutorials/msg/ValidJointsResult.lisp
Already unlinked: {}
Unlinking: /home/kotoyah/vs_ws/devel/share/common-lisp/ros/moveit_tutorials/msg/_package_ValidJointsResult.lisp
Already unlinked: {}
Unlinking: /home/kotoyah/vs_ws/devel/share/common-lisp/ros/moveit_tutorials/msg/_package_EmptyFeedback.lisp
Already unlinked: {}
Unlinking: /home/kotoyah/vs_ws/devel/share/common-lisp/ros/moveit_tutorials/msg/_package_ValidJointsActionFeedback.lisp
Already unlinked: {}
Unlinking: /home/kotoyah/vs_ws/devel/share/common-lisp/ros/moveit_tutorials/msg/ValidJointsActionFeedback.lisp
Already unlinked: {}
Unlinking: /home/kotoyah/vs_ws/devel/share/common-lisp/ros/moveit_tutorials/msg/_package_ValidJointsActionResult.lisp
Already unlinked: {}
Unlinking: /home/kotoyah/vs_ws/devel/share/common-lisp/ros/moveit_tutorials/msg/_package_EmptyResult.lisp
Already unlinked: {}
Unlinking: /home/kotoyah/vs_ws/devel/share/common-lisp/ros/moveit_tutorials/msg/EmptyResult.lisp
Already unlinked: {}
Unlinking: /home/kotoyah/vs_ws/devel/share/common-lisp/ros/moveit_tutorials/msg/_package.lisp
Already unlinked: {}
Unlinking: /home/kotoyah/vs_ws/devel/share/common-lisp/ros/moveit_tutorials/msg/EmptyActionGoal.lisp
Already unlinked: {}
Unlinking: /home/kotoyah/vs_ws/devel/share/common-lisp/ros/moveit_tutorials/msg/_package_EmptyAction.lisp
Already unlinked: {}
Unlinking: /home/kotoyah/vs_ws/devel/share/common-lisp/ros/moveit_tutorials/msg/EmptyActionFeedback.lisp
Already unlinked: {}
Unlinking: /home/kotoyah/vs_ws/devel/share/common-lisp/ros/moveit_tutorials/msg/_package_EmptyActionGoal.lisp
Already unlinked: {}
Unlinking: /home/kotoyah/vs_ws/devel/share/common-lisp/ros/moveit_tutorials/msg/ValidJointsAction.lisp
Already unlinked: {}
Unlinking: /home/kotoyah/vs_ws/devel/share/common-lisp/ros/moveit_tutorials/srv/GettfPose.lisp
Already unlinked: {}
Unlinking: /home/kotoyah/vs_ws/devel/share/common-lisp/ros/moveit_tutorials/srv/moveit_tutorials-srv.asd
Already unlinked: {}
Unlinking: /home/kotoyah/vs_ws/devel/share/common-lisp/ros/moveit_tutorials/srv/GetCurrentJointVel.lisp
Already unlinked: {}
Unlinking: /home/kotoyah/vs_ws/devel/share/common-lisp/ros/moveit_tutorials/srv/_package_GetCurrentImageData.lisp
Already unlinked: {}
Unlinking: /home/kotoyah/vs_ws/devel/share/common-lisp/ros/moveit_tutorials/srv/GetCurrentImageData.lisp
Already unlinked: {}
Unlinking: /home/kotoyah/vs_ws/devel/share/common-lisp/ros/moveit_tutorials/srv/_package_GetCurrentCount.lisp
Already unlinked: {}
Unlinking: /home/kotoyah/vs_ws/devel/share/common-lisp/ros/moveit_tutorials/srv/_package_GetCurrentImage.lisp
Already unlinked: {}
Unlinking: /home/kotoyah/vs_ws/devel/share/common-lisp/ros/moveit_tutorials/srv/GetCurrentImage.lisp
Already unlinked: {}
Unlinking: /home/kotoyah/vs_ws/devel/share/common-lisp/ros/moveit_tutorials/srv/GetCurrentCount.lisp
Already unlinked: {}
Unlinking: /home/kotoyah/vs_ws/devel/share/common-lisp/ros/moveit_tutorials/srv/_package_GettfPose.lisp
Already unlinked: {}
Unlinking: /home/kotoyah/vs_ws/devel/share/common-lisp/ros/moveit_tutorials/srv/_package.lisp
Already unlinked: {}
Unlinking: /home/kotoyah/vs_ws/devel/share/common-lisp/ros/moveit_tutorials/srv/_package_GetCurrentJointVel.lisp
Already unlinked: {}
Unlinking: /home/kotoyah/vs_ws/devel/share/roseus/ros/moveit_tutorials/manifest.l
Already unlinked: {}
Unlinking: /home/kotoyah/vs_ws/devel/share/roseus/ros/moveit_tutorials/msg/EmptyActionResult.l
Already unlinked: {}
Unlinking: /home/kotoyah/vs_ws/devel/share/roseus/ros/moveit_tutorials/msg/ValidJointsFeedback.l
Already unlinked: {}
Unlinking: /home/kotoyah/vs_ws/devel/share/roseus/ros/moveit_tutorials/msg/ValidJointsActionResult.l
Already unlinked: {}
Unlinking: /home/kotoyah/vs_ws/devel/share/roseus/ros/moveit_tutorials/msg/ValidJointsResult.l
Already unlinked: {}
Unlinking: /home/kotoyah/vs_ws/devel/share/roseus/ros/moveit_tutorials/msg/EmptyActionFeedback.l
Already unlinked: {}
Unlinking: /home/kotoyah/vs_ws/devel/share/roseus/ros/moveit_tutorials/msg/EmptyAction.l
Already unlinked: {}
Unlinking: /home/kotoyah/vs_ws/devel/share/roseus/ros/moveit_tutorials/msg/EmptyFeedback.l
Already unlinked: {}
Unlinking: /home/kotoyah/vs_ws/devel/share/roseus/ros/moveit_tutorials/msg/EmptyActionGoal.l
Already unlinked: {}
Unlinking: /home/kotoyah/vs_ws/devel/share/roseus/ros/moveit_tutorials/msg/ValidJointsAction.l
Already unlinked: {}
Unlinking: /home/kotoyah/vs_ws/devel/share/roseus/ros/moveit_tutorials/msg/EmptyGoal.l
Already unlinked: {}
Unlinking: /home/kotoyah/vs_ws/devel/share/roseus/ros/moveit_tutorials/msg/ValidJointsGoal.l
Already unlinked: {}
Unlinking: /home/kotoyah/vs_ws/devel/share/roseus/ros/moveit_tutorials/msg/ValidJointsActionFeedback.l
Already unlinked: {}
Unlinking: /home/kotoyah/vs_ws/devel/share/roseus/ros/moveit_tutorials/msg/EmptyResult.l
Already unlinked: {}
Unlinking: /home/kotoyah/vs_ws/devel/share/roseus/ros/moveit_tutorials/msg/ValidJointsActionGoal.l
Already unlinked: {}
Unlinking: /home/kotoyah/vs_ws/devel/share/roseus/ros/moveit_tutorials/srv/GettfPose.l
Already unlinked: {}
Unlinking: /home/kotoyah/vs_ws/devel/share/roseus/ros/moveit_tutorials/srv/GetCurrentImageData.l
Already unlinked: {}
Unlinking: /home/kotoyah/vs_ws/devel/share/roseus/ros/moveit_tutorials/srv/GetCurrentImage.l
Already unlinked: {}
Unlinking: /home/kotoyah/vs_ws/devel/share/roseus/ros/moveit_tutorials/srv/GetCurrentCount.l
Already unlinked: {}
Unlinking: /home/kotoyah/vs_ws/devel/share/roseus/ros/moveit_tutorials/srv/GetCurrentJointVel.l
Already unlinked: {}
Unlinking: /home/kotoyah/vs_ws/devel/include/moveit_tutorials/EmptyActionGoal.h
Already unlinked: {}
Unlinking: /home/kotoyah/vs_ws/devel/include/moveit_tutorials/EmptyActionResult.h
Already unlinked: {}
Unlinking: /home/kotoyah/vs_ws/devel/include/moveit_tutorials/EmptyFeedback.h
Already unlinked: {}
Unlinking: /home/kotoyah/vs_ws/devel/include/moveit_tutorials/ValidJointsFeedback.h
Already unlinked: {}
Unlinking: /home/kotoyah/vs_ws/devel/include/moveit_tutorials/GetCurrentJointVelResponse.h
Already unlinked: {}
Unlinking: /home/kotoyah/vs_ws/devel/include/moveit_tutorials/GettfPose.h
Already unlinked: {}
Unlinking: /home/kotoyah/vs_ws/devel/include/moveit_tutorials/EmptyGoal.h
Already unlinked: {}
Unlinking: /home/kotoyah/vs_ws/devel/include/moveit_tutorials/GetCurrentCount.h
Already unlinked: {}
Unlinking: /home/kotoyah/vs_ws/devel/include/moveit_tutorials/EmptyResult.h
Already unlinked: {}
Unlinking: /home/kotoyah/vs_ws/devel/include/moveit_tutorials/GetCurrentCountRequest.h
Already unlinked: {}
Unlinking: /home/kotoyah/vs_ws/devel/include/moveit_tutorials/GetCurrentImageDataResponse.h
Already unlinked: {}
Unlinking: /home/kotoyah/vs_ws/devel/include/moveit_tutorials/GetCurrentCountResponse.h
Already unlinked: {}
Unlinking: /home/kotoyah/vs_ws/devel/include/moveit_tutorials/GetCurrentImageRequest.h
Already unlinked: {}
Unlinking: /home/kotoyah/vs_ws/devel/include/moveit_tutorials/GetCurrentImageResponse.h
Already unlinked: {}
Unlinking: /home/kotoyah/vs_ws/devel/include/moveit_tutorials/ValidJointsResult.h
Already unlinked: {}
Unlinking: /home/kotoyah/vs_ws/devel/include/moveit_tutorials/GetCurrentJointVelRequest.h
Already unlinked: {}
Unlinking: /home/kotoyah/vs_ws/devel/include/moveit_tutorials/EmptyActionFeedback.h
Already unlinked: {}
Unlinking: /home/kotoyah/vs_ws/devel/include/moveit_tutorials/GetCurrentImageDataRequest.h
Already unlinked: {}
Unlinking: /home/kotoyah/vs_ws/devel/include/moveit_tutorials/EmptyAction.h
Already unlinked: {}
Unlinking: /home/kotoyah/vs_ws/devel/include/moveit_tutorials/GetCurrentImage.h
Already unlinked: {}
Unlinking: /home/kotoyah/vs_ws/devel/include/moveit_tutorials/GettfPoseRequest.h
Already unlinked: {}
Unlinking: /home/kotoyah/vs_ws/devel/include/moveit_tutorials/ValidJointsGoal.h
Already unlinked: {}
Unlinking: /home/kotoyah/vs_ws/devel/include/moveit_tutorials/GetCurrentImageData.h
Already unlinked: {}
Unlinking: /home/kotoyah/vs_ws/devel/include/moveit_tutorials/ValidJointsActionResult.h
Already unlinked: {}
Unlinking: /home/kotoyah/vs_ws/devel/include/moveit_tutorials/ValidJointsActionFeedback.h
Already unlinked: {}
Unlinking: /home/kotoyah/vs_ws/devel/include/moveit_tutorials/GettfPoseResponse.h
Already unlinked: {}
Unlinking: /home/kotoyah/vs_ws/devel/include/moveit_tutorials/ValidJointsActionGoal.h
Already unlinked: {}
Unlinking: /home/kotoyah/vs_ws/devel/include/moveit_tutorials/ValidJointsAction.h
Already unlinked: {}
Unlinking: /home/kotoyah/vs_ws/devel/include/moveit_tutorials/GetCurrentJointVel.h
Already unlinked: {}
Unlinking: /home/kotoyah/vs_ws/devel/lib/libinteractivity_utils.so
Already unlinked: {}
Unlinking: /home/kotoyah/vs_ws/devel/lib/moveit_tutorials/planning_scene_ros_api_tutorial
Already unlinked: {}
Unlinking: /home/kotoyah/vs_ws/devel/lib/moveit_tutorials/motion_planning_pipeline_tutorial
Already unlinked: {}
Unlinking: /home/kotoyah/vs_ws/devel/lib/moveit_tutorials/move_group_python_interface_tutorial.py
Already unlinked: {}
Unlinking: /home/kotoyah/vs_ws/devel/lib/moveit_tutorials/planning_scene_tutorial
Already unlinked: {}
Unlinking: /home/kotoyah/vs_ws/devel/lib/moveit_tutorials/move_group_interface_tutorial
Already unlinked: {}
Unlinking: /home/kotoyah/vs_ws/devel/lib/moveit_tutorials/pick_place_tutorial
Already unlinked: {}
Unlinking: /home/kotoyah/vs_ws/devel/lib/moveit_tutorials/cmake.lock
Already unlinked: {}
Unlinking: /home/kotoyah/vs_ws/devel/lib/moveit_tutorials/detect_and_add_cylinder_collision_object_demo
Already unlinked: {}
Unlinking: /home/kotoyah/vs_ws/devel/lib/moveit_tutorials/motion_planning_api_tutorial
Already unlinked: {}
Unlinking: /home/kotoyah/vs_ws/devel/lib/moveit_tutorials/state_display_tutorial
Already unlinked: {}
Unlinking: /home/kotoyah/vs_ws/devel/lib/moveit_tutorials/ros_api_tutorial
Already unlinked: {}
Unlinking: /home/kotoyah/vs_ws/devel/lib/moveit_tutorials/bag_publisher_maintain_time
Already unlinked: {}
Unlinking: /home/kotoyah/vs_ws/devel/lib/moveit_tutorials/robot_model_and_robot_state_tutorial
Already unlinked: {}
Unlinking: /home/kotoyah/vs_ws/devel/lib/moveit_tutorials/visualizing_collisions_tutorial
Already unlinked: {}
Unlinking: /home/kotoyah/vs_ws/devel/lib/python3/dist-packages/moveit_tutorials/__init__.py
Already unlinked: {}
Unlinking: /home/kotoyah/vs_ws/devel/lib/python3/dist-packages/moveit_tutorials/msg/_ValidJointsAction.py
Already unlinked: {}
Unlinking: /home/kotoyah/vs_ws/devel/lib/python3/dist-packages/moveit_tutorials/msg/_ValidJointsActionFeedback.py
Already unlinked: {}
Unlinking: /home/kotoyah/vs_ws/devel/lib/python3/dist-packages/moveit_tutorials/msg/__init__.py
Already unlinked: {}
Unlinking: /home/kotoyah/vs_ws/devel/lib/python3/dist-packages/moveit_tutorials/msg/_ValidJointsActionGoal.py
Already unlinked: {}
Unlinking: /home/kotoyah/vs_ws/devel/lib/python3/dist-packages/moveit_tutorials/msg/_EmptyGoal.py
Already unlinked: {}
Unlinking: /home/kotoyah/vs_ws/devel/lib/python3/dist-packages/moveit_tutorials/msg/_ValidJointsResult.py
Already unlinked: {}
Unlinking: /home/kotoyah/vs_ws/devel/lib/python3/dist-packages/moveit_tutorials/msg/_ValidJointsGoal.py
Already unlinked: {}
Unlinking: /home/kotoyah/vs_ws/devel/lib/python3/dist-packages/moveit_tutorials/msg/_EmptyFeedback.py
Already unlinked: {}
Unlinking: /home/kotoyah/vs_ws/devel/lib/python3/dist-packages/moveit_tutorials/msg/_ValidJointsActionResult.py
Already unlinked: {}
Unlinking: /home/kotoyah/vs_ws/devel/lib/python3/dist-packages/moveit_tutorials/msg/_EmptyActionResult.py
Already unlinked: {}
Unlinking: /home/kotoyah/vs_ws/devel/lib/python3/dist-packages/moveit_tutorials/msg/_EmptyAction.py
Already unlinked: {}
Unlinking: /home/kotoyah/vs_ws/devel/lib/python3/dist-packages/moveit_tutorials/msg/_EmptyActionFeedback.py
Already unlinked: {}
Unlinking: /home/kotoyah/vs_ws/devel/lib/python3/dist-packages/moveit_tutorials/msg/_EmptyResult.py
Already unlinked: {}
Unlinking: /home/kotoyah/vs_ws/devel/lib/python3/dist-packages/moveit_tutorials/msg/_ValidJointsFeedback.py
Already unlinked: {}
Unlinking: /home/kotoyah/vs_ws/devel/lib/python3/dist-packages/moveit_tutorials/msg/_EmptyActionGoal.py
Already unlinked: {}
Unlinking: /home/kotoyah/vs_ws/devel/lib/python3/dist-packages/moveit_tutorials/srv/_GetCurrentJointVel.py
Already unlinked: {}
Unlinking: /home/kotoyah/vs_ws/devel/lib/python3/dist-packages/moveit_tutorials/srv/_GetCurrentCount.py
Already unlinked: {}
Unlinking: /home/kotoyah/vs_ws/devel/lib/python3/dist-packages/moveit_tutorials/srv/__init__.py
Already unlinked: {}
Unlinking: /home/kotoyah/vs_ws/devel/lib/python3/dist-packages/moveit_tutorials/srv/_GettfPose.py
Already unlinked: {}
Unlinking: /home/kotoyah/vs_ws/devel/lib/python3/dist-packages/moveit_tutorials/srv/_GetCurrentImage.py
Already unlinked: {}
Unlinking: /home/kotoyah/vs_ws/devel/lib/python3/dist-packages/moveit_tutorials/srv/_GetCurrentImageData.py
Already unlinked: {}
Unlinking: /home/kotoyah/vs_ws/devel/lib/pkgconfig/moveit_tutorials.pc
Already unlinked: {}
