Linked: (/home/kotoya/vs_ws/devel/.private/moveit_tutorials/include/moveit_tutorials/GetCurrentImageRequest.h, /home/kotoya/vs_ws/devel/include/moveit_tutorials/GetCurrentImageRequest.h)
Linked: (/home/kotoya/vs_ws/devel/.private/moveit_tutorials/include/moveit_tutorials/ValidJointsResult.h, /home/kotoya/vs_ws/devel/include/moveit_tutorials/ValidJointsResult.h)
Linked: (/home/kotoya/vs_ws/devel/.private/moveit_tutorials/include/moveit_tutorials/GetCurrentImageResponse.h, /home/kotoya/vs_ws/devel/include/moveit_tutorials/GetCurrentImageResponse.h)
Linked: (/home/kotoya/vs_ws/devel/.private/moveit_tutorials/include/moveit_tutorials/GetCurrentCountResponse.h, /home/kotoya/vs_ws/devel/include/moveit_tutorials/GetCurrentCountResponse.h)
Linked: (/home/kotoya/vs_ws/devel/.private/moveit_tutorials/include/moveit_tutorials/GettfPoseRequest.h, /home/kotoya/vs_ws/devel/include/moveit_tutorials/GettfPoseRequest.h)
Linked: (/home/kotoya/vs_ws/devel/.private/moveit_tutorials/include/moveit_tutorials/ValidJointsFeedback.h, /home/kotoya/vs_ws/devel/include/moveit_tutorials/ValidJointsFeedback.h)
Linked: (/home/kotoya/vs_ws/devel/.private/moveit_tutorials/include/moveit_tutorials/GetCurrentCount.h, /home/kotoya/vs_ws/devel/include/moveit_tutorials/GetCurrentCount.h)
Linked: (/home/kotoya/vs_ws/devel/.private/moveit_tutorials/include/moveit_tutorials/ValidJointsActionResult.h, /home/kotoya/vs_ws/devel/include/moveit_tutorials/ValidJointsActionResult.h)
Linked: (/home/kotoya/vs_ws/devel/.private/moveit_tutorials/include/moveit_tutorials/GettfPoseResponse.h, /home/kotoya/vs_ws/devel/include/moveit_tutorials/GettfPoseResponse.h)
Linked: (/home/kotoya/vs_ws/devel/.private/moveit_tutorials/include/moveit_tutorials/EmptyFeedback.h, /home/kotoya/vs_ws/devel/include/moveit_tutorials/EmptyFeedback.h)
Linked: (/home/kotoya/vs_ws/devel/.private/moveit_tutorials/include/moveit_tutorials/ValidJointsAction.h, /home/kotoya/vs_ws/devel/include/moveit_tutorials/ValidJointsAction.h)
Linked: (/home/kotoya/vs_ws/devel/.private/moveit_tutorials/include/moveit_tutorials/GetCurrentJointVelRequest.h, /home/kotoya/vs_ws/devel/include/moveit_tutorials/GetCurrentJointVelRequest.h)
Linked: (/home/kotoya/vs_ws/devel/.private/moveit_tutorials/include/moveit_tutorials/GetCurrentImageDataResponse.h, /home/kotoya/vs_ws/devel/include/moveit_tutorials/GetCurrentImageDataResponse.h)
Linked: (/home/kotoya/vs_ws/devel/.private/moveit_tutorials/include/moveit_tutorials/ValidJointsActionFeedback.h, /home/kotoya/vs_ws/devel/include/moveit_tutorials/ValidJointsActionFeedback.h)
Linked: (/home/kotoya/vs_ws/devel/.private/moveit_tutorials/include/moveit_tutorials/GetCurrentJointVel.h, /home/kotoya/vs_ws/devel/include/moveit_tutorials/GetCurrentJointVel.h)
Linked: (/home/kotoya/vs_ws/devel/.private/moveit_tutorials/include/moveit_tutorials/GetCurrentImage.h, /home/kotoya/vs_ws/devel/include/moveit_tutorials/GetCurrentImage.h)
Linked: (/home/kotoya/vs_ws/devel/.private/moveit_tutorials/include/moveit_tutorials/EmptyActionResult.h, /home/kotoya/vs_ws/devel/include/moveit_tutorials/EmptyActionResult.h)
Linked: (/home/kotoya/vs_ws/devel/.private/moveit_tutorials/include/moveit_tutorials/EmptyResult.h, /home/kotoya/vs_ws/devel/include/moveit_tutorials/EmptyResult.h)
Linked: (/home/kotoya/vs_ws/devel/.private/moveit_tutorials/include/moveit_tutorials/GetCurrentCountRequest.h, /home/kotoya/vs_ws/devel/include/moveit_tutorials/GetCurrentCountRequest.h)
Linked: (/home/kotoya/vs_ws/devel/.private/moveit_tutorials/include/moveit_tutorials/EmptyGoal.h, /home/kotoya/vs_ws/devel/include/moveit_tutorials/EmptyGoal.h)
Linked: (/home/kotoya/vs_ws/devel/.private/moveit_tutorials/include/moveit_tutorials/GetCurrentImageData.h, /home/kotoya/vs_ws/devel/include/moveit_tutorials/GetCurrentImageData.h)
Linked: (/home/kotoya/vs_ws/devel/.private/moveit_tutorials/include/moveit_tutorials/GetCurrentImageDataRequest.h, /home/kotoya/vs_ws/devel/include/moveit_tutorials/GetCurrentImageDataRequest.h)
Linked: (/home/kotoya/vs_ws/devel/.private/moveit_tutorials/include/moveit_tutorials/ValidJointsGoal.h, /home/kotoya/vs_ws/devel/include/moveit_tutorials/ValidJointsGoal.h)
Linked: (/home/kotoya/vs_ws/devel/.private/moveit_tutorials/include/moveit_tutorials/ValidJointsActionGoal.h, /home/kotoya/vs_ws/devel/include/moveit_tutorials/ValidJointsActionGoal.h)
Linked: (/home/kotoya/vs_ws/devel/.private/moveit_tutorials/include/moveit_tutorials/GettfPose.h, /home/kotoya/vs_ws/devel/include/moveit_tutorials/GettfPose.h)
Linked: (/home/kotoya/vs_ws/devel/.private/moveit_tutorials/include/moveit_tutorials/EmptyActionGoal.h, /home/kotoya/vs_ws/devel/include/moveit_tutorials/EmptyActionGoal.h)
Linked: (/home/kotoya/vs_ws/devel/.private/moveit_tutorials/include/moveit_tutorials/GetCurrentJointVelResponse.h, /home/kotoya/vs_ws/devel/include/moveit_tutorials/GetCurrentJointVelResponse.h)
Linked: (/home/kotoya/vs_ws/devel/.private/moveit_tutorials/include/moveit_tutorials/EmptyAction.h, /home/kotoya/vs_ws/devel/include/moveit_tutorials/EmptyAction.h)
Linked: (/home/kotoya/vs_ws/devel/.private/moveit_tutorials/include/moveit_tutorials/EmptyActionFeedback.h, /home/kotoya/vs_ws/devel/include/moveit_tutorials/EmptyActionFeedback.h)
Linked: (/home/kotoya/vs_ws/devel/.private/moveit_tutorials/share/common-lisp/ros/moveit_tutorials/srv/_package_GetCurrentImageData.lisp, /home/kotoya/vs_ws/devel/share/common-lisp/ros/moveit_tutorials/srv/_package_GetCurrentImageData.lisp)
Linked: (/home/kotoya/vs_ws/devel/.private/moveit_tutorials/share/common-lisp/ros/moveit_tutorials/srv/_package.lisp, /home/kotoya/vs_ws/devel/share/common-lisp/ros/moveit_tutorials/srv/_package.lisp)
Linked: (/home/kotoya/vs_ws/devel/.private/moveit_tutorials/share/common-lisp/ros/moveit_tutorials/srv/moveit_tutorials-srv.asd, /home/kotoya/vs_ws/devel/share/common-lisp/ros/moveit_tutorials/srv/moveit_tutorials-srv.asd)
Linked: (/home/kotoya/vs_ws/devel/.private/moveit_tutorials/share/common-lisp/ros/moveit_tutorials/srv/GetCurrentImageData.lisp, /home/kotoya/vs_ws/devel/share/common-lisp/ros/moveit_tutorials/srv/GetCurrentImageData.lisp)
Linked: (/home/kotoya/vs_ws/devel/.private/moveit_tutorials/share/common-lisp/ros/moveit_tutorials/srv/_package_GetCurrentImage.lisp, /home/kotoya/vs_ws/devel/share/common-lisp/ros/moveit_tutorials/srv/_package_GetCurrentImage.lisp)
Linked: (/home/kotoya/vs_ws/devel/.private/moveit_tutorials/share/common-lisp/ros/moveit_tutorials/srv/GetCurrentImage.lisp, /home/kotoya/vs_ws/devel/share/common-lisp/ros/moveit_tutorials/srv/GetCurrentImage.lisp)
Linked: (/home/kotoya/vs_ws/devel/.private/moveit_tutorials/share/common-lisp/ros/moveit_tutorials/srv/GetCurrentJointVel.lisp, /home/kotoya/vs_ws/devel/share/common-lisp/ros/moveit_tutorials/srv/GetCurrentJointVel.lisp)
Linked: (/home/kotoya/vs_ws/devel/.private/moveit_tutorials/share/common-lisp/ros/moveit_tutorials/srv/_package_GettfPose.lisp, /home/kotoya/vs_ws/devel/share/common-lisp/ros/moveit_tutorials/srv/_package_GettfPose.lisp)
Linked: (/home/kotoya/vs_ws/devel/.private/moveit_tutorials/share/common-lisp/ros/moveit_tutorials/srv/_package_GetCurrentJointVel.lisp, /home/kotoya/vs_ws/devel/share/common-lisp/ros/moveit_tutorials/srv/_package_GetCurrentJointVel.lisp)
Linked: (/home/kotoya/vs_ws/devel/.private/moveit_tutorials/share/common-lisp/ros/moveit_tutorials/srv/GettfPose.lisp, /home/kotoya/vs_ws/devel/share/common-lisp/ros/moveit_tutorials/srv/GettfPose.lisp)
Linked: (/home/kotoya/vs_ws/devel/.private/moveit_tutorials/share/common-lisp/ros/moveit_tutorials/srv/_package_GetCurrentCount.lisp, /home/kotoya/vs_ws/devel/share/common-lisp/ros/moveit_tutorials/srv/_package_GetCurrentCount.lisp)
Linked: (/home/kotoya/vs_ws/devel/.private/moveit_tutorials/share/common-lisp/ros/moveit_tutorials/srv/GetCurrentCount.lisp, /home/kotoya/vs_ws/devel/share/common-lisp/ros/moveit_tutorials/srv/GetCurrentCount.lisp)
Linked: (/home/kotoya/vs_ws/devel/.private/moveit_tutorials/share/common-lisp/ros/moveit_tutorials/msg/_package_EmptyActionResult.lisp, /home/kotoya/vs_ws/devel/share/common-lisp/ros/moveit_tutorials/msg/_package_EmptyActionResult.lisp)
Linked: (/home/kotoya/vs_ws/devel/.private/moveit_tutorials/share/common-lisp/ros/moveit_tutorials/msg/_package.lisp, /home/kotoya/vs_ws/devel/share/common-lisp/ros/moveit_tutorials/msg/_package.lisp)
Linked: (/home/kotoya/vs_ws/devel/.private/moveit_tutorials/share/common-lisp/ros/moveit_tutorials/msg/_package_EmptyActionFeedback.lisp, /home/kotoya/vs_ws/devel/share/common-lisp/ros/moveit_tutorials/msg/_package_EmptyActionFeedback.lisp)
Linked: (/home/kotoya/vs_ws/devel/.private/moveit_tutorials/share/common-lisp/ros/moveit_tutorials/msg/ValidJointsFeedback.lisp, /home/kotoya/vs_ws/devel/share/common-lisp/ros/moveit_tutorials/msg/ValidJointsFeedback.lisp)
Linked: (/home/kotoya/vs_ws/devel/.private/moveit_tutorials/share/common-lisp/ros/moveit_tutorials/msg/_package_ValidJointsResult.lisp, /home/kotoya/vs_ws/devel/share/common-lisp/ros/moveit_tutorials/msg/_package_ValidJointsResult.lisp)
Linked: (/home/kotoya/vs_ws/devel/.private/moveit_tutorials/share/common-lisp/ros/moveit_tutorials/msg/_package_ValidJointsActionResult.lisp, /home/kotoya/vs_ws/devel/share/common-lisp/ros/moveit_tutorials/msg/_package_ValidJointsActionResult.lisp)
Linked: (/home/kotoya/vs_ws/devel/.private/moveit_tutorials/share/common-lisp/ros/moveit_tutorials/msg/EmptyResult.lisp, /home/kotoya/vs_ws/devel/share/common-lisp/ros/moveit_tutorials/msg/EmptyResult.lisp)
Linked: (/home/kotoya/vs_ws/devel/.private/moveit_tutorials/share/common-lisp/ros/moveit_tutorials/msg/EmptyAction.lisp, /home/kotoya/vs_ws/devel/share/common-lisp/ros/moveit_tutorials/msg/EmptyAction.lisp)
Linked: (/home/kotoya/vs_ws/devel/.private/moveit_tutorials/share/common-lisp/ros/moveit_tutorials/msg/EmptyActionFeedback.lisp, /home/kotoya/vs_ws/devel/share/common-lisp/ros/moveit_tutorials/msg/EmptyActionFeedback.lisp)
Linked: (/home/kotoya/vs_ws/devel/.private/moveit_tutorials/share/common-lisp/ros/moveit_tutorials/msg/_package_ValidJointsActionFeedback.lisp, /home/kotoya/vs_ws/devel/share/common-lisp/ros/moveit_tutorials/msg/_package_ValidJointsActionFeedback.lisp)
Linked: (/home/kotoya/vs_ws/devel/.private/moveit_tutorials/share/common-lisp/ros/moveit_tutorials/msg/ValidJointsAction.lisp, /home/kotoya/vs_ws/devel/share/common-lisp/ros/moveit_tutorials/msg/ValidJointsAction.lisp)
Linked: (/home/kotoya/vs_ws/devel/.private/moveit_tutorials/share/common-lisp/ros/moveit_tutorials/msg/_package_EmptyResult.lisp, /home/kotoya/vs_ws/devel/share/common-lisp/ros/moveit_tutorials/msg/_package_EmptyResult.lisp)
Linked: (/home/kotoya/vs_ws/devel/.private/moveit_tutorials/share/common-lisp/ros/moveit_tutorials/msg/EmptyFeedback.lisp, /home/kotoya/vs_ws/devel/share/common-lisp/ros/moveit_tutorials/msg/EmptyFeedback.lisp)
Linked: (/home/kotoya/vs_ws/devel/.private/moveit_tutorials/share/common-lisp/ros/moveit_tutorials/msg/EmptyGoal.lisp, /home/kotoya/vs_ws/devel/share/common-lisp/ros/moveit_tutorials/msg/EmptyGoal.lisp)
Linked: (/home/kotoya/vs_ws/devel/.private/moveit_tutorials/share/common-lisp/ros/moveit_tutorials/msg/_package_EmptyActionGoal.lisp, /home/kotoya/vs_ws/devel/share/common-lisp/ros/moveit_tutorials/msg/_package_EmptyActionGoal.lisp)
Linked: (/home/kotoya/vs_ws/devel/.private/moveit_tutorials/share/common-lisp/ros/moveit_tutorials/msg/moveit_tutorials-msg.asd, /home/kotoya/vs_ws/devel/share/common-lisp/ros/moveit_tutorials/msg/moveit_tutorials-msg.asd)
Linked: (/home/kotoya/vs_ws/devel/.private/moveit_tutorials/share/common-lisp/ros/moveit_tutorials/msg/ValidJointsActionGoal.lisp, /home/kotoya/vs_ws/devel/share/common-lisp/ros/moveit_tutorials/msg/ValidJointsActionGoal.lisp)
Linked: (/home/kotoya/vs_ws/devel/.private/moveit_tutorials/share/common-lisp/ros/moveit_tutorials/msg/EmptyActionGoal.lisp, /home/kotoya/vs_ws/devel/share/common-lisp/ros/moveit_tutorials/msg/EmptyActionGoal.lisp)
Linked: (/home/kotoya/vs_ws/devel/.private/moveit_tutorials/share/common-lisp/ros/moveit_tutorials/msg/ValidJointsGoal.lisp, /home/kotoya/vs_ws/devel/share/common-lisp/ros/moveit_tutorials/msg/ValidJointsGoal.lisp)
Linked: (/home/kotoya/vs_ws/devel/.private/moveit_tutorials/share/common-lisp/ros/moveit_tutorials/msg/ValidJointsActionResult.lisp, /home/kotoya/vs_ws/devel/share/common-lisp/ros/moveit_tutorials/msg/ValidJointsActionResult.lisp)
Linked: (/home/kotoya/vs_ws/devel/.private/moveit_tutorials/share/common-lisp/ros/moveit_tutorials/msg/_package_EmptyFeedback.lisp, /home/kotoya/vs_ws/devel/share/common-lisp/ros/moveit_tutorials/msg/_package_EmptyFeedback.lisp)
Linked: (/home/kotoya/vs_ws/devel/.private/moveit_tutorials/share/common-lisp/ros/moveit_tutorials/msg/_package_EmptyAction.lisp, /home/kotoya/vs_ws/devel/share/common-lisp/ros/moveit_tutorials/msg/_package_EmptyAction.lisp)
Linked: (/home/kotoya/vs_ws/devel/.private/moveit_tutorials/share/common-lisp/ros/moveit_tutorials/msg/ValidJointsResult.lisp, /home/kotoya/vs_ws/devel/share/common-lisp/ros/moveit_tutorials/msg/ValidJointsResult.lisp)
Linked: (/home/kotoya/vs_ws/devel/.private/moveit_tutorials/share/common-lisp/ros/moveit_tutorials/msg/EmptyActionResult.lisp, /home/kotoya/vs_ws/devel/share/common-lisp/ros/moveit_tutorials/msg/EmptyActionResult.lisp)
Linked: (/home/kotoya/vs_ws/devel/.private/moveit_tutorials/share/common-lisp/ros/moveit_tutorials/msg/ValidJointsActionFeedback.lisp, /home/kotoya/vs_ws/devel/share/common-lisp/ros/moveit_tutorials/msg/ValidJointsActionFeedback.lisp)
Linked: (/home/kotoya/vs_ws/devel/.private/moveit_tutorials/share/common-lisp/ros/moveit_tutorials/msg/_package_ValidJointsActionGoal.lisp, /home/kotoya/vs_ws/devel/share/common-lisp/ros/moveit_tutorials/msg/_package_ValidJointsActionGoal.lisp)
Linked: (/home/kotoya/vs_ws/devel/.private/moveit_tutorials/share/common-lisp/ros/moveit_tutorials/msg/_package_ValidJointsAction.lisp, /home/kotoya/vs_ws/devel/share/common-lisp/ros/moveit_tutorials/msg/_package_ValidJointsAction.lisp)
Linked: (/home/kotoya/vs_ws/devel/.private/moveit_tutorials/share/common-lisp/ros/moveit_tutorials/msg/_package_ValidJointsGoal.lisp, /home/kotoya/vs_ws/devel/share/common-lisp/ros/moveit_tutorials/msg/_package_ValidJointsGoal.lisp)
Linked: (/home/kotoya/vs_ws/devel/.private/moveit_tutorials/share/common-lisp/ros/moveit_tutorials/msg/_package_ValidJointsFeedback.lisp, /home/kotoya/vs_ws/devel/share/common-lisp/ros/moveit_tutorials/msg/_package_ValidJointsFeedback.lisp)
Linked: (/home/kotoya/vs_ws/devel/.private/moveit_tutorials/share/common-lisp/ros/moveit_tutorials/msg/_package_EmptyGoal.lisp, /home/kotoya/vs_ws/devel/share/common-lisp/ros/moveit_tutorials/msg/_package_EmptyGoal.lisp)
Linked: (/home/kotoya/vs_ws/devel/.private/moveit_tutorials/share/roseus/ros/moveit_tutorials/manifest.l, /home/kotoya/vs_ws/devel/share/roseus/ros/moveit_tutorials/manifest.l)
Linked: (/home/kotoya/vs_ws/devel/.private/moveit_tutorials/share/roseus/ros/moveit_tutorials/srv/GettfPose.l, /home/kotoya/vs_ws/devel/share/roseus/ros/moveit_tutorials/srv/GettfPose.l)
Linked: (/home/kotoya/vs_ws/devel/.private/moveit_tutorials/share/roseus/ros/moveit_tutorials/srv/GetCurrentImage.l, /home/kotoya/vs_ws/devel/share/roseus/ros/moveit_tutorials/srv/GetCurrentImage.l)
Linked: (/home/kotoya/vs_ws/devel/.private/moveit_tutorials/share/roseus/ros/moveit_tutorials/srv/GetCurrentImageData.l, /home/kotoya/vs_ws/devel/share/roseus/ros/moveit_tutorials/srv/GetCurrentImageData.l)
Linked: (/home/kotoya/vs_ws/devel/.private/moveit_tutorials/share/roseus/ros/moveit_tutorials/srv/GetCurrentJointVel.l, /home/kotoya/vs_ws/devel/share/roseus/ros/moveit_tutorials/srv/GetCurrentJointVel.l)
Linked: (/home/kotoya/vs_ws/devel/.private/moveit_tutorials/share/roseus/ros/moveit_tutorials/srv/GetCurrentCount.l, /home/kotoya/vs_ws/devel/share/roseus/ros/moveit_tutorials/srv/GetCurrentCount.l)
Linked: (/home/kotoya/vs_ws/devel/.private/moveit_tutorials/share/roseus/ros/moveit_tutorials/msg/ValidJointsFeedback.l, /home/kotoya/vs_ws/devel/share/roseus/ros/moveit_tutorials/msg/ValidJointsFeedback.l)
Linked: (/home/kotoya/vs_ws/devel/.private/moveit_tutorials/share/roseus/ros/moveit_tutorials/msg/EmptyActionResult.l, /home/kotoya/vs_ws/devel/share/roseus/ros/moveit_tutorials/msg/EmptyActionResult.l)
Linked: (/home/kotoya/vs_ws/devel/.private/moveit_tutorials/share/roseus/ros/moveit_tutorials/msg/ValidJointsResult.l, /home/kotoya/vs_ws/devel/share/roseus/ros/moveit_tutorials/msg/ValidJointsResult.l)
Linked: (/home/kotoya/vs_ws/devel/.private/moveit_tutorials/share/roseus/ros/moveit_tutorials/msg/EmptyFeedback.l, /home/kotoya/vs_ws/devel/share/roseus/ros/moveit_tutorials/msg/EmptyFeedback.l)
Linked: (/home/kotoya/vs_ws/devel/.private/moveit_tutorials/share/roseus/ros/moveit_tutorials/msg/ValidJointsAction.l, /home/kotoya/vs_ws/devel/share/roseus/ros/moveit_tutorials/msg/ValidJointsAction.l)
Linked: (/home/kotoya/vs_ws/devel/.private/moveit_tutorials/share/roseus/ros/moveit_tutorials/msg/EmptyResult.l, /home/kotoya/vs_ws/devel/share/roseus/ros/moveit_tutorials/msg/EmptyResult.l)
Linked: (/home/kotoya/vs_ws/devel/.private/moveit_tutorials/share/roseus/ros/moveit_tutorials/msg/EmptyActionGoal.l, /home/kotoya/vs_ws/devel/share/roseus/ros/moveit_tutorials/msg/EmptyActionGoal.l)
Linked: (/home/kotoya/vs_ws/devel/.private/moveit_tutorials/share/roseus/ros/moveit_tutorials/msg/ValidJointsActionResult.l, /home/kotoya/vs_ws/devel/share/roseus/ros/moveit_tutorials/msg/ValidJointsActionResult.l)
Linked: (/home/kotoya/vs_ws/devel/.private/moveit_tutorials/share/roseus/ros/moveit_tutorials/msg/EmptyAction.l, /home/kotoya/vs_ws/devel/share/roseus/ros/moveit_tutorials/msg/EmptyAction.l)
Linked: (/home/kotoya/vs_ws/devel/.private/moveit_tutorials/share/roseus/ros/moveit_tutorials/msg/ValidJointsActionFeedback.l, /home/kotoya/vs_ws/devel/share/roseus/ros/moveit_tutorials/msg/ValidJointsActionFeedback.l)
Linked: (/home/kotoya/vs_ws/devel/.private/moveit_tutorials/share/roseus/ros/moveit_tutorials/msg/ValidJointsGoal.l, /home/kotoya/vs_ws/devel/share/roseus/ros/moveit_tutorials/msg/ValidJointsGoal.l)
Linked: (/home/kotoya/vs_ws/devel/.private/moveit_tutorials/share/roseus/ros/moveit_tutorials/msg/EmptyActionFeedback.l, /home/kotoya/vs_ws/devel/share/roseus/ros/moveit_tutorials/msg/EmptyActionFeedback.l)
Linked: (/home/kotoya/vs_ws/devel/.private/moveit_tutorials/share/roseus/ros/moveit_tutorials/msg/ValidJointsActionGoal.l, /home/kotoya/vs_ws/devel/share/roseus/ros/moveit_tutorials/msg/ValidJointsActionGoal.l)
Linked: (/home/kotoya/vs_ws/devel/.private/moveit_tutorials/share/roseus/ros/moveit_tutorials/msg/EmptyGoal.l, /home/kotoya/vs_ws/devel/share/roseus/ros/moveit_tutorials/msg/EmptyGoal.l)
Linked: (/home/kotoya/vs_ws/devel/.private/moveit_tutorials/share/moveit_tutorials/msg/EmptyAction.msg, /home/kotoya/vs_ws/devel/share/moveit_tutorials/msg/EmptyAction.msg)
Linked: (/home/kotoya/vs_ws/devel/.private/moveit_tutorials/share/moveit_tutorials/msg/ValidJointsFeedback.msg, /home/kotoya/vs_ws/devel/share/moveit_tutorials/msg/ValidJointsFeedback.msg)
Linked: (/home/kotoya/vs_ws/devel/.private/moveit_tutorials/share/moveit_tutorials/msg/EmptyResult.msg, /home/kotoya/vs_ws/devel/share/moveit_tutorials/msg/EmptyResult.msg)
Linked: (/home/kotoya/vs_ws/devel/.private/moveit_tutorials/share/moveit_tutorials/msg/EmptyFeedback.msg, /home/kotoya/vs_ws/devel/share/moveit_tutorials/msg/EmptyFeedback.msg)
Linked: (/home/kotoya/vs_ws/devel/.private/moveit_tutorials/share/moveit_tutorials/msg/ValidJointsActionGoal.msg, /home/kotoya/vs_ws/devel/share/moveit_tutorials/msg/ValidJointsActionGoal.msg)
Linked: (/home/kotoya/vs_ws/devel/.private/moveit_tutorials/share/moveit_tutorials/msg/ValidJointsActionFeedback.msg, /home/kotoya/vs_ws/devel/share/moveit_tutorials/msg/ValidJointsActionFeedback.msg)
Linked: (/home/kotoya/vs_ws/devel/.private/moveit_tutorials/share/moveit_tutorials/msg/ValidJointsAction.msg, /home/kotoya/vs_ws/devel/share/moveit_tutorials/msg/ValidJointsAction.msg)
Linked: (/home/kotoya/vs_ws/devel/.private/moveit_tutorials/share/moveit_tutorials/msg/ValidJointsActionResult.msg, /home/kotoya/vs_ws/devel/share/moveit_tutorials/msg/ValidJointsActionResult.msg)
Linked: (/home/kotoya/vs_ws/devel/.private/moveit_tutorials/share/moveit_tutorials/msg/EmptyActionGoal.msg, /home/kotoya/vs_ws/devel/share/moveit_tutorials/msg/EmptyActionGoal.msg)
Linked: (/home/kotoya/vs_ws/devel/.private/moveit_tutorials/share/moveit_tutorials/msg/EmptyActionFeedback.msg, /home/kotoya/vs_ws/devel/share/moveit_tutorials/msg/EmptyActionFeedback.msg)
Linked: (/home/kotoya/vs_ws/devel/.private/moveit_tutorials/share/moveit_tutorials/msg/ValidJointsGoal.msg, /home/kotoya/vs_ws/devel/share/moveit_tutorials/msg/ValidJointsGoal.msg)
Linked: (/home/kotoya/vs_ws/devel/.private/moveit_tutorials/share/moveit_tutorials/msg/EmptyActionResult.msg, /home/kotoya/vs_ws/devel/share/moveit_tutorials/msg/EmptyActionResult.msg)
Linked: (/home/kotoya/vs_ws/devel/.private/moveit_tutorials/share/moveit_tutorials/msg/ValidJointsResult.msg, /home/kotoya/vs_ws/devel/share/moveit_tutorials/msg/ValidJointsResult.msg)
Linked: (/home/kotoya/vs_ws/devel/.private/moveit_tutorials/share/moveit_tutorials/msg/EmptyGoal.msg, /home/kotoya/vs_ws/devel/share/moveit_tutorials/msg/EmptyGoal.msg)
Linked: (/home/kotoya/vs_ws/devel/.private/moveit_tutorials/share/moveit_tutorials/cmake/moveit_tutorials-msg-extras.cmake, /home/kotoya/vs_ws/devel/share/moveit_tutorials/cmake/moveit_tutorials-msg-extras.cmake)
Linked: (/home/kotoya/vs_ws/devel/.private/moveit_tutorials/share/moveit_tutorials/cmake/moveit_tutorialsConfig.cmake, /home/kotoya/vs_ws/devel/share/moveit_tutorials/cmake/moveit_tutorialsConfig.cmake)
Linked: (/home/kotoya/vs_ws/devel/.private/moveit_tutorials/share/moveit_tutorials/cmake/moveit_tutorialsConfig-version.cmake, /home/kotoya/vs_ws/devel/share/moveit_tutorials/cmake/moveit_tutorialsConfig-version.cmake)
Linked: (/home/kotoya/vs_ws/devel/.private/moveit_tutorials/share/moveit_tutorials/cmake/moveit_tutorials-msg-paths.cmake, /home/kotoya/vs_ws/devel/share/moveit_tutorials/cmake/moveit_tutorials-msg-paths.cmake)
Linked: (/home/kotoya/vs_ws/devel/.private/moveit_tutorials/share/gennodejs/ros/moveit_tutorials/_index.js, /home/kotoya/vs_ws/devel/share/gennodejs/ros/moveit_tutorials/_index.js)
Linked: (/home/kotoya/vs_ws/devel/.private/moveit_tutorials/share/gennodejs/ros/moveit_tutorials/srv/GetCurrentImageData.js, /home/kotoya/vs_ws/devel/share/gennodejs/ros/moveit_tutorials/srv/GetCurrentImageData.js)
Linked: (/home/kotoya/vs_ws/devel/.private/moveit_tutorials/share/gennodejs/ros/moveit_tutorials/srv/GettfPose.js, /home/kotoya/vs_ws/devel/share/gennodejs/ros/moveit_tutorials/srv/GettfPose.js)
Linked: (/home/kotoya/vs_ws/devel/.private/moveit_tutorials/share/gennodejs/ros/moveit_tutorials/srv/GetCurrentJointVel.js, /home/kotoya/vs_ws/devel/share/gennodejs/ros/moveit_tutorials/srv/GetCurrentJointVel.js)
Linked: (/home/kotoya/vs_ws/devel/.private/moveit_tutorials/share/gennodejs/ros/moveit_tutorials/srv/GetCurrentCount.js, /home/kotoya/vs_ws/devel/share/gennodejs/ros/moveit_tutorials/srv/GetCurrentCount.js)
Linked: (/home/kotoya/vs_ws/devel/.private/moveit_tutorials/share/gennodejs/ros/moveit_tutorials/srv/GetCurrentImage.js, /home/kotoya/vs_ws/devel/share/gennodejs/ros/moveit_tutorials/srv/GetCurrentImage.js)
Linked: (/home/kotoya/vs_ws/devel/.private/moveit_tutorials/share/gennodejs/ros/moveit_tutorials/srv/_index.js, /home/kotoya/vs_ws/devel/share/gennodejs/ros/moveit_tutorials/srv/_index.js)
Linked: (/home/kotoya/vs_ws/devel/.private/moveit_tutorials/share/gennodejs/ros/moveit_tutorials/msg/ValidJointsResult.js, /home/kotoya/vs_ws/devel/share/gennodejs/ros/moveit_tutorials/msg/ValidJointsResult.js)
Linked: (/home/kotoya/vs_ws/devel/.private/moveit_tutorials/share/gennodejs/ros/moveit_tutorials/msg/ValidJointsActionFeedback.js, /home/kotoya/vs_ws/devel/share/gennodejs/ros/moveit_tutorials/msg/ValidJointsActionFeedback.js)
Linked: (/home/kotoya/vs_ws/devel/.private/moveit_tutorials/share/gennodejs/ros/moveit_tutorials/msg/ValidJointsActionResult.js, /home/kotoya/vs_ws/devel/share/gennodejs/ros/moveit_tutorials/msg/ValidJointsActionResult.js)
Linked: (/home/kotoya/vs_ws/devel/.private/moveit_tutorials/share/gennodejs/ros/moveit_tutorials/msg/ValidJointsActionGoal.js, /home/kotoya/vs_ws/devel/share/gennodejs/ros/moveit_tutorials/msg/ValidJointsActionGoal.js)
Linked: (/home/kotoya/vs_ws/devel/.private/moveit_tutorials/share/gennodejs/ros/moveit_tutorials/msg/EmptyActionGoal.js, /home/kotoya/vs_ws/devel/share/gennodejs/ros/moveit_tutorials/msg/EmptyActionGoal.js)
Linked: (/home/kotoya/vs_ws/devel/.private/moveit_tutorials/share/gennodejs/ros/moveit_tutorials/msg/EmptyFeedback.js, /home/kotoya/vs_ws/devel/share/gennodejs/ros/moveit_tutorials/msg/EmptyFeedback.js)
Linked: (/home/kotoya/vs_ws/devel/.private/moveit_tutorials/share/gennodejs/ros/moveit_tutorials/msg/EmptyActionFeedback.js, /home/kotoya/vs_ws/devel/share/gennodejs/ros/moveit_tutorials/msg/EmptyActionFeedback.js)
Linked: (/home/kotoya/vs_ws/devel/.private/moveit_tutorials/share/gennodejs/ros/moveit_tutorials/msg/ValidJointsAction.js, /home/kotoya/vs_ws/devel/share/gennodejs/ros/moveit_tutorials/msg/ValidJointsAction.js)
Linked: (/home/kotoya/vs_ws/devel/.private/moveit_tutorials/share/gennodejs/ros/moveit_tutorials/msg/EmptyAction.js, /home/kotoya/vs_ws/devel/share/gennodejs/ros/moveit_tutorials/msg/EmptyAction.js)
Linked: (/home/kotoya/vs_ws/devel/.private/moveit_tutorials/share/gennodejs/ros/moveit_tutorials/msg/ValidJointsGoal.js, /home/kotoya/vs_ws/devel/share/gennodejs/ros/moveit_tutorials/msg/ValidJointsGoal.js)
Linked: (/home/kotoya/vs_ws/devel/.private/moveit_tutorials/share/gennodejs/ros/moveit_tutorials/msg/ValidJointsFeedback.js, /home/kotoya/vs_ws/devel/share/gennodejs/ros/moveit_tutorials/msg/ValidJointsFeedback.js)
Linked: (/home/kotoya/vs_ws/devel/.private/moveit_tutorials/share/gennodejs/ros/moveit_tutorials/msg/EmptyActionResult.js, /home/kotoya/vs_ws/devel/share/gennodejs/ros/moveit_tutorials/msg/EmptyActionResult.js)
Linked: (/home/kotoya/vs_ws/devel/.private/moveit_tutorials/share/gennodejs/ros/moveit_tutorials/msg/EmptyResult.js, /home/kotoya/vs_ws/devel/share/gennodejs/ros/moveit_tutorials/msg/EmptyResult.js)
Linked: (/home/kotoya/vs_ws/devel/.private/moveit_tutorials/share/gennodejs/ros/moveit_tutorials/msg/EmptyGoal.js, /home/kotoya/vs_ws/devel/share/gennodejs/ros/moveit_tutorials/msg/EmptyGoal.js)
Linked: (/home/kotoya/vs_ws/devel/.private/moveit_tutorials/share/gennodejs/ros/moveit_tutorials/msg/_index.js, /home/kotoya/vs_ws/devel/share/gennodejs/ros/moveit_tutorials/msg/_index.js)
Linked: (/home/kotoya/vs_ws/devel/.private/moveit_tutorials/lib/libinteractivity_utils.so, /home/kotoya/vs_ws/devel/lib/libinteractivity_utils.so)
Linked: (/home/kotoya/vs_ws/devel/.private/moveit_tutorials/lib/pkgconfig/moveit_tutorials.pc, /home/kotoya/vs_ws/devel/lib/pkgconfig/moveit_tutorials.pc)
Linked: (/home/kotoya/vs_ws/devel/.private/moveit_tutorials/lib/moveit_tutorials/motion_planning_api_tutorial, /home/kotoya/vs_ws/devel/lib/moveit_tutorials/motion_planning_api_tutorial)
Linked: (/home/kotoya/vs_ws/devel/.private/moveit_tutorials/lib/moveit_tutorials/ros_api_tutorial, /home/kotoya/vs_ws/devel/lib/moveit_tutorials/ros_api_tutorial)
Linked: (/home/kotoya/vs_ws/devel/.private/moveit_tutorials/lib/moveit_tutorials/state_display_tutorial, /home/kotoya/vs_ws/devel/lib/moveit_tutorials/state_display_tutorial)
Linked: (/home/kotoya/vs_ws/devel/.private/moveit_tutorials/lib/moveit_tutorials/robot_model_and_robot_state_tutorial, /home/kotoya/vs_ws/devel/lib/moveit_tutorials/robot_model_and_robot_state_tutorial)
Linked: (/home/kotoya/vs_ws/devel/.private/moveit_tutorials/lib/moveit_tutorials/move_group_python_interface_tutorial.py, /home/kotoya/vs_ws/devel/lib/moveit_tutorials/move_group_python_interface_tutorial.py)
Linked: (/home/kotoya/vs_ws/devel/.private/moveit_tutorials/lib/moveit_tutorials/cmake.lock, /home/kotoya/vs_ws/devel/lib/moveit_tutorials/cmake.lock)
Linked: (/home/kotoya/vs_ws/devel/.private/moveit_tutorials/lib/moveit_tutorials/bag_publisher_maintain_time, /home/kotoya/vs_ws/devel/lib/moveit_tutorials/bag_publisher_maintain_time)
Linked: (/home/kotoya/vs_ws/devel/.private/moveit_tutorials/lib/moveit_tutorials/visualizing_collisions_tutorial, /home/kotoya/vs_ws/devel/lib/moveit_tutorials/visualizing_collisions_tutorial)
Linked: (/home/kotoya/vs_ws/devel/.private/moveit_tutorials/lib/moveit_tutorials/pick_place_tutorial, /home/kotoya/vs_ws/devel/lib/moveit_tutorials/pick_place_tutorial)
Linked: (/home/kotoya/vs_ws/devel/.private/moveit_tutorials/lib/moveit_tutorials/motion_planning_pipeline_tutorial, /home/kotoya/vs_ws/devel/lib/moveit_tutorials/motion_planning_pipeline_tutorial)
Linked: (/home/kotoya/vs_ws/devel/.private/moveit_tutorials/lib/moveit_tutorials/planning_scene_ros_api_tutorial, /home/kotoya/vs_ws/devel/lib/moveit_tutorials/planning_scene_ros_api_tutorial)
Linked: (/home/kotoya/vs_ws/devel/.private/moveit_tutorials/lib/moveit_tutorials/planning_scene_tutorial, /home/kotoya/vs_ws/devel/lib/moveit_tutorials/planning_scene_tutorial)
Linked: (/home/kotoya/vs_ws/devel/.private/moveit_tutorials/lib/moveit_tutorials/move_group_interface_tutorial, /home/kotoya/vs_ws/devel/lib/moveit_tutorials/move_group_interface_tutorial)
Linked: (/home/kotoya/vs_ws/devel/.private/moveit_tutorials/lib/moveit_tutorials/detect_and_add_cylinder_collision_object_demo, /home/kotoya/vs_ws/devel/lib/moveit_tutorials/detect_and_add_cylinder_collision_object_demo)
Linked: (/home/kotoya/vs_ws/devel/.private/moveit_tutorials/lib/python3/dist-packages/moveit_tutorials/__init__.py, /home/kotoya/vs_ws/devel/lib/python3/dist-packages/moveit_tutorials/__init__.py)
Linked: (/home/kotoya/vs_ws/devel/.private/moveit_tutorials/lib/python3/dist-packages/moveit_tutorials/srv/_GetCurrentImageData.py, /home/kotoya/vs_ws/devel/lib/python3/dist-packages/moveit_tutorials/srv/_GetCurrentImageData.py)
Linked: (/home/kotoya/vs_ws/devel/.private/moveit_tutorials/lib/python3/dist-packages/moveit_tutorials/srv/_GetCurrentJointVel.py, /home/kotoya/vs_ws/devel/lib/python3/dist-packages/moveit_tutorials/srv/_GetCurrentJointVel.py)
Linked: (/home/kotoya/vs_ws/devel/.private/moveit_tutorials/lib/python3/dist-packages/moveit_tutorials/srv/_GetCurrentCount.py, /home/kotoya/vs_ws/devel/lib/python3/dist-packages/moveit_tutorials/srv/_GetCurrentCount.py)
Linked: (/home/kotoya/vs_ws/devel/.private/moveit_tutorials/lib/python3/dist-packages/moveit_tutorials/srv/_GetCurrentImage.py, /home/kotoya/vs_ws/devel/lib/python3/dist-packages/moveit_tutorials/srv/_GetCurrentImage.py)
Linked: (/home/kotoya/vs_ws/devel/.private/moveit_tutorials/lib/python3/dist-packages/moveit_tutorials/srv/__init__.py, /home/kotoya/vs_ws/devel/lib/python3/dist-packages/moveit_tutorials/srv/__init__.py)
Linked: (/home/kotoya/vs_ws/devel/.private/moveit_tutorials/lib/python3/dist-packages/moveit_tutorials/srv/_GettfPose.py, /home/kotoya/vs_ws/devel/lib/python3/dist-packages/moveit_tutorials/srv/_GettfPose.py)
Linked: (/home/kotoya/vs_ws/devel/.private/moveit_tutorials/lib/python3/dist-packages/moveit_tutorials/msg/_EmptyGoal.py, /home/kotoya/vs_ws/devel/lib/python3/dist-packages/moveit_tutorials/msg/_EmptyGoal.py)
Linked: (/home/kotoya/vs_ws/devel/.private/moveit_tutorials/lib/python3/dist-packages/moveit_tutorials/msg/_ValidJointsActionGoal.py, /home/kotoya/vs_ws/devel/lib/python3/dist-packages/moveit_tutorials/msg/_ValidJointsActionGoal.py)
Linked: (/home/kotoya/vs_ws/devel/.private/moveit_tutorials/lib/python3/dist-packages/moveit_tutorials/msg/_ValidJointsFeedback.py, /home/kotoya/vs_ws/devel/lib/python3/dist-packages/moveit_tutorials/msg/_ValidJointsFeedback.py)
Linked: (/home/kotoya/vs_ws/devel/.private/moveit_tutorials/lib/python3/dist-packages/moveit_tutorials/msg/_ValidJointsActionFeedback.py, /home/kotoya/vs_ws/devel/lib/python3/dist-packages/moveit_tutorials/msg/_ValidJointsActionFeedback.py)
Linked: (/home/kotoya/vs_ws/devel/.private/moveit_tutorials/lib/python3/dist-packages/moveit_tutorials/msg/_EmptyActionGoal.py, /home/kotoya/vs_ws/devel/lib/python3/dist-packages/moveit_tutorials/msg/_EmptyActionGoal.py)
Linked: (/home/kotoya/vs_ws/devel/.private/moveit_tutorials/lib/python3/dist-packages/moveit_tutorials/msg/_ValidJointsGoal.py, /home/kotoya/vs_ws/devel/lib/python3/dist-packages/moveit_tutorials/msg/_ValidJointsGoal.py)
Linked: (/home/kotoya/vs_ws/devel/.private/moveit_tutorials/lib/python3/dist-packages/moveit_tutorials/msg/_EmptyActionResult.py, /home/kotoya/vs_ws/devel/lib/python3/dist-packages/moveit_tutorials/msg/_EmptyActionResult.py)
Linked: (/home/kotoya/vs_ws/devel/.private/moveit_tutorials/lib/python3/dist-packages/moveit_tutorials/msg/_EmptyActionFeedback.py, /home/kotoya/vs_ws/devel/lib/python3/dist-packages/moveit_tutorials/msg/_EmptyActionFeedback.py)
Linked: (/home/kotoya/vs_ws/devel/.private/moveit_tutorials/lib/python3/dist-packages/moveit_tutorials/msg/_EmptyAction.py, /home/kotoya/vs_ws/devel/lib/python3/dist-packages/moveit_tutorials/msg/_EmptyAction.py)
Linked: (/home/kotoya/vs_ws/devel/.private/moveit_tutorials/lib/python3/dist-packages/moveit_tutorials/msg/_EmptyResult.py, /home/kotoya/vs_ws/devel/lib/python3/dist-packages/moveit_tutorials/msg/_EmptyResult.py)
Linked: (/home/kotoya/vs_ws/devel/.private/moveit_tutorials/lib/python3/dist-packages/moveit_tutorials/msg/_EmptyFeedback.py, /home/kotoya/vs_ws/devel/lib/python3/dist-packages/moveit_tutorials/msg/_EmptyFeedback.py)
Linked: (/home/kotoya/vs_ws/devel/.private/moveit_tutorials/lib/python3/dist-packages/moveit_tutorials/msg/__init__.py, /home/kotoya/vs_ws/devel/lib/python3/dist-packages/moveit_tutorials/msg/__init__.py)
Linked: (/home/kotoya/vs_ws/devel/.private/moveit_tutorials/lib/python3/dist-packages/moveit_tutorials/msg/_ValidJointsAction.py, /home/kotoya/vs_ws/devel/lib/python3/dist-packages/moveit_tutorials/msg/_ValidJointsAction.py)
Linked: (/home/kotoya/vs_ws/devel/.private/moveit_tutorials/lib/python3/dist-packages/moveit_tutorials/msg/_ValidJointsResult.py, /home/kotoya/vs_ws/devel/lib/python3/dist-packages/moveit_tutorials/msg/_ValidJointsResult.py)
Linked: (/home/kotoya/vs_ws/devel/.private/moveit_tutorials/lib/python3/dist-packages/moveit_tutorials/msg/_ValidJointsActionResult.py, /home/kotoya/vs_ws/devel/lib/python3/dist-packages/moveit_tutorials/msg/_ValidJointsActionResult.py)
