[  0%] Built target geometry_msgs_generate_messages_cpp
[  0%] Built target actionlib_msgs_generate_messages_cpp
[  0%] Built target sensor_msgs_generate_messages_cpp
[  0%] Built target std_msgs_generate_messages_cpp
[  0%] Built target _moveit_tutorials_generate_messages_check_deps_EmptyActionGoal
[  0%] Built target _moveit_tutorials_generate_messages_check_deps_ValidJointsAction
[  0%] Built target _moveit_tutorials_generate_messages_check_deps_GettfPose
[  0%] Built target _moveit_tutorials_generate_messages_check_deps_GetCurrentImage
[  0%] Built target _moveit_tutorials_generate_messages_check_deps_ValidJointsActionGoal
[  0%] Built target _moveit_tutorials_generate_messages_check_deps_GetCurrentCount
[  0%] Built target _moveit_tutorials_generate_messages_check_deps_GetCurrentJointVel
[  0%] Built target _moveit_tutorials_generate_messages_check_deps_GetCurrentImageData
[  0%] Built target _moveit_tutorials_generate_messages_check_deps_ValidJointsActionFeedback
[  0%] Built target _moveit_tutorials_generate_messages_check_deps_ValidJointsFeedback
[  0%] Built target _moveit_tutorials_generate_messages_check_deps_ValidJointsResult
[  0%] Built target _moveit_tutorials_generate_messages_check_deps_EmptyActionFeedback
[  0%] Built target sensor_msgs_generate_messages_py
[  0%] Built target geometry_msgs_generate_messages_py
[  0%] Built target actionlib_msgs_generate_messages_py
[  0%] Built target std_msgs_generate_messages_py
[  0%] Built target geometry_msgs_generate_messages_lisp
[  0%] Built target _moveit_tutorials_generate_messages_check_deps_ValidJointsGoal
[  0%] Built target _moveit_tutorials_generate_messages_check_deps_EmptyFeedback
[  0%] Built target _moveit_tutorials_generate_messages_check_deps_EmptyGoal
[  0%] Built target std_msgs_generate_messages_lisp
[  0%] Built target _moveit_tutorials_generate_messages_check_deps_EmptyActionResult
[  0%] Built target _moveit_tutorials_generate_messages_check_deps_ValidJointsActionResult
[  0%] Built target sensor_msgs_generate_messages_lisp
[  0%] Built target geometry_msgs_generate_messages_nodejs
[  0%] Built target _moveit_tutorials_generate_messages_check_deps_EmptyResult
[  0%] Built target std_msgs_generate_messages_nodejs
[  0%] Built target actionlib_msgs_generate_messages_lisp
[  0%] Built target actionlib_msgs_generate_messages_nodejs
[  0%] Built target sensor_msgs_generate_messages_nodejs
[  0%] Built target _moveit_tutorials_generate_messages_check_deps_EmptyAction
[  0%] Built target sensor_msgs_generate_messages_eus
[  0%] Built target geometry_msgs_generate_messages_eus
[  0%] Built target actionlib_msgs_generate_messages_eus
[  0%] Built target std_msgs_generate_messages_eus
[  1%] Built target robot_model_and_robot_state_tutorial
[  3%] Built target ros_api_tutorial
[  5%] Built target planning_scene_tutorial
[  7%] Built target motion_planning_api_tutorial
[  8%] Built target planning_scene_ros_api_tutorial
[  9%] Built target motion_planning_pipeline_tutorial
[ 10%] Built target state_display_tutorial
[ 12%] Built target move_group_interface_tutorial
[ 13%] Built target bag_publisher_maintain_time
[ 60%] Built target moveit_tutorials_generate_messages_lisp
[ 60%] Built target moveit_tutorials_generate_messages_py
[ 63%] Built target interactivity_utils
[ 60%] Built target moveit_tutorials_generate_messages_cpp
[ 78%] Built target moveit_tutorials_generate_messages_nodejs
[ 94%] Built target moveit_tutorials_generate_messages_eus
[ 96%] Built target pick_place_tutorial
[ 97%] Built target detect_and_add_cylinder_collision_object_demo
[ 97%] Built target moveit_tutorials_generate_messages
[100%] Built target visualizing_collisions_tutorial
