[36m--[0m Using CATKIN_DEVEL_PREFIX: /home/kotoyah/vs_ws/devel/.private/moveit_tutorials
[36m--[0m Using CMAKE_PREFIX_PATH: /home/kotoyah/vs_ws/devel;/opt/ros/noetic;/home/kotoyah/catkin_ws/devel
[36m--[0m This workspace overlays: /home/kotoyah/vs_ws/devel;/opt/ros/noetic
[36m--[0m Found PythonInterp: /usr/bin/python3 (found suitable version "3.8.10", minimum required is "3")
[36m--[0m Using PYTHON_EXECUTABLE: /usr/bin/python3
[36m--[0m Using Debian Python package layout
[36m--[0m Using empy: /usr/lib/python3/dist-packages/em.py
[36m--[0m Using CATKIN_ENABLE_TESTING: ON
[36m--[0m Call enable_testing()
[36m--[0m Using CATKIN_TEST_RESULTS_DIR: /home/kotoyah/vs_ws/build/moveit_tutorials/test_results
[36m--[0m Forcing gtest/gmock from source, though one was otherwise available.
[36m--[0m Found gtest sources under '/usr/src/googletest': gtests will be built
[36m--[0m Found gmock sources under '/usr/src/googletest': gmock will be built
[36m--[0m Found PythonInterp: /usr/bin/python3 (found version "3.8.10")
[36m--[0m Using Python nosetests: /usr/bin/nosetests3
[36m--[0m catkin 0.8.10
[36m--[0m BUILD_SHARED_LIBS is on
[36m--[0m Using these message generators: gencpp;geneus;genlisp;gennodejs;genpy
[36m--[0m Could NOT find moveit_core (missing: moveit_core_DIR)
[36m--[0m Could not find the required component 'moveit_core'. The following CMake error indicates that you either need to install the package with the same name or change your environment so that it can be found.
[31m[1mCMake Error[0m at /opt/ros/noetic/share/catkin/cmake/catkinConfig.cmake:83 (find_package):
  Could not find a package configuration file provided by "moveit_core" with
  any of the following names:

    moveit_coreConfig.cmake
    moveit_core-config.cmake

  Add the installation prefix of "moveit_core" to CMAKE_PREFIX_PATH or set
  "moveit_core_DIR" to a directory containing one of the above files.  If
  "moveit_core" provides a separate development package or SDK, be sure it
  has been installed.
[36mCall Stack (most recent call first):[0m
  CMakeLists.txt:7 (find_package)


[36m--[0m Configuring incomplete, errors occurred!
See also "/home/kotoyah/vs_ws/build/moveit_tutorials/CMakeFiles/CMakeOutput.log".
See also "/home/kotoyah/vs_ws/build/moveit_tutorials/CMakeFiles/CMakeError.log".
make: *** [Makefile:2546: cmake_check_build_system] Error 1
