Symlinking /home/kotoyah/vs_ws/devel/share/gennodejs/ros/moveit_tutorials/_index.js
Symlinking /home/kotoyah/vs_ws/devel/share/gennodejs/ros/moveit_tutorials/msg/ValidJointsGoal.js
Symlinking /home/kotoyah/vs_ws/devel/share/gennodejs/ros/moveit_tutorials/msg/ValidJointsResult.js
Symlinking /home/kotoyah/vs_ws/devel/share/gennodejs/ros/moveit_tutorials/msg/EmptyActionFeedback.js
Symlinking /home/kotoyah/vs_ws/devel/share/gennodejs/ros/moveit_tutorials/msg/ValidJointsActionResult.js
Symlinking /home/kotoyah/vs_ws/devel/share/gennodejs/ros/moveit_tutorials/msg/ValidJointsActionGoal.js
Symlinking /home/kotoyah/vs_ws/devel/share/gennodejs/ros/moveit_tutorials/msg/_index.js
Symlinking /home/kotoyah/vs_ws/devel/share/gennodejs/ros/moveit_tutorials/msg/EmptyGoal.js
Symlinking /home/kotoyah/vs_ws/devel/share/gennodejs/ros/moveit_tutorials/msg/EmptyFeedback.js
Symlinking /home/kotoyah/vs_ws/devel/share/gennodejs/ros/moveit_tutorials/msg/EmptyActionResult.js
Symlinking /home/kotoyah/vs_ws/devel/share/gennodejs/ros/moveit_tutorials/msg/ValidJointsAction.js
Symlinking /home/kotoyah/vs_ws/devel/share/gennodejs/ros/moveit_tutorials/msg/EmptyResult.js
Symlinking /home/kotoyah/vs_ws/devel/share/gennodejs/ros/moveit_tutorials/msg/EmptyAction.js
Symlinking /home/kotoyah/vs_ws/devel/share/gennodejs/ros/moveit_tutorials/msg/ValidJointsActionFeedback.js
Symlinking /home/kotoyah/vs_ws/devel/share/gennodejs/ros/moveit_tutorials/msg/EmptyActionGoal.js
Symlinking /home/kotoyah/vs_ws/devel/share/gennodejs/ros/moveit_tutorials/msg/ValidJointsFeedback.js
Symlinking /home/kotoyah/vs_ws/devel/share/gennodejs/ros/moveit_tutorials/srv/GetCurrentCount.js
Symlinking /home/kotoyah/vs_ws/devel/share/gennodejs/ros/moveit_tutorials/srv/GetCurrentJointVel.js
Symlinking /home/kotoyah/vs_ws/devel/share/gennodejs/ros/moveit_tutorials/srv/_index.js
Symlinking /home/kotoyah/vs_ws/devel/share/gennodejs/ros/moveit_tutorials/srv/GetCurrentImageData.js
Symlinking /home/kotoyah/vs_ws/devel/share/gennodejs/ros/moveit_tutorials/srv/GetCurrentImage.js
Symlinking /home/kotoyah/vs_ws/devel/share/gennodejs/ros/moveit_tutorials/srv/GettfPose.js
Symlinking /home/kotoyah/vs_ws/devel/share/moveit_tutorials/msg/ValidJointsGoal.msg
Symlinking /home/kotoyah/vs_ws/devel/share/moveit_tutorials/msg/EmptyResult.msg
Symlinking /home/kotoyah/vs_ws/devel/share/moveit_tutorials/msg/ValidJointsAction.msg
Symlinking /home/kotoyah/vs_ws/devel/share/moveit_tutorials/msg/EmptyGoal.msg
Symlinking /home/kotoyah/vs_ws/devel/share/moveit_tutorials/msg/EmptyActionGoal.msg
Symlinking /home/kotoyah/vs_ws/devel/share/moveit_tutorials/msg/EmptyFeedback.msg
Symlinking /home/kotoyah/vs_ws/devel/share/moveit_tutorials/msg/EmptyAction.msg
Symlinking /home/kotoyah/vs_ws/devel/share/moveit_tutorials/msg/EmptyActionFeedback.msg
Symlinking /home/kotoyah/vs_ws/devel/share/moveit_tutorials/msg/ValidJointsResult.msg
Symlinking /home/kotoyah/vs_ws/devel/share/moveit_tutorials/msg/ValidJointsActionGoal.msg
Symlinking /home/kotoyah/vs_ws/devel/share/moveit_tutorials/msg/EmptyActionResult.msg
Symlinking /home/kotoyah/vs_ws/devel/share/moveit_tutorials/msg/ValidJointsActionResult.msg
Symlinking /home/kotoyah/vs_ws/devel/share/moveit_tutorials/msg/ValidJointsFeedback.msg
Symlinking /home/kotoyah/vs_ws/devel/share/moveit_tutorials/msg/ValidJointsActionFeedback.msg
Symlinking /home/kotoyah/vs_ws/devel/share/moveit_tutorials/cmake/moveit_tutorials-msg-paths.cmake
Symlinking /home/kotoyah/vs_ws/devel/share/moveit_tutorials/cmake/moveit_tutorialsConfig-version.cmake
Symlinking /home/kotoyah/vs_ws/devel/share/moveit_tutorials/cmake/moveit_tutorialsConfig.cmake
Symlinking /home/kotoyah/vs_ws/devel/share/moveit_tutorials/cmake/moveit_tutorials-msg-extras.cmake
Symlinking /home/kotoyah/vs_ws/devel/share/common-lisp/ros/moveit_tutorials/msg/EmptyActionResult.lisp
Symlinking /home/kotoyah/vs_ws/devel/share/common-lisp/ros/moveit_tutorials/msg/ValidJointsFeedback.lisp
Symlinking /home/kotoyah/vs_ws/devel/share/common-lisp/ros/moveit_tutorials/msg/_package_ValidJointsFeedback.lisp
Symlinking /home/kotoyah/vs_ws/devel/share/common-lisp/ros/moveit_tutorials/msg/_package_EmptyActionFeedback.lisp
Symlinking /home/kotoyah/vs_ws/devel/share/common-lisp/ros/moveit_tutorials/msg/ValidJointsGoal.lisp
Symlinking /home/kotoyah/vs_ws/devel/share/common-lisp/ros/moveit_tutorials/msg/ValidJointsActionGoal.lisp
Symlinking /home/kotoyah/vs_ws/devel/share/common-lisp/ros/moveit_tutorials/msg/_package_ValidJointsActionGoal.lisp
Symlinking /home/kotoyah/vs_ws/devel/share/common-lisp/ros/moveit_tutorials/msg/EmptyGoal.lisp
Symlinking /home/kotoyah/vs_ws/devel/share/common-lisp/ros/moveit_tutorials/msg/_package_EmptyGoal.lisp
Symlinking /home/kotoyah/vs_ws/devel/share/common-lisp/ros/moveit_tutorials/msg/EmptyFeedback.lisp
Symlinking /home/kotoyah/vs_ws/devel/share/common-lisp/ros/moveit_tutorials/msg/_package_ValidJointsGoal.lisp
Symlinking /home/kotoyah/vs_ws/devel/share/common-lisp/ros/moveit_tutorials/msg/moveit_tutorials-msg.asd
Symlinking /home/kotoyah/vs_ws/devel/share/common-lisp/ros/moveit_tutorials/msg/EmptyAction.lisp
Symlinking /home/kotoyah/vs_ws/devel/share/common-lisp/ros/moveit_tutorials/msg/_package_EmptyActionResult.lisp
Symlinking /home/kotoyah/vs_ws/devel/share/common-lisp/ros/moveit_tutorials/msg/_package_ValidJointsAction.lisp
Symlinking /home/kotoyah/vs_ws/devel/share/common-lisp/ros/moveit_tutorials/msg/ValidJointsActionResult.lisp
Symlinking /home/kotoyah/vs_ws/devel/share/common-lisp/ros/moveit_tutorials/msg/ValidJointsResult.lisp
Symlinking /home/kotoyah/vs_ws/devel/share/common-lisp/ros/moveit_tutorials/msg/_package_ValidJointsResult.lisp
Symlinking /home/kotoyah/vs_ws/devel/share/common-lisp/ros/moveit_tutorials/msg/_package_EmptyFeedback.lisp
Symlinking /home/kotoyah/vs_ws/devel/share/common-lisp/ros/moveit_tutorials/msg/_package_ValidJointsActionFeedback.lisp
Symlinking /home/kotoyah/vs_ws/devel/share/common-lisp/ros/moveit_tutorials/msg/ValidJointsActionFeedback.lisp
Symlinking /home/kotoyah/vs_ws/devel/share/common-lisp/ros/moveit_tutorials/msg/_package_ValidJointsActionResult.lisp
Symlinking /home/kotoyah/vs_ws/devel/share/common-lisp/ros/moveit_tutorials/msg/_package_EmptyResult.lisp
Symlinking /home/kotoyah/vs_ws/devel/share/common-lisp/ros/moveit_tutorials/msg/EmptyResult.lisp
Symlinking /home/kotoyah/vs_ws/devel/share/common-lisp/ros/moveit_tutorials/msg/_package.lisp
Symlinking /home/kotoyah/vs_ws/devel/share/common-lisp/ros/moveit_tutorials/msg/EmptyActionGoal.lisp
Symlinking /home/kotoyah/vs_ws/devel/share/common-lisp/ros/moveit_tutorials/msg/_package_EmptyAction.lisp
Symlinking /home/kotoyah/vs_ws/devel/share/common-lisp/ros/moveit_tutorials/msg/EmptyActionFeedback.lisp
Symlinking /home/kotoyah/vs_ws/devel/share/common-lisp/ros/moveit_tutorials/msg/_package_EmptyActionGoal.lisp
Symlinking /home/kotoyah/vs_ws/devel/share/common-lisp/ros/moveit_tutorials/msg/ValidJointsAction.lisp
Symlinking /home/kotoyah/vs_ws/devel/share/common-lisp/ros/moveit_tutorials/srv/GettfPose.lisp
Symlinking /home/kotoyah/vs_ws/devel/share/common-lisp/ros/moveit_tutorials/srv/moveit_tutorials-srv.asd
Symlinking /home/kotoyah/vs_ws/devel/share/common-lisp/ros/moveit_tutorials/srv/GetCurrentJointVel.lisp
Symlinking /home/kotoyah/vs_ws/devel/share/common-lisp/ros/moveit_tutorials/srv/_package_GetCurrentImageData.lisp
Symlinking /home/kotoyah/vs_ws/devel/share/common-lisp/ros/moveit_tutorials/srv/GetCurrentImageData.lisp
Symlinking /home/kotoyah/vs_ws/devel/share/common-lisp/ros/moveit_tutorials/srv/_package_GetCurrentCount.lisp
Symlinking /home/kotoyah/vs_ws/devel/share/common-lisp/ros/moveit_tutorials/srv/_package_GetCurrentImage.lisp
Symlinking /home/kotoyah/vs_ws/devel/share/common-lisp/ros/moveit_tutorials/srv/GetCurrentImage.lisp
Symlinking /home/kotoyah/vs_ws/devel/share/common-lisp/ros/moveit_tutorials/srv/GetCurrentCount.lisp
Symlinking /home/kotoyah/vs_ws/devel/share/common-lisp/ros/moveit_tutorials/srv/_package_GettfPose.lisp
Symlinking /home/kotoyah/vs_ws/devel/share/common-lisp/ros/moveit_tutorials/srv/_package.lisp
Symlinking /home/kotoyah/vs_ws/devel/share/common-lisp/ros/moveit_tutorials/srv/_package_GetCurrentJointVel.lisp
Symlinking /home/kotoyah/vs_ws/devel/share/roseus/ros/moveit_tutorials/manifest.l
Symlinking /home/kotoyah/vs_ws/devel/share/roseus/ros/moveit_tutorials/msg/EmptyActionResult.l
Symlinking /home/kotoyah/vs_ws/devel/share/roseus/ros/moveit_tutorials/msg/ValidJointsFeedback.l
Symlinking /home/kotoyah/vs_ws/devel/share/roseus/ros/moveit_tutorials/msg/ValidJointsActionResult.l
Symlinking /home/kotoyah/vs_ws/devel/share/roseus/ros/moveit_tutorials/msg/ValidJointsResult.l
Symlinking /home/kotoyah/vs_ws/devel/share/roseus/ros/moveit_tutorials/msg/EmptyActionFeedback.l
Symlinking /home/kotoyah/vs_ws/devel/share/roseus/ros/moveit_tutorials/msg/EmptyAction.l
Symlinking /home/kotoyah/vs_ws/devel/share/roseus/ros/moveit_tutorials/msg/EmptyFeedback.l
Symlinking /home/kotoyah/vs_ws/devel/share/roseus/ros/moveit_tutorials/msg/EmptyActionGoal.l
Symlinking /home/kotoyah/vs_ws/devel/share/roseus/ros/moveit_tutorials/msg/ValidJointsAction.l
Symlinking /home/kotoyah/vs_ws/devel/share/roseus/ros/moveit_tutorials/msg/EmptyGoal.l
Symlinking /home/kotoyah/vs_ws/devel/share/roseus/ros/moveit_tutorials/msg/ValidJointsGoal.l
Symlinking /home/kotoyah/vs_ws/devel/share/roseus/ros/moveit_tutorials/msg/ValidJointsActionFeedback.l
Symlinking /home/kotoyah/vs_ws/devel/share/roseus/ros/moveit_tutorials/msg/EmptyResult.l
Symlinking /home/kotoyah/vs_ws/devel/share/roseus/ros/moveit_tutorials/msg/ValidJointsActionGoal.l
Symlinking /home/kotoyah/vs_ws/devel/share/roseus/ros/moveit_tutorials/srv/GettfPose.l
Symlinking /home/kotoyah/vs_ws/devel/share/roseus/ros/moveit_tutorials/srv/GetCurrentImageData.l
Symlinking /home/kotoyah/vs_ws/devel/share/roseus/ros/moveit_tutorials/srv/GetCurrentImage.l
Symlinking /home/kotoyah/vs_ws/devel/share/roseus/ros/moveit_tutorials/srv/GetCurrentCount.l
Symlinking /home/kotoyah/vs_ws/devel/share/roseus/ros/moveit_tutorials/srv/GetCurrentJointVel.l
Symlinking /home/kotoyah/vs_ws/devel/include/moveit_tutorials/EmptyActionGoal.h
Symlinking /home/kotoyah/vs_ws/devel/include/moveit_tutorials/EmptyActionResult.h
Symlinking /home/kotoyah/vs_ws/devel/include/moveit_tutorials/EmptyFeedback.h
Symlinking /home/kotoyah/vs_ws/devel/include/moveit_tutorials/ValidJointsFeedback.h
Symlinking /home/kotoyah/vs_ws/devel/include/moveit_tutorials/GetCurrentJointVelResponse.h
Symlinking /home/kotoyah/vs_ws/devel/include/moveit_tutorials/GettfPose.h
Symlinking /home/kotoyah/vs_ws/devel/include/moveit_tutorials/EmptyGoal.h
Symlinking /home/kotoyah/vs_ws/devel/include/moveit_tutorials/GetCurrentCount.h
Symlinking /home/kotoyah/vs_ws/devel/include/moveit_tutorials/EmptyResult.h
Symlinking /home/kotoyah/vs_ws/devel/include/moveit_tutorials/GetCurrentCountRequest.h
Symlinking /home/kotoyah/vs_ws/devel/include/moveit_tutorials/GetCurrentImageDataResponse.h
Symlinking /home/kotoyah/vs_ws/devel/include/moveit_tutorials/GetCurrentCountResponse.h
Symlinking /home/kotoyah/vs_ws/devel/include/moveit_tutorials/GetCurrentImageRequest.h
Symlinking /home/kotoyah/vs_ws/devel/include/moveit_tutorials/GetCurrentImageResponse.h
Symlinking /home/kotoyah/vs_ws/devel/include/moveit_tutorials/ValidJointsResult.h
Symlinking /home/kotoyah/vs_ws/devel/include/moveit_tutorials/GetCurrentJointVelRequest.h
Symlinking /home/kotoyah/vs_ws/devel/include/moveit_tutorials/EmptyActionFeedback.h
Symlinking /home/kotoyah/vs_ws/devel/include/moveit_tutorials/GetCurrentImageDataRequest.h
Symlinking /home/kotoyah/vs_ws/devel/include/moveit_tutorials/EmptyAction.h
Symlinking /home/kotoyah/vs_ws/devel/include/moveit_tutorials/GetCurrentImage.h
Symlinking /home/kotoyah/vs_ws/devel/include/moveit_tutorials/GettfPoseRequest.h
Symlinking /home/kotoyah/vs_ws/devel/include/moveit_tutorials/ValidJointsGoal.h
Symlinking /home/kotoyah/vs_ws/devel/include/moveit_tutorials/GetCurrentImageData.h
Symlinking /home/kotoyah/vs_ws/devel/include/moveit_tutorials/ValidJointsActionResult.h
Symlinking /home/kotoyah/vs_ws/devel/include/moveit_tutorials/ValidJointsActionFeedback.h
Symlinking /home/kotoyah/vs_ws/devel/include/moveit_tutorials/GettfPoseResponse.h
Symlinking /home/kotoyah/vs_ws/devel/include/moveit_tutorials/ValidJointsActionGoal.h
Symlinking /home/kotoyah/vs_ws/devel/include/moveit_tutorials/ValidJointsAction.h
Symlinking /home/kotoyah/vs_ws/devel/include/moveit_tutorials/GetCurrentJointVel.h
Symlinking /home/kotoyah/vs_ws/devel/lib/libinteractivity_utils.so
Symlinking /home/kotoyah/vs_ws/devel/lib/moveit_tutorials/planning_scene_ros_api_tutorial
Symlinking /home/kotoyah/vs_ws/devel/lib/moveit_tutorials/motion_planning_pipeline_tutorial
Symlinking /home/kotoyah/vs_ws/devel/lib/moveit_tutorials/move_group_python_interface_tutorial.py
Symlinking /home/kotoyah/vs_ws/devel/lib/moveit_tutorials/planning_scene_tutorial
Symlinking /home/kotoyah/vs_ws/devel/lib/moveit_tutorials/move_group_interface_tutorial
Symlinking /home/kotoyah/vs_ws/devel/lib/moveit_tutorials/pick_place_tutorial
Symlinking /home/kotoyah/vs_ws/devel/lib/moveit_tutorials/cmake.lock
Symlinking /home/kotoyah/vs_ws/devel/lib/moveit_tutorials/detect_and_add_cylinder_collision_object_demo
Symlinking /home/kotoyah/vs_ws/devel/lib/moveit_tutorials/motion_planning_api_tutorial
Symlinking /home/kotoyah/vs_ws/devel/lib/moveit_tutorials/state_display_tutorial
Symlinking /home/kotoyah/vs_ws/devel/lib/moveit_tutorials/ros_api_tutorial
Symlinking /home/kotoyah/vs_ws/devel/lib/moveit_tutorials/bag_publisher_maintain_time
Symlinking /home/kotoyah/vs_ws/devel/lib/moveit_tutorials/robot_model_and_robot_state_tutorial
Symlinking /home/kotoyah/vs_ws/devel/lib/moveit_tutorials/visualizing_collisions_tutorial
Symlinking /home/kotoyah/vs_ws/devel/lib/python3/dist-packages/moveit_tutorials/__init__.py
Symlinking /home/kotoyah/vs_ws/devel/lib/python3/dist-packages/moveit_tutorials/msg/_ValidJointsAction.py
Symlinking /home/kotoyah/vs_ws/devel/lib/python3/dist-packages/moveit_tutorials/msg/_ValidJointsActionFeedback.py
Symlinking /home/kotoyah/vs_ws/devel/lib/python3/dist-packages/moveit_tutorials/msg/__init__.py
Symlinking /home/kotoyah/vs_ws/devel/lib/python3/dist-packages/moveit_tutorials/msg/_ValidJointsActionGoal.py
Symlinking /home/kotoyah/vs_ws/devel/lib/python3/dist-packages/moveit_tutorials/msg/_EmptyGoal.py
Symlinking /home/kotoyah/vs_ws/devel/lib/python3/dist-packages/moveit_tutorials/msg/_ValidJointsResult.py
Symlinking /home/kotoyah/vs_ws/devel/lib/python3/dist-packages/moveit_tutorials/msg/_ValidJointsGoal.py
Symlinking /home/kotoyah/vs_ws/devel/lib/python3/dist-packages/moveit_tutorials/msg/_EmptyFeedback.py
Symlinking /home/kotoyah/vs_ws/devel/lib/python3/dist-packages/moveit_tutorials/msg/_ValidJointsActionResult.py
Symlinking /home/kotoyah/vs_ws/devel/lib/python3/dist-packages/moveit_tutorials/msg/_EmptyActionResult.py
Symlinking /home/kotoyah/vs_ws/devel/lib/python3/dist-packages/moveit_tutorials/msg/_EmptyAction.py
Symlinking /home/kotoyah/vs_ws/devel/lib/python3/dist-packages/moveit_tutorials/msg/_EmptyActionFeedback.py
Symlinking /home/kotoyah/vs_ws/devel/lib/python3/dist-packages/moveit_tutorials/msg/_EmptyResult.py
Symlinking /home/kotoyah/vs_ws/devel/lib/python3/dist-packages/moveit_tutorials/msg/_ValidJointsFeedback.py
Symlinking /home/kotoyah/vs_ws/devel/lib/python3/dist-packages/moveit_tutorials/msg/_EmptyActionGoal.py
Symlinking /home/kotoyah/vs_ws/devel/lib/python3/dist-packages/moveit_tutorials/srv/_GetCurrentJointVel.py
Symlinking /home/kotoyah/vs_ws/devel/lib/python3/dist-packages/moveit_tutorials/srv/_GetCurrentCount.py
Symlinking /home/kotoyah/vs_ws/devel/lib/python3/dist-packages/moveit_tutorials/srv/__init__.py
Symlinking /home/kotoyah/vs_ws/devel/lib/python3/dist-packages/moveit_tutorials/srv/_GettfPose.py
Symlinking /home/kotoyah/vs_ws/devel/lib/python3/dist-packages/moveit_tutorials/srv/_GetCurrentImage.py
Symlinking /home/kotoyah/vs_ws/devel/lib/python3/dist-packages/moveit_tutorials/srv/_GetCurrentImageData.py
Symlinking /home/kotoyah/vs_ws/devel/lib/pkgconfig/moveit_tutorials.pc
