Not searching for unused variables given on the command line.
[36m--[0m The C compiler identification is GNU 9.4.0
[36m--[0m The CXX compiler identification is GNU 9.4.0
[36m--[0m Check for working C compiler: /usr/bin/cc
[36m--[0m Check for working C compiler: /usr/bin/cc -- works
[36m--[0m Detecting C compiler ABI info
[36m--[0m Detecting C compiler ABI info - done
[36m--[0m Detecting C compile features
[36m--[0m Detecting C compile features - done
[36m--[0m Check for working CXX compiler: /usr/bin/c++
[36m--[0m Check for working CXX compiler: /usr/bin/c++ -- works
[36m--[0m Detecting CXX compiler ABI info
[36m--[0m Detecting CXX compiler ABI info - done
[36m--[0m Detecting CXX compile features
[36m--[0m Detecting CXX compile features - done
[36m--[0m Using CATKIN_DEVEL_PREFIX: /home/kotoya/vs_ws/devel/.private/ur_calibration
[36m--[0m Using CMAKE_PREFIX_PATH: /home/kotoya/vs_ws/devel;/opt/ros/noetic;/home/kotoya/kototya_ws/devel
[36m--[0m This workspace overlays: /home/kotoya/vs_ws/devel;/opt/ros/noetic;/home/kotoya/kototya_ws/devel
[36m--[0m Found PythonInterp: /usr/bin/python3 (found suitable version "3.8.10", minimum required is "3")
[36m--[0m Using PYTHON_EXECUTABLE: /usr/bin/python3
[36m--[0m Using Debian Python package layout
[36m--[0m Found PY_em: /usr/lib/python3/dist-packages/em.py
[36m--[0m Using empy: /usr/lib/python3/dist-packages/em.py
[36m--[0m Using CATKIN_ENABLE_TESTING: ON
[36m--[0m Call enable_testing()
[36m--[0m Using CATKIN_TEST_RESULTS_DIR: /home/kotoya/vs_ws/build/ur_calibration/test_results
[36m--[0m Forcing gtest/gmock from source, though one was otherwise available.
[36m--[0m Found gtest sources under '/usr/src/googletest': gtests will be built
[36m--[0m Found gmock sources under '/usr/src/googletest': gmock will be built
[36m--[0m Found PythonInterp: /usr/bin/python3 (found version "3.8.10")
[36m--[0m Found Threads: TRUE
[36m--[0m Using Python nosetests: /usr/bin/nosetests3
[36m--[0m catkin 0.8.10
[36m--[0m BUILD_SHARED_LIBS is on
[36m--[0m Using these message generators: gencpp;geneus;genlisp;gennodejs;genpy
[36m--[0m Configuring done
[33m[1mCMake Warning[0m at /home/kotoya/vs_ws/src/Universal_Robots_ROS_Driver/ur_calibration/CMakeLists.txt:37 (add_executable):
  Cannot generate a safe runtime search path for target
  calibration_correction because there is a cycle in the constraint graph:

    dir 0 is [/home/kotoya/kototya_ws/devel/.private/ur_robot_driver/lib]
    dir 1 is [/opt/ros/noetic/lib/x86_64-linux-gnu]
      dir 3 must precede it due to runtime library [liburcl.so]
    dir 2 is [/opt/ros/noetic/lib]
      dir 0 must precede it due to runtime library [libur_robot_driver_plugin.so]
    dir 3 is [/home/kotoya/vs_ws/devel/lib]
      dir 1 must precede it due to runtime library [liburcl.so]

  Some of these libraries may not be found correctly.


[33m[1mCMake Warning[0m at /opt/ros/noetic/share/catkin/cmake/test/gtest.cmake:180 (add_executable):
  Cannot generate a safe runtime search path for target calibration_test
  because there is a cycle in the constraint graph:

    dir 0 is [/home/kotoya/vs_ws/build/ur_calibration/gtest]
    dir 1 is [/home/kotoya/vs_ws/build/ur_calibration/gtest/lib]
    dir 2 is [/home/kotoya/kototya_ws/devel/.private/ur_robot_driver/lib]
    dir 3 is [/opt/ros/noetic/lib/x86_64-linux-gnu]
      dir 5 must precede it due to runtime library [liburcl.so]
    dir 4 is [/opt/ros/noetic/lib]
      dir 2 must precede it due to runtime library [libur_robot_driver_plugin.so]
    dir 5 is [/home/kotoya/vs_ws/devel/lib]
      dir 3 must precede it due to runtime library [liburcl.so]

  Some of these libraries may not be found correctly.
[36mCall Stack (most recent call first):[0m
  /opt/ros/noetic/share/catkin/cmake/test/gtest.cmake:89 (_catkin_add_executable_with_google_test)
  /opt/ros/noetic/share/catkin/cmake/test/gtest.cmake:37 (_catkin_add_google_test)
  CMakeLists.txt:61 (catkin_add_gtest)


[36m--[0m Generating done
[36m--[0m Build files have been written to: /home/kotoya/vs_ws/build/ur_calibration
