Warning: Cannot symlink from /home/kotoya/vs_ws/devel/.private/ur_robot_driver/share/ur_robot_driver/cmake/ur_robot_driverConfig.cmake to existing file /home/kotoya/vs_ws/devel/share/ur_robot_driver/cmake/ur_robot_driverConfig.cmake
Warning: Source hash: a57157d0c12e539dc7a8d25046548223
Warning: Dest hash: 72b7aac53d4053d2b6e78754ae7b52ce
Warning: Cannot symlink from /home/kotoya/vs_ws/devel/.private/ur_robot_driver/lib/libur_robot_driver_plugin.so to existing file /home/kotoya/vs_ws/devel/lib/libur_robot_driver_plugin.so
Warning: Source hash: e2761509c1d6c5d02da9c43547a18112
Warning: Dest hash: 5b62895c4b3786bdb3e9ae6a15c24514
Warning: Cannot symlink from /home/kotoya/vs_ws/devel/.private/ur_robot_driver/lib/liburcl_log_handler.so to existing file /home/kotoya/vs_ws/devel/lib/liburcl_log_handler.so
Warning: Source hash: d63d84697f3bd11b364de92d73e29956
Warning: Dest hash: f9720ccaa7233c5f5ea28e692362df96
Warning: Cannot symlink from /home/kotoya/vs_ws/devel/.private/ur_robot_driver/lib/pkgconfig/ur_robot_driver.pc to existing file /home/kotoya/vs_ws/devel/lib/pkgconfig/ur_robot_driver.pc
Warning: Source hash: 42a2527144b3abc6db62599028919785
Warning: Dest hash: 0ecec559604d133693b37d396e4894da
Warning: Cannot symlink from /home/kotoya/vs_ws/devel/.private/ur_robot_driver/lib/ur_robot_driver/controller_stopper_node to existing file /home/kotoya/vs_ws/devel/lib/ur_robot_driver/controller_stopper_node
Warning: Source hash: 8f1ff5bb481ace530aeb0e853a023140
Warning: Dest hash: 486e2e90f2983e5076b29d9773301c2f
Warning: Cannot symlink from /home/kotoya/vs_ws/devel/.private/ur_robot_driver/lib/ur_robot_driver/dashboard_client to existing file /home/kotoya/vs_ws/devel/lib/ur_robot_driver/dashboard_client
Warning: Source hash: e804846469072d1d6aa96d8aca0dd11e
Warning: Dest hash: e105471490f0a1852ec29ee43855de2b
Warning: Cannot symlink from /home/kotoya/vs_ws/devel/.private/ur_robot_driver/lib/ur_robot_driver/test_move to existing file /home/kotoya/vs_ws/devel/lib/ur_robot_driver/test_move
Warning: Source hash: d684643151a18a8e3d9018c79bd80d3c
Warning: Dest hash: db545480843bcdd2b97787dd893bc89d
Warning: Cannot symlink from /home/kotoya/vs_ws/devel/.private/ur_robot_driver/lib/ur_robot_driver/ur_robot_driver_node to existing file /home/kotoya/vs_ws/devel/lib/ur_robot_driver/ur_robot_driver_node
Warning: Source hash: b3ace932b5637842b3ba04238b9043dd
Warning: Dest hash: 52cbdb3be5319eb0e8d1a5ed9f4144dc
Warning: Cannot symlink from /home/kotoya/vs_ws/devel/.private/ur_robot_driver/lib/ur_robot_driver/tool_communication to existing file /home/kotoya/vs_ws/devel/lib/ur_robot_driver/tool_communication
Warning: Source hash: 8eda6cfbd3aeeca8fa89a0a9168a0a40
Warning: Dest hash: 2ac7601e233359d3668c4fc0a3025beb
Warning: Cannot symlink from /home/kotoya/vs_ws/devel/.private/ur_robot_driver/lib/ur_robot_driver/robot_state_helper to existing file /home/kotoya/vs_ws/devel/lib/ur_robot_driver/robot_state_helper
Warning: Source hash: fe43d331a135ab2eb8950acb6a2c20c7
Warning: Dest hash: d45854d74ef2582f9659dade5f1926a2
Cleaning: (/home/kotoyah/vs_ws/devel/.private/ur_robot_driver/cmake.lock, /home/kotoyah/vs_ws/devel/./cmake.lock)
Cleaning: (/home/kotoyah/vs_ws/devel/.private/ur_robot_driver/share/ur_robot_driver/cmake/ur_robot_driverConfig-version.cmake, /home/kotoyah/vs_ws/devel/share/ur_robot_driver/cmake/ur_robot_driverConfig-version.cmake)
Cleaning: (/home/kotoyah/vs_ws/devel/.private/ur_robot_driver/share/ur_robot_driver/cmake/ur_robot_driverConfig.cmake, /home/kotoyah/vs_ws/devel/share/ur_robot_driver/cmake/ur_robot_driverConfig.cmake)
Cleaning: (/home/kotoyah/vs_ws/devel/.private/ur_robot_driver/lib/libur_robot_driver_plugin.so, /home/kotoyah/vs_ws/devel/lib/libur_robot_driver_plugin.so)
Cleaning: (/home/kotoyah/vs_ws/devel/.private/ur_robot_driver/lib/liburcl_log_handler.so, /home/kotoyah/vs_ws/devel/lib/liburcl_log_handler.so)
Cleaning: (/home/kotoyah/vs_ws/devel/.private/ur_robot_driver/lib/ur_robot_driver/controller_stopper_node, /home/kotoyah/vs_ws/devel/lib/ur_robot_driver/controller_stopper_node)
Cleaning: (/home/kotoyah/vs_ws/devel/.private/ur_robot_driver/lib/ur_robot_driver/test_move, /home/kotoyah/vs_ws/devel/lib/ur_robot_driver/test_move)
Cleaning: (/home/kotoyah/vs_ws/devel/.private/ur_robot_driver/lib/ur_robot_driver/tool_communication, /home/kotoyah/vs_ws/devel/lib/ur_robot_driver/tool_communication)
Cleaning: (/home/kotoyah/vs_ws/devel/.private/ur_robot_driver/lib/ur_robot_driver/cmake.lock, /home/kotoyah/vs_ws/devel/lib/ur_robot_driver/cmake.lock)
Cleaning: (/home/kotoyah/vs_ws/devel/.private/ur_robot_driver/lib/ur_robot_driver/robot_state_helper, /home/kotoyah/vs_ws/devel/lib/ur_robot_driver/robot_state_helper)
Cleaning: (/home/kotoyah/vs_ws/devel/.private/ur_robot_driver/lib/ur_robot_driver/dashboard_client, /home/kotoyah/vs_ws/devel/lib/ur_robot_driver/dashboard_client)
Cleaning: (/home/kotoyah/vs_ws/devel/.private/ur_robot_driver/lib/ur_robot_driver/ur_robot_driver_node, /home/kotoyah/vs_ws/devel/lib/ur_robot_driver/ur_robot_driver_node)
Cleaning: (/home/kotoyah/vs_ws/devel/.private/ur_robot_driver/lib/pkgconfig/ur_robot_driver.pc, /home/kotoyah/vs_ws/devel/lib/pkgconfig/ur_robot_driver.pc)
Unlinking: /home/kotoyah/vs_ws/devel/share/ur_robot_driver/cmake/ur_robot_driverConfig-version.cmake
Already unlinked: {}
Unlinking: /home/kotoyah/vs_ws/devel/share/ur_robot_driver/cmake/ur_robot_driverConfig.cmake
Already unlinked: {}
Unlinking: /home/kotoyah/vs_ws/devel/lib/libur_robot_driver_plugin.so
Already unlinked: {}
Unlinking: /home/kotoyah/vs_ws/devel/lib/liburcl_log_handler.so
Already unlinked: {}
Unlinking: /home/kotoyah/vs_ws/devel/lib/ur_robot_driver/controller_stopper_node
Already unlinked: {}
Unlinking: /home/kotoyah/vs_ws/devel/lib/ur_robot_driver/test_move
Already unlinked: {}
Unlinking: /home/kotoyah/vs_ws/devel/lib/ur_robot_driver/tool_communication
Already unlinked: {}
Unlinking: /home/kotoyah/vs_ws/devel/lib/ur_robot_driver/cmake.lock
Already unlinked: {}
Unlinking: /home/kotoyah/vs_ws/devel/lib/ur_robot_driver/robot_state_helper
Already unlinked: {}
Unlinking: /home/kotoyah/vs_ws/devel/lib/ur_robot_driver/dashboard_client
Already unlinked: {}
Unlinking: /home/kotoyah/vs_ws/devel/lib/ur_robot_driver/ur_robot_driver_node
Already unlinked: {}
Unlinking: /home/kotoyah/vs_ws/devel/lib/pkgconfig/ur_robot_driver.pc
Already unlinked: {}
